[ 2017-01-21T14:41:25+08:00 ] ::1 /gamefactory/
INFO: [ app_init ] --START--
INFO: Run Behavior\BuildLiteBehavior [ RunTime:0.000039s ]
INFO: [ app_init ] --END-- [ RunTime:0.001358s ]
INFO: [ app_begin ] --START--
INFO: Run Behavior\ReadHtmlCacheBehavior [ RunTime:0.002662s ]
INFO: [ app_begin ] --END-- [ RunTime:0.002958s ]
INFO: [ view_parse ] --START--
INFO: [ template_filter ] --START--
INFO: Run Behavior\ContentReplaceBehavior [ RunTime:0.000163s ]
INFO: [ template_filter ] --END-- [ RunTime:0.000538s ]
INFO: Run Behavior\ParseTemplateBehavior [ RunTime:0.022816s ]
INFO: [ view_parse ] --END-- [ RunTime:0.023118s ]
INFO: [ view_filter ] --START--
INFO: Run Behavior\WriteHtmlCacheBehavior [ RunTime:0.002218s ]
INFO: [ view_filter ] --END-- [ RunTime:0.002477s ]
INFO: [ app_end ] --START--
INFO: Run Behavior\ShowPageTraceBehavior [ RunTime:0.002722s ]
INFO: [ app_end ] --END-- [ RunTime:0.003078s ]

[ 2017-01-21T14:41:30+08:00 ] ::1 /gamefactory/index.php/home/index/do_login
INFO: [ app_init ] --START--
INFO: Run Behavior\BuildLiteBehavior [ RunTime:0.000026s ]
INFO: [ app_init ] --END-- [ RunTime:0.000599s ]
INFO: [ app_begin ] --START--
INFO: Run Behavior\ReadHtmlCacheBehavior [ RunTime:0.000826s ]
INFO: [ app_begin ] --END-- [ RunTime:0.000942s ]
SQL: SHOW COLUMNS FROM `adminer` [ RunTime:0.0104s ]
NOTIC: [8] Undefined index: auto C:\wamp\www\gamefactory\ThinkPHP\Library\Think\Model.class.php 第 1128 行.
SQL: SELECT * FROM `adminer` WHERE `username` = 'admin' AND `password` = '21232f297a57a5a743894a0e4a801fc3' LIMIT 1   [ RunTime:0.0004s ]
INFO: [ view_parse ] --START--
INFO: [ template_filter ] --START--
INFO: Run Behavior\ContentReplaceBehavior [ RunTime:0.000076s ]
INFO: [ template_filter ] --END-- [ RunTime:0.000199s ]
INFO: Run Behavior\ParseTemplateBehavior [ RunTime:0.007850s ]
INFO: [ view_parse ] --END-- [ RunTime:0.008058s ]
INFO: [ view_filter ] --START--
INFO: Run Behavior\WriteHtmlCacheBehavior [ RunTime:0.001061s ]
INFO: [ view_filter ] --END-- [ RunTime:0.001232s ]
INFO: [ app_end ] --START--
INFO: Run Behavior\ShowPageTraceBehavior [ RunTime:0.000873s ]
INFO: [ app_end ] --END-- [ RunTime:0.000985s ]

[ 2017-01-21T14:41:31+08:00 ] ::1 /gamefactory/index.php/home/front/index
INFO: [ app_init ] --START--
INFO: Run Behavior\BuildLiteBehavior [ RunTime:0.000083s ]
INFO: [ app_init ] --END-- [ RunTime:0.001820s ]
INFO: [ app_begin ] --START--
INFO: Run Behavior\ReadHtmlCacheBehavior [ RunTime:0.003274s ]
INFO: [ app_begin ] --END-- [ RunTime:0.003813s ]
SQL: SHOW COLUMNS FROM `channel_statistics` [ RunTime:0.0185s ]
SQL: SELECT COUNT(*) AS tp_count FROM `channel_statistics` LIMIT 1   [ RunTime:0.0011s ]
SQL: SELECT * FROM `channel_statistics` WHERE `create_time` = 1484928000 ORDER BY id desc LIMIT 0,15   [ RunTime:0.0186s ]
SQL: SELECT * FROM `channel_statistics` WHERE ( create_time=1484841600 )  [ RunTime:0.0020s ]
SQL: SELECT * FROM `channel_statistics` WHERE ( create_time=1484928000 )  [ RunTime:0.0023s ]
NOTIC: [2] Division by zero C:\wamp\www\gamefactory\Application\Home\Controller\FrontController.class.php 第 66 行.
NOTIC: [2] Division by zero C:\wamp\www\gamefactory\Application\Home\Controller\FrontController.class.php 第 67 行.
NOTIC: [2] Division by zero C:\wamp\www\gamefactory\Application\Home\Controller\FrontController.class.php 第 69 行.
NOTIC: [2] Division by zero C:\wamp\www\gamefactory\Application\Home\Controller\FrontController.class.php 第 70 行.
SQL: SHOW COLUMNS FROM `month` [ RunTime:0.0195s ]
SQL: SELECT * FROM `month`  [ RunTime:0.0010s ]
SQL: SHOW COLUMNS FROM `day` [ RunTime:0.0213s ]
SQL: SELECT * FROM `day` WHERE `month` = 1  [ RunTime:0.0014s ]
INFO: [ view_parse ] --START--
INFO: [ template_filter ] --START--
INFO: Run Behavior\ContentReplaceBehavior [ RunTime:0.000533s ]
INFO: [ template_filter ] --END-- [ RunTime:0.000933s ]
NOTIC: [8] Undefined variable: Think C:\wamp\www\gamefactory\Application\Runtime\Cache\Home\ceb1297804ba15edd6883bc7692a18ac.php 第 45 行.
NOTIC: [8] Use of undefined constant Front - assumed 'Front' C:\wamp\www\gamefactory\Application\Runtime\Cache\Home\ceb1297804ba15edd6883bc7692a18ac.php 第 45 行.
NOTIC: [8] Undefined variable: Think C:\wamp\www\gamefactory\Application\Runtime\Cache\Home\ceb1297804ba15edd6883bc7692a18ac.php 第 48 行.
NOTIC: [8] Use of undefined constant Game - assumed 'Game' C:\wamp\www\gamefactory\Application\Runtime\Cache\Home\ceb1297804ba15edd6883bc7692a18ac.php 第 48 行.
NOTIC: [8] Undefined variable: Think C:\wamp\www\gamefactory\Application\Runtime\Cache\Home\ceb1297804ba15edd6883bc7692a18ac.php 第 51 行.
NOTIC: [8] Use of undefined constant Channel - assumed 'Channel' C:\wamp\www\gamefactory\Application\Runtime\Cache\Home\ceb1297804ba15edd6883bc7692a18ac.php 第 51 行.
NOTIC: [8] Undefined variable: Think C:\wamp\www\gamefactory\Application\Runtime\Cache\Home\ceb1297804ba15edd6883bc7692a18ac.php 第 54 行.
NOTIC: [8] Use of undefined constant Sp - assumed 'Sp' C:\wamp\www\gamefactory\Application\Runtime\Cache\Home\ceb1297804ba15edd6883bc7692a18ac.php 第 54 行.
NOTIC: [8] Undefined variable: Think C:\wamp\www\gamefactory\Application\Runtime\Cache\Home\ceb1297804ba15edd6883bc7692a18ac.php 第 57 行.
NOTIC: [8] Use of undefined constant Sp - assumed 'Sp' C:\wamp\www\gamefactory\Application\Runtime\Cache\Home\ceb1297804ba15edd6883bc7692a18ac.php 第 57 行.
NOTIC: [8] Undefined variable: Think C:\wamp\www\gamefactory\Application\Runtime\Cache\Home\ceb1297804ba15edd6883bc7692a18ac.php 第 60 行.
NOTIC: [8] Use of undefined constant Sp - assumed 'Sp' C:\wamp\www\gamefactory\Application\Runtime\Cache\Home\ceb1297804ba15edd6883bc7692a18ac.php 第 60 行.
NOTIC: [8] Undefined variable: Think C:\wamp\www\gamefactory\Application\Runtime\Cache\Home\ceb1297804ba15edd6883bc7692a18ac.php 第 63 行.
NOTIC: [8] Use of undefined constant Sp - assumed 'Sp' C:\wamp\www\gamefactory\Application\Runtime\Cache\Home\ceb1297804ba15edd6883bc7692a18ac.php 第 63 行.
NOTIC: [8] Undefined variable: Think C:\wamp\www\gamefactory\Application\Runtime\Cache\Home\ceb1297804ba15edd6883bc7692a18ac.php 第 68 行.
NOTIC: [8] Use of undefined constant Province - assumed 'Province' C:\wamp\www\gamefactory\Application\Runtime\Cache\Home\ceb1297804ba15edd6883bc7692a18ac.php 第 68 行.
NOTIC: [8] Undefined variable: Think C:\wamp\www\gamefactory\Application\Runtime\Cache\Home\ceb1297804ba15edd6883bc7692a18ac.php 第 71 行.
NOTIC: [8] Use of undefined constant Package - assumed 'Package' C:\wamp\www\gamefactory\Application\Runtime\Cache\Home\ceb1297804ba15edd6883bc7692a18ac.php 第 71 行.
NOTIC: [8] Undefined variable: Think C:\wamp\www\gamefactory\Application\Runtime\Cache\Home\ceb1297804ba15edd6883bc7692a18ac.php 第 74 行.
NOTIC: [8] Use of undefined constant Log - assumed 'Log' C:\wamp\www\gamefactory\Application\Runtime\Cache\Home\ceb1297804ba15edd6883bc7692a18ac.php 第 74 行.
NOTIC: [8] Undefined variable: Think C:\wamp\www\gamefactory\Application\Runtime\Cache\Home\ceb1297804ba15edd6883bc7692a18ac.php 第 77 行.
NOTIC: [8] Use of undefined constant Install - assumed 'Install' C:\wamp\www\gamefactory\Application\Runtime\Cache\Home\ceb1297804ba15edd6883bc7692a18ac.php 第 77 行.
NOTIC: [8] Undefined variable: Think C:\wamp\www\gamefactory\Application\Runtime\Cache\Home\ceb1297804ba15edd6883bc7692a18ac.php 第 80 行.
NOTIC: [8] Use of undefined constant Andriodss - assumed 'Andriodss' C:\wamp\www\gamefactory\Application\Runtime\Cache\Home\ceb1297804ba15edd6883bc7692a18ac.php 第 80 行.
NOTIC: [8] Undefined variable: Think C:\wamp\www\gamefactory\Application\Runtime\Cache\Home\ceb1297804ba15edd6883bc7692a18ac.php 第 83 行.
NOTIC: [8] Use of undefined constant Order - assumed 'Order' C:\wamp\www\gamefactory\Application\Runtime\Cache\Home\ceb1297804ba15edd6883bc7692a18ac.php 第 83 行.
INFO: Run Behavior\ParseTemplateBehavior [ RunTime:0.081347s ]
INFO: [ view_parse ] --END-- [ RunTime:0.081753s ]
INFO: [ view_filter ] --START--
INFO: Run Behavior\WriteHtmlCacheBehavior [ RunTime:0.002377s ]
INFO: [ view_filter ] --END-- [ RunTime:0.002756s ]
INFO: [ app_end ] --START--
INFO: Run Behavior\ShowPageTraceBehavior [ RunTime:0.004149s ]
INFO: [ app_end ] --END-- [ RunTime:0.004745s ]

[ 2017-01-21T14:41:32+08:00 ] ::1 /gamefactory/index.php/home/front/index
INFO: [ app_init ] --START--
INFO: Run Behavior\BuildLiteBehavior [ RunTime:0.000046s ]
INFO: [ app_init ] --END-- [ RunTime:0.000870s ]
INFO: [ app_begin ] --START--
INFO: Run Behavior\ReadHtmlCacheBehavior [ RunTime:0.000893s ]
INFO: [ app_begin ] --END-- [ RunTime:0.001014s ]
SQL: SHOW COLUMNS FROM `channel_statistics` [ RunTime:0.0055s ]
SQL: SELECT COUNT(*) AS tp_count FROM `channel_statistics` LIMIT 1   [ RunTime:0.0004s ]
SQL: SELECT * FROM `channel_statistics` WHERE `create_time` = 1484928000 ORDER BY id desc LIMIT 0,15   [ RunTime:0.0043s ]
SQL: SELECT * FROM `channel_statistics` WHERE ( create_time=1484841600 )  [ RunTime:0.0008s ]
SQL: SELECT * FROM `channel_statistics` WHERE ( create_time=1484928000 )  [ RunTime:0.0007s ]
NOTIC: [2] Division by zero C:\wamp\www\gamefactory\Application\Home\Controller\FrontController.class.php 第 66 行.
NOTIC: [2] Division by zero C:\wamp\www\gamefactory\Application\Home\Controller\FrontController.class.php 第 67 行.
NOTIC: [2] Division by zero C:\wamp\www\gamefactory\Application\Home\Controller\FrontController.class.php 第 69 行.
NOTIC: [2] Division by zero C:\wamp\www\gamefactory\Application\Home\Controller\FrontController.class.php 第 70 行.
SQL: SHOW COLUMNS FROM `month` [ RunTime:0.0048s ]
SQL: SELECT * FROM `month`  [ RunTime:0.0006s ]
SQL: SHOW COLUMNS FROM `day` [ RunTime:0.0043s ]
SQL: SELECT * FROM `day` WHERE `month` = 1  [ RunTime:0.0005s ]
INFO: [ view_parse ] --START--
INFO: [ template_filter ] --START--
INFO: Run Behavior\ContentReplaceBehavior [ RunTime:0.000232s ]
INFO: [ template_filter ] --END-- [ RunTime:0.000356s ]
NOTIC: [8] Undefined variable: Think C:\wamp\www\gamefactory\Application\Runtime\Cache\Home\ceb1297804ba15edd6883bc7692a18ac.php 第 45 行.
NOTIC: [8] Use of undefined constant Front - assumed 'Front' C:\wamp\www\gamefactory\Application\Runtime\Cache\Home\ceb1297804ba15edd6883bc7692a18ac.php 第 45 行.
NOTIC: [8] Undefined variable: Think C:\wamp\www\gamefactory\Application\Runtime\Cache\Home\ceb1297804ba15edd6883bc7692a18ac.php 第 48 行.
NOTIC: [8] Use of undefined constant Game - assumed 'Game' C:\wamp\www\gamefactory\Application\Runtime\Cache\Home\ceb1297804ba15edd6883bc7692a18ac.php 第 48 行.
NOTIC: [8] Undefined variable: Think C:\wamp\www\gamefactory\Application\Runtime\Cache\Home\ceb1297804ba15edd6883bc7692a18ac.php 第 51 行.
NOTIC: [8] Use of undefined constant Channel - assumed 'Channel' C:\wamp\www\gamefactory\Application\Runtime\Cache\Home\ceb1297804ba15edd6883bc7692a18ac.php 第 51 行.
NOTIC: [8] Undefined variable: Think C:\wamp\www\gamefactory\Application\Runtime\Cache\Home\ceb1297804ba15edd6883bc7692a18ac.php 第 54 行.
NOTIC: [8] Use of undefined constant Sp - assumed 'Sp' C:\wamp\www\gamefactory\Application\Runtime\Cache\Home\ceb1297804ba15edd6883bc7692a18ac.php 第 54 行.
NOTIC: [8] Undefined variable: Think C:\wamp\www\gamefactory\Application\Runtime\Cache\Home\ceb1297804ba15edd6883bc7692a18ac.php 第 57 行.
NOTIC: [8] Use of undefined constant Sp - assumed 'Sp' C:\wamp\www\gamefactory\Application\Runtime\Cache\Home\ceb1297804ba15edd6883bc7692a18ac.php 第 57 行.
NOTIC: [8] Undefined variable: Think C:\wamp\www\gamefactory\Application\Runtime\Cache\Home\ceb1297804ba15edd6883bc7692a18ac.php 第 60 行.
NOTIC: [8] Use of undefined constant Sp - assumed 'Sp' C:\wamp\www\gamefactory\Application\Runtime\Cache\Home\ceb1297804ba15edd6883bc7692a18ac.php 第 60 行.
NOTIC: [8] Undefined variable: Think C:\wamp\www\gamefactory\Application\Runtime\Cache\Home\ceb1297804ba15edd6883bc7692a18ac.php 第 63 行.
NOTIC: [8] Use of undefined constant Sp - assumed 'Sp' C:\wamp\www\gamefactory\Application\Runtime\Cache\Home\ceb1297804ba15edd6883bc7692a18ac.php 第 63 行.
NOTIC: [8] Undefined variable: Think C:\wamp\www\gamefactory\Application\Runtime\Cache\Home\ceb1297804ba15edd6883bc7692a18ac.php 第 68 行.
NOTIC: [8] Use of undefined constant Province - assumed 'Province' C:\wamp\www\gamefactory\Application\Runtime\Cache\Home\ceb1297804ba15edd6883bc7692a18ac.php 第 68 行.
NOTIC: [8] Undefined variable: Think C:\wamp\www\gamefactory\Application\Runtime\Cache\Home\ceb1297804ba15edd6883bc7692a18ac.php 第 71 行.
NOTIC: [8] Use of undefined constant Package - assumed 'Package' C:\wamp\www\gamefactory\Application\Runtime\Cache\Home\ceb1297804ba15edd6883bc7692a18ac.php 第 71 行.
NOTIC: [8] Undefined variable: Think C:\wamp\www\gamefactory\Application\Runtime\Cache\Home\ceb1297804ba15edd6883bc7692a18ac.php 第 74 行.
NOTIC: [8] Use of undefined constant Log - assumed 'Log' C:\wamp\www\gamefactory\Application\Runtime\Cache\Home\ceb1297804ba15edd6883bc7692a18ac.php 第 74 行.
NOTIC: [8] Undefined variable: Think C:\wamp\www\gamefactory\Application\Runtime\Cache\Home\ceb1297804ba15edd6883bc7692a18ac.php 第 77 行.
NOTIC: [8] Use of undefined constant Install - assumed 'Install' C:\wamp\www\gamefactory\Application\Runtime\Cache\Home\ceb1297804ba15edd6883bc7692a18ac.php 第 77 行.
NOTIC: [8] Undefined variable: Think C:\wamp\www\gamefactory\Application\Runtime\Cache\Home\ceb1297804ba15edd6883bc7692a18ac.php 第 80 行.
NOTIC: [8] Use of undefined constant Andriodss - assumed 'Andriodss' C:\wamp\www\gamefactory\Application\Runtime\Cache\Home\ceb1297804ba15edd6883bc7692a18ac.php 第 80 行.
NOTIC: [8] Undefined variable: Think C:\wamp\www\gamefactory\Application\Runtime\Cache\Home\ceb1297804ba15edd6883bc7692a18ac.php 第 83 行.
NOTIC: [8] Use of undefined constant Order - assumed 'Order' C:\wamp\www\gamefactory\Application\Runtime\Cache\Home\ceb1297804ba15edd6883bc7692a18ac.php 第 83 行.
INFO: Run Behavior\ParseTemplateBehavior [ RunTime:0.027875s ]
INFO: [ view_parse ] --END-- [ RunTime:0.027986s ]
INFO: [ view_filter ] --START--
INFO: Run Behavior\WriteHtmlCacheBehavior [ RunTime:0.000824s ]
INFO: [ view_filter ] --END-- [ RunTime:0.000923s ]
INFO: [ app_end ] --START--
INFO: Run Behavior\ShowPageTraceBehavior [ RunTime:0.001227s ]
INFO: [ app_end ] --END-- [ RunTime:0.001387s ]

[ 2017-01-21T14:41:32+08:00 ] ::1 /gamefactory/index.php/home/front/index
INFO: [ app_init ] --START--
INFO: Run Behavior\BuildLiteBehavior [ RunTime:0.000027s ]
INFO: [ app_init ] --END-- [ RunTime:0.000607s ]
INFO: [ app_begin ] --START--
INFO: Run Behavior\ReadHtmlCacheBehavior [ RunTime:0.000907s ]
INFO: [ app_begin ] --END-- [ RunTime:0.001003s ]
SQL: SHOW COLUMNS FROM `channel_statistics` [ RunTime:0.0053s ]
SQL: SELECT COUNT(*) AS tp_count FROM `channel_statistics` LIMIT 1   [ RunTime:0.0003s ]
SQL: SELECT * FROM `channel_statistics` WHERE `create_time` = 1484928000 ORDER BY id desc LIMIT 0,15   [ RunTime:0.0041s ]
SQL: SELECT * FROM `channel_statistics` WHERE ( create_time=1484841600 )  [ RunTime:0.0007s ]
SQL: SELECT * FROM `channel_statistics` WHERE ( create_time=1484928000 )  [ RunTime:0.0008s ]
NOTIC: [2] Division by zero C:\wamp\www\gamefactory\Application\Home\Controller\FrontController.class.php 第 66 行.
NOTIC: [2] Division by zero C:\wamp\www\gamefactory\Application\Home\Controller\FrontController.class.php 第 67 行.
NOTIC: [2] Division by zero C:\wamp\www\gamefactory\Application\Home\Controller\FrontController.class.php 第 69 行.
NOTIC: [2] Division by zero C:\wamp\www\gamefactory\Application\Home\Controller\FrontController.class.php 第 70 行.
SQL: SHOW COLUMNS FROM `month` [ RunTime:0.0042s ]
SQL: SELECT * FROM `month`  [ RunTime:0.0003s ]
SQL: SHOW COLUMNS FROM `day` [ RunTime:0.0038s ]
SQL: SELECT * FROM `day` WHERE `month` = 1  [ RunTime:0.0006s ]
INFO: [ view_parse ] --START--
INFO: [ template_filter ] --START--
INFO: Run Behavior\ContentReplaceBehavior [ RunTime:0.000297s ]
INFO: [ template_filter ] --END-- [ RunTime:0.000492s ]
NOTIC: [8] Undefined variable: Think C:\wamp\www\gamefactory\Application\Runtime\Cache\Home\ceb1297804ba15edd6883bc7692a18ac.php 第 45 行.
NOTIC: [8] Use of undefined constant Front - assumed 'Front' C:\wamp\www\gamefactory\Application\Runtime\Cache\Home\ceb1297804ba15edd6883bc7692a18ac.php 第 45 行.
NOTIC: [8] Undefined variable: Think C:\wamp\www\gamefactory\Application\Runtime\Cache\Home\ceb1297804ba15edd6883bc7692a18ac.php 第 48 行.
NOTIC: [8] Use of undefined constant Game - assumed 'Game' C:\wamp\www\gamefactory\Application\Runtime\Cache\Home\ceb1297804ba15edd6883bc7692a18ac.php 第 48 行.
NOTIC: [8] Undefined variable: Think C:\wamp\www\gamefactory\Application\Runtime\Cache\Home\ceb1297804ba15edd6883bc7692a18ac.php 第 51 行.
NOTIC: [8] Use of undefined constant Channel - assumed 'Channel' C:\wamp\www\gamefactory\Application\Runtime\Cache\Home\ceb1297804ba15edd6883bc7692a18ac.php 第 51 行.
NOTIC: [8] Undefined variable: Think C:\wamp\www\gamefactory\Application\Runtime\Cache\Home\ceb1297804ba15edd6883bc7692a18ac.php 第 54 行.
NOTIC: [8] Use of undefined constant Sp - assumed 'Sp' C:\wamp\www\gamefactory\Application\Runtime\Cache\Home\ceb1297804ba15edd6883bc7692a18ac.php 第 54 行.
NOTIC: [8] Undefined variable: Think C:\wamp\www\gamefactory\Application\Runtime\Cache\Home\ceb1297804ba15edd6883bc7692a18ac.php 第 57 行.
NOTIC: [8] Use of undefined constant Sp - assumed 'Sp' C:\wamp\www\gamefactory\Application\Runtime\Cache\Home\ceb1297804ba15edd6883bc7692a18ac.php 第 57 行.
NOTIC: [8] Undefined variable: Think C:\wamp\www\gamefactory\Application\Runtime\Cache\Home\ceb1297804ba15edd6883bc7692a18ac.php 第 60 行.
NOTIC: [8] Use of undefined constant Sp - assumed 'Sp' C:\wamp\www\gamefactory\Application\Runtime\Cache\Home\ceb1297804ba15edd6883bc7692a18ac.php 第 60 行.
NOTIC: [8] Undefined variable: Think C:\wamp\www\gamefactory\Application\Runtime\Cache\Home\ceb1297804ba15edd6883bc7692a18ac.php 第 63 行.
NOTIC: [8] Use of undefined constant Sp - assumed 'Sp' C:\wamp\www\gamefactory\Application\Runtime\Cache\Home\ceb1297804ba15edd6883bc7692a18ac.php 第 63 行.
NOTIC: [8] Undefined variable: Think C:\wamp\www\gamefactory\Application\Runtime\Cache\Home\ceb1297804ba15edd6883bc7692a18ac.php 第 68 行.
NOTIC: [8] Use of undefined constant Province - assumed 'Province' C:\wamp\www\gamefactory\Application\Runtime\Cache\Home\ceb1297804ba15edd6883bc7692a18ac.php 第 68 行.
NOTIC: [8] Undefined variable: Think C:\wamp\www\gamefactory\Application\Runtime\Cache\Home\ceb1297804ba15edd6883bc7692a18ac.php 第 71 行.
NOTIC: [8] Use of undefined constant Package - assumed 'Package' C:\wamp\www\gamefactory\Application\Runtime\Cache\Home\ceb1297804ba15edd6883bc7692a18ac.php 第 71 行.
NOTIC: [8] Undefined variable: Think C:\wamp\www\gamefactory\Application\Runtime\Cache\Home\ceb1297804ba15edd6883bc7692a18ac.php 第 74 行.
NOTIC: [8] Use of undefined constant Log - assumed 'Log' C:\wamp\www\gamefactory\Application\Runtime\Cache\Home\ceb1297804ba15edd6883bc7692a18ac.php 第 74 行.
NOTIC: [8] Undefined variable: Think C:\wamp\www\gamefactory\Application\Runtime\Cache\Home\ceb1297804ba15edd6883bc7692a18ac.php 第 77 行.
NOTIC: [8] Use of undefined constant Install - assumed 'Install' C:\wamp\www\gamefactory\Application\Runtime\Cache\Home\ceb1297804ba15edd6883bc7692a18ac.php 第 77 行.
NOTIC: [8] Undefined variable: Think C:\wamp\www\gamefactory\Application\Runtime\Cache\Home\ceb1297804ba15edd6883bc7692a18ac.php 第 80 行.
NOTIC: [8] Use of undefined constant Andriodss - assumed 'Andriodss' C:\wamp\www\gamefactory\Application\Runtime\Cache\Home\ceb1297804ba15edd6883bc7692a18ac.php 第 80 行.
NOTIC: [8] Undefined variable: Think C:\wamp\www\gamefactory\Application\Runtime\Cache\Home\ceb1297804ba15edd6883bc7692a18ac.php 第 83 行.
NOTIC: [8] Use of undefined constant Order - assumed 'Order' C:\wamp\www\gamefactory\Application\Runtime\Cache\Home\ceb1297804ba15edd6883bc7692a18ac.php 第 83 行.
INFO: Run Behavior\ParseTemplateBehavior [ RunTime:0.024990s ]
INFO: [ view_parse ] --END-- [ RunTime:0.025111s ]
INFO: [ view_filter ] --START--
INFO: Run Behavior\WriteHtmlCacheBehavior [ RunTime:0.000750s ]
INFO: [ view_filter ] --END-- [ RunTime:0.000836s ]
INFO: [ app_end ] --START--
INFO: Run Behavior\ShowPageTraceBehavior [ RunTime:0.000970s ]
INFO: [ app_end ] --END-- [ RunTime:0.001086s ]

[ 2017-01-21T14:41:34+08:00 ] ::1 /gamefactory/index.php/home/Channel/index
INFO: [ app_init ] --START--
INFO: Run Behavior\BuildLiteBehavior [ RunTime:0.000089s ]
INFO: [ app_init ] --END-- [ RunTime:0.002277s ]
INFO: [ app_begin ] --START--
INFO: Run Behavior\ReadHtmlCacheBehavior [ RunTime:0.002908s ]
INFO: [ app_begin ] --END-- [ RunTime:0.003313s ]
SQL: SHOW COLUMNS FROM `channel` [ RunTime:0.0208s ]
SQL: SELECT * FROM `channel`  [ RunTime:0.0012s ]
INFO: [ view_parse ] --START--
INFO: [ template_filter ] --START--
INFO: Run Behavior\ContentReplaceBehavior [ RunTime:0.000289s ]
INFO: [ template_filter ] --END-- [ RunTime:0.000541s ]
NOTIC: [8] Undefined variable: Think C:\wamp\www\gamefactory\Application\Runtime\Cache\Home\64128101ac7c6d7731325d03e38ce490.php 第 45 行.
NOTIC: [8] Use of undefined constant Front - assumed 'Front' C:\wamp\www\gamefactory\Application\Runtime\Cache\Home\64128101ac7c6d7731325d03e38ce490.php 第 45 行.
NOTIC: [8] Undefined variable: Think C:\wamp\www\gamefactory\Application\Runtime\Cache\Home\64128101ac7c6d7731325d03e38ce490.php 第 48 行.
NOTIC: [8] Use of undefined constant Game - assumed 'Game' C:\wamp\www\gamefactory\Application\Runtime\Cache\Home\64128101ac7c6d7731325d03e38ce490.php 第 48 行.
NOTIC: [8] Undefined variable: Think C:\wamp\www\gamefactory\Application\Runtime\Cache\Home\64128101ac7c6d7731325d03e38ce490.php 第 51 行.
NOTIC: [8] Use of undefined constant Channel - assumed 'Channel' C:\wamp\www\gamefactory\Application\Runtime\Cache\Home\64128101ac7c6d7731325d03e38ce490.php 第 51 行.
NOTIC: [8] Undefined variable: Think C:\wamp\www\gamefactory\Application\Runtime\Cache\Home\64128101ac7c6d7731325d03e38ce490.php 第 54 行.
NOTIC: [8] Use of undefined constant Sp - assumed 'Sp' C:\wamp\www\gamefactory\Application\Runtime\Cache\Home\64128101ac7c6d7731325d03e38ce490.php 第 54 行.
NOTIC: [8] Undefined variable: Think C:\wamp\www\gamefactory\Application\Runtime\Cache\Home\64128101ac7c6d7731325d03e38ce490.php 第 57 行.
NOTIC: [8] Use of undefined constant Sp - assumed 'Sp' C:\wamp\www\gamefactory\Application\Runtime\Cache\Home\64128101ac7c6d7731325d03e38ce490.php 第 57 行.
NOTIC: [8] Undefined variable: Think C:\wamp\www\gamefactory\Application\Runtime\Cache\Home\64128101ac7c6d7731325d03e38ce490.php 第 60 行.
NOTIC: [8] Use of undefined constant Sp - assumed 'Sp' C:\wamp\www\gamefactory\Application\Runtime\Cache\Home\64128101ac7c6d7731325d03e38ce490.php 第 60 行.
NOTIC: [8] Undefined variable: Think C:\wamp\www\gamefactory\Application\Runtime\Cache\Home\64128101ac7c6d7731325d03e38ce490.php 第 63 行.
NOTIC: [8] Use of undefined constant Sp - assumed 'Sp' C:\wamp\www\gamefactory\Application\Runtime\Cache\Home\64128101ac7c6d7731325d03e38ce490.php 第 63 行.
NOTIC: [8] Undefined variable: Think C:\wamp\www\gamefactory\Application\Runtime\Cache\Home\64128101ac7c6d7731325d03e38ce490.php 第 68 行.
NOTIC: [8] Use of undefined constant Province - assumed 'Province' C:\wamp\www\gamefactory\Application\Runtime\Cache\Home\64128101ac7c6d7731325d03e38ce490.php 第 68 行.
NOTIC: [8] Undefined variable: Think C:\wamp\www\gamefactory\Application\Runtime\Cache\Home\64128101ac7c6d7731325d03e38ce490.php 第 71 行.
NOTIC: [8] Use of undefined constant Package - assumed 'Package' C:\wamp\www\gamefactory\Application\Runtime\Cache\Home\64128101ac7c6d7731325d03e38ce490.php 第 71 行.
NOTIC: [8] Undefined variable: Think C:\wamp\www\gamefactory\Application\Runtime\Cache\Home\64128101ac7c6d7731325d03e38ce490.php 第 74 行.
NOTIC: [8] Use of undefined constant Log - assumed 'Log' C:\wamp\www\gamefactory\Application\Runtime\Cache\Home\64128101ac7c6d7731325d03e38ce490.php 第 74 行.
NOTIC: [8] Undefined variable: Think C:\wamp\www\gamefactory\Application\Runtime\Cache\Home\64128101ac7c6d7731325d03e38ce490.php 第 77 行.
NOTIC: [8] Use of undefined constant Install - assumed 'Install' C:\wamp\www\gamefactory\Application\Runtime\Cache\Home\64128101ac7c6d7731325d03e38ce490.php 第 77 行.
NOTIC: [8] Undefined variable: Think C:\wamp\www\gamefactory\Application\Runtime\Cache\Home\64128101ac7c6d7731325d03e38ce490.php 第 80 行.
NOTIC: [8] Use of undefined constant Andriodss - assumed 'Andriodss' C:\wamp\www\gamefactory\Application\Runtime\Cache\Home\64128101ac7c6d7731325d03e38ce490.php 第 80 行.
NOTIC: [8] Undefined variable: Think C:\wamp\www\gamefactory\Application\Runtime\Cache\Home\64128101ac7c6d7731325d03e38ce490.php 第 83 行.
NOTIC: [8] Use of undefined constant Order - assumed 'Order' C:\wamp\www\gamefactory\Application\Runtime\Cache\Home\64128101ac7c6d7731325d03e38ce490.php 第 83 行.
INFO: Run Behavior\ParseTemplateBehavior [ RunTime:0.055468s ]
INFO: [ view_parse ] --END-- [ RunTime:0.055797s ]
INFO: [ view_filter ] --START--
INFO: Run Behavior\WriteHtmlCacheBehavior [ RunTime:0.001541s ]
INFO: [ view_filter ] --END-- [ RunTime:0.001775s ]
INFO: [ app_end ] --START--
INFO: Run Behavior\ShowPageTraceBehavior [ RunTime:0.002114s ]
INFO: [ app_end ] --END-- [ RunTime:0.002483s ]

[ 2017-01-21T14:41:36+08:00 ] ::1 /gamefactory/index.php/home/Game/index
INFO: [ app_init ] --START--
INFO: Run Behavior\BuildLiteBehavior [ RunTime:0.000055s ]
INFO: [ app_init ] --END-- [ RunTime:0.001204s ]
INFO: [ app_begin ] --START--
INFO: Run Behavior\ReadHtmlCacheBehavior [ RunTime:0.001712s ]
INFO: [ app_begin ] --END-- [ RunTime:0.001958s ]
SQL: SHOW COLUMNS FROM `game` [ RunTime:0.0153s ]
SQL: SELECT * FROM `game`  [ RunTime:0.0007s ]
INFO: [ view_parse ] --START--
INFO: [ template_filter ] --START--
INFO: Run Behavior\ContentReplaceBehavior [ RunTime:0.000302s ]
INFO: [ template_filter ] --END-- [ RunTime:0.000550s ]
NOTIC: [8] Undefined variable: Think C:\wamp\www\gamefactory\Application\Runtime\Cache\Home\4c57ad2e242d7e665199d050c93624b1.php 第 45 行.
NOTIC: [8] Use of undefined constant Front - assumed 'Front' C:\wamp\www\gamefactory\Application\Runtime\Cache\Home\4c57ad2e242d7e665199d050c93624b1.php 第 45 行.
NOTIC: [8] Undefined variable: Think C:\wamp\www\gamefactory\Application\Runtime\Cache\Home\4c57ad2e242d7e665199d050c93624b1.php 第 48 行.
NOTIC: [8] Use of undefined constant Game - assumed 'Game' C:\wamp\www\gamefactory\Application\Runtime\Cache\Home\4c57ad2e242d7e665199d050c93624b1.php 第 48 行.
NOTIC: [8] Undefined variable: Think C:\wamp\www\gamefactory\Application\Runtime\Cache\Home\4c57ad2e242d7e665199d050c93624b1.php 第 51 行.
NOTIC: [8] Use of undefined constant Channel - assumed 'Channel' C:\wamp\www\gamefactory\Application\Runtime\Cache\Home\4c57ad2e242d7e665199d050c93624b1.php 第 51 行.
NOTIC: [8] Undefined variable: Think C:\wamp\www\gamefactory\Application\Runtime\Cache\Home\4c57ad2e242d7e665199d050c93624b1.php 第 54 行.
NOTIC: [8] Use of undefined constant Sp - assumed 'Sp' C:\wamp\www\gamefactory\Application\Runtime\Cache\Home\4c57ad2e242d7e665199d050c93624b1.php 第 54 行.
NOTIC: [8] Undefined variable: Think C:\wamp\www\gamefactory\Application\Runtime\Cache\Home\4c57ad2e242d7e665199d050c93624b1.php 第 57 行.
NOTIC: [8] Use of undefined constant Sp - assumed 'Sp' C:\wamp\www\gamefactory\Application\Runtime\Cache\Home\4c57ad2e242d7e665199d050c93624b1.php 第 57 行.
NOTIC: [8] Undefined variable: Think C:\wamp\www\gamefactory\Application\Runtime\Cache\Home\4c57ad2e242d7e665199d050c93624b1.php 第 60 行.
NOTIC: [8] Use of undefined constant Sp - assumed 'Sp' C:\wamp\www\gamefactory\Application\Runtime\Cache\Home\4c57ad2e242d7e665199d050c93624b1.php 第 60 行.
NOTIC: [8] Undefined variable: Think C:\wamp\www\gamefactory\Application\Runtime\Cache\Home\4c57ad2e242d7e665199d050c93624b1.php 第 63 行.
NOTIC: [8] Use of undefined constant Sp - assumed 'Sp' C:\wamp\www\gamefactory\Application\Runtime\Cache\Home\4c57ad2e242d7e665199d050c93624b1.php 第 63 行.
NOTIC: [8] Undefined variable: Think C:\wamp\www\gamefactory\Application\Runtime\Cache\Home\4c57ad2e242d7e665199d050c93624b1.php 第 68 行.
NOTIC: [8] Use of undefined constant Province - assumed 'Province' C:\wamp\www\gamefactory\Application\Runtime\Cache\Home\4c57ad2e242d7e665199d050c93624b1.php 第 68 行.
NOTIC: [8] Undefined variable: Think C:\wamp\www\gamefactory\Application\Runtime\Cache\Home\4c57ad2e242d7e665199d050c93624b1.php 第 71 行.
NOTIC: [8] Use of undefined constant Package - assumed 'Package' C:\wamp\www\gamefactory\Application\Runtime\Cache\Home\4c57ad2e242d7e665199d050c93624b1.php 第 71 行.
NOTIC: [8] Undefined variable: Think C:\wamp\www\gamefactory\Application\Runtime\Cache\Home\4c57ad2e242d7e665199d050c93624b1.php 第 74 行.
NOTIC: [8] Use of undefined constant Log - assumed 'Log' C:\wamp\www\gamefactory\Application\Runtime\Cache\Home\4c57ad2e242d7e665199d050c93624b1.php 第 74 行.
NOTIC: [8] Undefined variable: Think C:\wamp\www\gamefactory\Application\Runtime\Cache\Home\4c57ad2e242d7e665199d050c93624b1.php 第 77 行.
NOTIC: [8] Use of undefined constant Install - assumed 'Install' C:\wamp\www\gamefactory\Application\Runtime\Cache\Home\4c57ad2e242d7e665199d050c93624b1.php 第 77 行.
NOTIC: [8] Undefined variable: Think C:\wamp\www\gamefactory\Application\Runtime\Cache\Home\4c57ad2e242d7e665199d050c93624b1.php 第 80 行.
NOTIC: [8] Use of undefined constant Andriodss - assumed 'Andriodss' C:\wamp\www\gamefactory\Application\Runtime\Cache\Home\4c57ad2e242d7e665199d050c93624b1.php 第 80 行.
NOTIC: [8] Undefined variable: Think C:\wamp\www\gamefactory\Application\Runtime\Cache\Home\4c57ad2e242d7e665199d050c93624b1.php 第 83 行.
NOTIC: [8] Use of undefined constant Order - assumed 'Order' C:\wamp\www\gamefactory\Application\Runtime\Cache\Home\4c57ad2e242d7e665199d050c93624b1.php 第 83 行.
INFO: Run Behavior\ParseTemplateBehavior [ RunTime:0.043307s ]
INFO: [ view_parse ] --END-- [ RunTime:0.043566s ]
INFO: [ view_filter ] --START--
INFO: Run Behavior\WriteHtmlCacheBehavior [ RunTime:0.001400s ]
INFO: [ view_filter ] --END-- [ RunTime:0.001650s ]
INFO: [ app_end ] --START--
INFO: Run Behavior\ShowPageTraceBehavior [ RunTime:0.004162s ]
INFO: [ app_end ] --END-- [ RunTime:0.004680s ]

[ 2017-01-21T14:41:38+08:00 ] ::1 /gamefactory/index.php/home/Province/index
INFO: [ app_init ] --START--
INFO: Run Behavior\BuildLiteBehavior [ RunTime:0.000085s ]
INFO: [ app_init ] --END-- [ RunTime:0.001939s ]
INFO: [ app_begin ] --START--
INFO: Run Behavior\ReadHtmlCacheBehavior [ RunTime:0.002564s ]
INFO: [ app_begin ] --END-- [ RunTime:0.002920s ]
SQL: SHOW COLUMNS FROM `province_statistics` [ RunTime:0.0135s ]
SQL: SELECT * FROM `province_statistics` WHERE `month` = 1 AND `day` = 21  [ RunTime:0.0022s ]
SQL: SHOW COLUMNS FROM `province` [ RunTime:0.0135s ]
SQL: SELECT * FROM `province`  [ RunTime:0.0009s ]
INFO: [ view_parse ] --START--
INFO: [ template_filter ] --START--
INFO: Run Behavior\ContentReplaceBehavior [ RunTime:0.000318s ]
INFO: [ template_filter ] --END-- [ RunTime:0.000597s ]
NOTIC: [8] Undefined variable: Think C:\wamp\www\gamefactory\Application\Runtime\Cache\Home\7d8f8b14badb22e183bae2c8d7258deb.php 第 45 行.
NOTIC: [8] Use of undefined constant Front - assumed 'Front' C:\wamp\www\gamefactory\Application\Runtime\Cache\Home\7d8f8b14badb22e183bae2c8d7258deb.php 第 45 行.
NOTIC: [8] Undefined variable: Think C:\wamp\www\gamefactory\Application\Runtime\Cache\Home\7d8f8b14badb22e183bae2c8d7258deb.php 第 48 行.
NOTIC: [8] Use of undefined constant Game - assumed 'Game' C:\wamp\www\gamefactory\Application\Runtime\Cache\Home\7d8f8b14badb22e183bae2c8d7258deb.php 第 48 行.
NOTIC: [8] Undefined variable: Think C:\wamp\www\gamefactory\Application\Runtime\Cache\Home\7d8f8b14badb22e183bae2c8d7258deb.php 第 51 行.
NOTIC: [8] Use of undefined constant Channel - assumed 'Channel' C:\wamp\www\gamefactory\Application\Runtime\Cache\Home\7d8f8b14badb22e183bae2c8d7258deb.php 第 51 行.
NOTIC: [8] Undefined variable: Think C:\wamp\www\gamefactory\Application\Runtime\Cache\Home\7d8f8b14badb22e183bae2c8d7258deb.php 第 54 行.
NOTIC: [8] Use of undefined constant Sp - assumed 'Sp' C:\wamp\www\gamefactory\Application\Runtime\Cache\Home\7d8f8b14badb22e183bae2c8d7258deb.php 第 54 行.
NOTIC: [8] Undefined variable: Think C:\wamp\www\gamefactory\Application\Runtime\Cache\Home\7d8f8b14badb22e183bae2c8d7258deb.php 第 57 行.
NOTIC: [8] Use of undefined constant Sp - assumed 'Sp' C:\wamp\www\gamefactory\Application\Runtime\Cache\Home\7d8f8b14badb22e183bae2c8d7258deb.php 第 57 行.
NOTIC: [8] Undefined variable: Think C:\wamp\www\gamefactory\Application\Runtime\Cache\Home\7d8f8b14badb22e183bae2c8d7258deb.php 第 60 行.
NOTIC: [8] Use of undefined constant Sp - assumed 'Sp' C:\wamp\www\gamefactory\Application\Runtime\Cache\Home\7d8f8b14badb22e183bae2c8d7258deb.php 第 60 行.
NOTIC: [8] Undefined variable: Think C:\wamp\www\gamefactory\Application\Runtime\Cache\Home\7d8f8b14badb22e183bae2c8d7258deb.php 第 63 行.
NOTIC: [8] Use of undefined constant Sp - assumed 'Sp' C:\wamp\www\gamefactory\Application\Runtime\Cache\Home\7d8f8b14badb22e183bae2c8d7258deb.php 第 63 行.
NOTIC: [8] Undefined variable: Think C:\wamp\www\gamefactory\Application\Runtime\Cache\Home\7d8f8b14badb22e183bae2c8d7258deb.php 第 68 行.
NOTIC: [8] Use of undefined constant Province - assumed 'Province' C:\wamp\www\gamefactory\Application\Runtime\Cache\Home\7d8f8b14badb22e183bae2c8d7258deb.php 第 68 行.
NOTIC: [8] Undefined variable: Think C:\wamp\www\gamefactory\Application\Runtime\Cache\Home\7d8f8b14badb22e183bae2c8d7258deb.php 第 71 行.
NOTIC: [8] Use of undefined constant Package - assumed 'Package' C:\wamp\www\gamefactory\Application\Runtime\Cache\Home\7d8f8b14badb22e183bae2c8d7258deb.php 第 71 行.
NOTIC: [8] Undefined variable: Think C:\wamp\www\gamefactory\Application\Runtime\Cache\Home\7d8f8b14badb22e183bae2c8d7258deb.php 第 74 行.
NOTIC: [8] Use of undefined constant Log - assumed 'Log' C:\wamp\www\gamefactory\Application\Runtime\Cache\Home\7d8f8b14badb22e183bae2c8d7258deb.php 第 74 行.
NOTIC: [8] Undefined variable: Think C:\wamp\www\gamefactory\Application\Runtime\Cache\Home\7d8f8b14badb22e183bae2c8d7258deb.php 第 77 行.
NOTIC: [8] Use of undefined constant Install - assumed 'Install' C:\wamp\www\gamefactory\Application\Runtime\Cache\Home\7d8f8b14badb22e183bae2c8d7258deb.php 第 77 行.
NOTIC: [8] Undefined variable: Think C:\wamp\www\gamefactory\Application\Runtime\Cache\Home\7d8f8b14badb22e183bae2c8d7258deb.php 第 80 行.
NOTIC: [8] Use of undefined constant Andriodss - assumed 'Andriodss' C:\wamp\www\gamefactory\Application\Runtime\Cache\Home\7d8f8b14badb22e183bae2c8d7258deb.php 第 80 行.
NOTIC: [8] Undefined variable: Think C:\wamp\www\gamefactory\Application\Runtime\Cache\Home\7d8f8b14badb22e183bae2c8d7258deb.php 第 83 行.
NOTIC: [8] Use of undefined constant Order - assumed 'Order' C:\wamp\www\gamefactory\Application\Runtime\Cache\Home\7d8f8b14badb22e183bae2c8d7258deb.php 第 83 行.
INFO: Run Behavior\ParseTemplateBehavior [ RunTime:0.057845s ]
INFO: [ view_parse ] --END-- [ RunTime:0.058127s ]
INFO: [ view_filter ] --START--
INFO: Run Behavior\WriteHtmlCacheBehavior [ RunTime:0.001581s ]
INFO: [ view_filter ] --END-- [ RunTime:0.001831s ]
INFO: [ app_end ] --START--
INFO: Run Behavior\ShowPageTraceBehavior [ RunTime:0.002210s ]
INFO: [ app_end ] --END-- [ RunTime:0.002524s ]

[ 2017-01-21T14:41:39+08:00 ] ::1 /gamefactory/index.php/home/Package/index
INFO: [ app_init ] --START--
INFO: Run Behavior\BuildLiteBehavior [ RunTime:0.000128s ]
INFO: [ app_init ] --END-- [ RunTime:0.002802s ]
INFO: [ app_begin ] --START--
INFO: Run Behavior\ReadHtmlCacheBehavior [ RunTime:0.002767s ]
INFO: [ app_begin ] --END-- [ RunTime:0.003190s ]
SQL: SHOW COLUMNS FROM `package` [ RunTime:0.0126s ]
SQL: SELECT * FROM `package`  [ RunTime:0.0009s ]
INFO: [ view_parse ] --START--
INFO: [ template_filter ] --START--
INFO: Run Behavior\ContentReplaceBehavior [ RunTime:0.000328s ]
INFO: [ template_filter ] --END-- [ RunTime:0.000574s ]
NOTIC: [8] Undefined variable: Think C:\wamp\www\gamefactory\Application\Runtime\Cache\Home\68dc291e2ec056d7feddbf74b97fa939.php 第 45 行.
NOTIC: [8] Use of undefined constant Front - assumed 'Front' C:\wamp\www\gamefactory\Application\Runtime\Cache\Home\68dc291e2ec056d7feddbf74b97fa939.php 第 45 行.
NOTIC: [8] Undefined variable: Think C:\wamp\www\gamefactory\Application\Runtime\Cache\Home\68dc291e2ec056d7feddbf74b97fa939.php 第 48 行.
NOTIC: [8] Use of undefined constant Game - assumed 'Game' C:\wamp\www\gamefactory\Application\Runtime\Cache\Home\68dc291e2ec056d7feddbf74b97fa939.php 第 48 行.
NOTIC: [8] Undefined variable: Think C:\wamp\www\gamefactory\Application\Runtime\Cache\Home\68dc291e2ec056d7feddbf74b97fa939.php 第 51 行.
NOTIC: [8] Use of undefined constant Channel - assumed 'Channel' C:\wamp\www\gamefactory\Application\Runtime\Cache\Home\68dc291e2ec056d7feddbf74b97fa939.php 第 51 行.
NOTIC: [8] Undefined variable: Think C:\wamp\www\gamefactory\Application\Runtime\Cache\Home\68dc291e2ec056d7feddbf74b97fa939.php 第 54 行.
NOTIC: [8] Use of undefined constant Sp - assumed 'Sp' C:\wamp\www\gamefactory\Application\Runtime\Cache\Home\68dc291e2ec056d7feddbf74b97fa939.php 第 54 行.
NOTIC: [8] Undefined variable: Think C:\wamp\www\gamefactory\Application\Runtime\Cache\Home\68dc291e2ec056d7feddbf74b97fa939.php 第 57 行.
NOTIC: [8] Use of undefined constant Sp - assumed 'Sp' C:\wamp\www\gamefactory\Application\Runtime\Cache\Home\68dc291e2ec056d7feddbf74b97fa939.php 第 57 行.
NOTIC: [8] Undefined variable: Think C:\wamp\www\gamefactory\Application\Runtime\Cache\Home\68dc291e2ec056d7feddbf74b97fa939.php 第 60 行.
NOTIC: [8] Use of undefined constant Sp - assumed 'Sp' C:\wamp\www\gamefactory\Application\Runtime\Cache\Home\68dc291e2ec056d7feddbf74b97fa939.php 第 60 行.
NOTIC: [8] Undefined variable: Think C:\wamp\www\gamefactory\Application\Runtime\Cache\Home\68dc291e2ec056d7feddbf74b97fa939.php 第 63 行.
NOTIC: [8] Use of undefined constant Sp - assumed 'Sp' C:\wamp\www\gamefactory\Application\Runtime\Cache\Home\68dc291e2ec056d7feddbf74b97fa939.php 第 63 行.
NOTIC: [8] Undefined variable: Think C:\wamp\www\gamefactory\Application\Runtime\Cache\Home\68dc291e2ec056d7feddbf74b97fa939.php 第 68 行.
NOTIC: [8] Use of undefined constant Province - assumed 'Province' C:\wamp\www\gamefactory\Application\Runtime\Cache\Home\68dc291e2ec056d7feddbf74b97fa939.php 第 68 行.
NOTIC: [8] Undefined variable: Think C:\wamp\www\gamefactory\Application\Runtime\Cache\Home\68dc291e2ec056d7feddbf74b97fa939.php 第 71 行.
NOTIC: [8] Use of undefined constant Package - assumed 'Package' C:\wamp\www\gamefactory\Application\Runtime\Cache\Home\68dc291e2ec056d7feddbf74b97fa939.php 第 71 行.
NOTIC: [8] Undefined variable: Think C:\wamp\www\gamefactory\Application\Runtime\Cache\Home\68dc291e2ec056d7feddbf74b97fa939.php 第 74 行.
NOTIC: [8] Use of undefined constant Log - assumed 'Log' C:\wamp\www\gamefactory\Application\Runtime\Cache\Home\68dc291e2ec056d7feddbf74b97fa939.php 第 74 行.
NOTIC: [8] Undefined variable: Think C:\wamp\www\gamefactory\Application\Runtime\Cache\Home\68dc291e2ec056d7feddbf74b97fa939.php 第 77 行.
NOTIC: [8] Use of undefined constant Install - assumed 'Install' C:\wamp\www\gamefactory\Application\Runtime\Cache\Home\68dc291e2ec056d7feddbf74b97fa939.php 第 77 行.
NOTIC: [8] Undefined variable: Think C:\wamp\www\gamefactory\Application\Runtime\Cache\Home\68dc291e2ec056d7feddbf74b97fa939.php 第 80 行.
NOTIC: [8] Use of undefined constant Andriodss - assumed 'Andriodss' C:\wamp\www\gamefactory\Application\Runtime\Cache\Home\68dc291e2ec056d7feddbf74b97fa939.php 第 80 行.
NOTIC: [8] Undefined variable: Think C:\wamp\www\gamefactory\Application\Runtime\Cache\Home\68dc291e2ec056d7feddbf74b97fa939.php 第 83 行.
NOTIC: [8] Use of undefined constant Order - assumed 'Order' C:\wamp\www\gamefactory\Application\Runtime\Cache\Home\68dc291e2ec056d7feddbf74b97fa939.php 第 83 行.
INFO: Run Behavior\ParseTemplateBehavior [ RunTime:0.047881s ]
INFO: [ view_parse ] --END-- [ RunTime:0.048078s ]
INFO: [ view_filter ] --START--
INFO: Run Behavior\WriteHtmlCacheBehavior [ RunTime:0.000775s ]
INFO: [ view_filter ] --END-- [ RunTime:0.000880s ]
INFO: [ app_end ] --START--
INFO: Run Behavior\ShowPageTraceBehavior [ RunTime:0.001177s ]
INFO: [ app_end ] --END-- [ RunTime:0.001323s ]

[ 2017-01-21T14:41:41+08:00 ] ::1 /gamefactory/index.php/home/Province/index
INFO: [ app_init ] --START--
INFO: Run Behavior\BuildLiteBehavior [ RunTime:0.000088s ]
INFO: [ app_init ] --END-- [ RunTime:0.001875s ]
INFO: [ app_begin ] --START--
INFO: Run Behavior\ReadHtmlCacheBehavior [ RunTime:0.003321s ]
INFO: [ app_begin ] --END-- [ RunTime:0.003749s ]
SQL: SHOW COLUMNS FROM `province_statistics` [ RunTime:0.0083s ]
SQL: SELECT * FROM `province_statistics` WHERE `month` = 1 AND `day` = 21  [ RunTime:0.0013s ]
SQL: SHOW COLUMNS FROM `province` [ RunTime:0.0079s ]
SQL: SELECT * FROM `province`  [ RunTime:0.0007s ]
INFO: [ view_parse ] --START--
INFO: [ template_filter ] --START--
INFO: Run Behavior\ContentReplaceBehavior [ RunTime:0.000285s ]
INFO: [ template_filter ] --END-- [ RunTime:0.000533s ]
NOTIC: [8] Undefined variable: Think C:\wamp\www\gamefactory\Application\Runtime\Cache\Home\7d8f8b14badb22e183bae2c8d7258deb.php 第 45 行.
NOTIC: [8] Use of undefined constant Front - assumed 'Front' C:\wamp\www\gamefactory\Application\Runtime\Cache\Home\7d8f8b14badb22e183bae2c8d7258deb.php 第 45 行.
NOTIC: [8] Undefined variable: Think C:\wamp\www\gamefactory\Application\Runtime\Cache\Home\7d8f8b14badb22e183bae2c8d7258deb.php 第 48 行.
NOTIC: [8] Use of undefined constant Game - assumed 'Game' C:\wamp\www\gamefactory\Application\Runtime\Cache\Home\7d8f8b14badb22e183bae2c8d7258deb.php 第 48 行.
NOTIC: [8] Undefined variable: Think C:\wamp\www\gamefactory\Application\Runtime\Cache\Home\7d8f8b14badb22e183bae2c8d7258deb.php 第 51 行.
NOTIC: [8] Use of undefined constant Channel - assumed 'Channel' C:\wamp\www\gamefactory\Application\Runtime\Cache\Home\7d8f8b14badb22e183bae2c8d7258deb.php 第 51 行.
NOTIC: [8] Undefined variable: Think C:\wamp\www\gamefactory\Application\Runtime\Cache\Home\7d8f8b14badb22e183bae2c8d7258deb.php 第 54 行.
NOTIC: [8] Use of undefined constant Sp - assumed 'Sp' C:\wamp\www\gamefactory\Application\Runtime\Cache\Home\7d8f8b14badb22e183bae2c8d7258deb.php 第 54 行.
NOTIC: [8] Undefined variable: Think C:\wamp\www\gamefactory\Application\Runtime\Cache\Home\7d8f8b14badb22e183bae2c8d7258deb.php 第 57 行.
NOTIC: [8] Use of undefined constant Sp - assumed 'Sp' C:\wamp\www\gamefactory\Application\Runtime\Cache\Home\7d8f8b14badb22e183bae2c8d7258deb.php 第 57 行.
NOTIC: [8] Undefined variable: Think C:\wamp\www\gamefactory\Application\Runtime\Cache\Home\7d8f8b14badb22e183bae2c8d7258deb.php 第 60 行.
NOTIC: [8] Use of undefined constant Sp - assumed 'Sp' C:\wamp\www\gamefactory\Application\Runtime\Cache\Home\7d8f8b14badb22e183bae2c8d7258deb.php 第 60 行.
NOTIC: [8] Undefined variable: Think C:\wamp\www\gamefactory\Application\Runtime\Cache\Home\7d8f8b14badb22e183bae2c8d7258deb.php 第 63 行.
NOTIC: [8] Use of undefined constant Sp - assumed 'Sp' C:\wamp\www\gamefactory\Application\Runtime\Cache\Home\7d8f8b14badb22e183bae2c8d7258deb.php 第 63 行.
NOTIC: [8] Undefined variable: Think C:\wamp\www\gamefactory\Application\Runtime\Cache\Home\7d8f8b14badb22e183bae2c8d7258deb.php 第 68 行.
NOTIC: [8] Use of undefined constant Province - assumed 'Province' C:\wamp\www\gamefactory\Application\Runtime\Cache\Home\7d8f8b14badb22e183bae2c8d7258deb.php 第 68 行.
NOTIC: [8] Undefined variable: Think C:\wamp\www\gamefactory\Application\Runtime\Cache\Home\7d8f8b14badb22e183bae2c8d7258deb.php 第 71 行.
NOTIC: [8] Use of undefined constant Package - assumed 'Package' C:\wamp\www\gamefactory\Application\Runtime\Cache\Home\7d8f8b14badb22e183bae2c8d7258deb.php 第 71 行.
NOTIC: [8] Undefined variable: Think C:\wamp\www\gamefactory\Application\Runtime\Cache\Home\7d8f8b14badb22e183bae2c8d7258deb.php 第 74 行.
NOTIC: [8] Use of undefined constant Log - assumed 'Log' C:\wamp\www\gamefactory\Application\Runtime\Cache\Home\7d8f8b14badb22e183bae2c8d7258deb.php 第 74 行.
NOTIC: [8] Undefined variable: Think C:\wamp\www\gamefactory\Application\Runtime\Cache\Home\7d8f8b14badb22e183bae2c8d7258deb.php 第 77 行.
NOTIC: [8] Use of undefined constant Install - assumed 'Install' C:\wamp\www\gamefactory\Application\Runtime\Cache\Home\7d8f8b14badb22e183bae2c8d7258deb.php 第 77 行.
NOTIC: [8] Undefined variable: Think C:\wamp\www\gamefactory\Application\Runtime\Cache\Home\7d8f8b14badb22e183bae2c8d7258deb.php 第 80 行.
NOTIC: [8] Use of undefined constant Andriodss - assumed 'Andriodss' C:\wamp\www\gamefactory\Application\Runtime\Cache\Home\7d8f8b14badb22e183bae2c8d7258deb.php 第 80 行.
NOTIC: [8] Undefined variable: Think C:\wamp\www\gamefactory\Application\Runtime\Cache\Home\7d8f8b14badb22e183bae2c8d7258deb.php 第 83 行.
NOTIC: [8] Use of undefined constant Order - assumed 'Order' C:\wamp\www\gamefactory\Application\Runtime\Cache\Home\7d8f8b14badb22e183bae2c8d7258deb.php 第 83 行.
INFO: Run Behavior\ParseTemplateBehavior [ RunTime:0.054396s ]
INFO: [ view_parse ] --END-- [ RunTime:0.054700s ]
INFO: [ view_filter ] --START--
INFO: Run Behavior\WriteHtmlCacheBehavior [ RunTime:0.001444s ]
INFO: [ view_filter ] --END-- [ RunTime:0.001684s ]
INFO: [ app_end ] --START--
INFO: Run Behavior\ShowPageTraceBehavior [ RunTime:0.001867s ]
INFO: [ app_end ] --END-- [ RunTime:0.002403s ]

[ 2017-01-21T14:41:44+08:00 ] ::1 /gamefactory/index.php/home/Sp/province_statistics
INFO: [ app_init ] --START--
INFO: Run Behavior\BuildLiteBehavior [ RunTime:0.000086s ]
INFO: [ app_init ] --END-- [ RunTime:0.001910s ]
INFO: [ app_begin ] --START--
INFO: Run Behavior\ReadHtmlCacheBehavior [ RunTime:0.002427s ]
INFO: [ app_begin ] --END-- [ RunTime:0.002748s ]
SQL: SHOW COLUMNS FROM `log` [ RunTime:0.0116s ]
SQL: SELECT * FROM `log`  [ RunTime:0.0012s ]
NOTIC: [8] Undefined variable: sp_statistics C:\wamp\www\gamefactory\Application\Home\Controller\SpController.class.php 第 233 行.
INFO: [ view_parse ] --START--
INFO: [ template_filter ] --START--
INFO: Run Behavior\ContentReplaceBehavior [ RunTime:0.000323s ]
INFO: [ template_filter ] --END-- [ RunTime:0.000591s ]
NOTIC: [8] Undefined variable: Think C:\wamp\www\gamefactory\Application\Runtime\Cache\Home\9715e2cf0689d299d10f78f3a18c5084.php 第 45 行.
NOTIC: [8] Use of undefined constant Front - assumed 'Front' C:\wamp\www\gamefactory\Application\Runtime\Cache\Home\9715e2cf0689d299d10f78f3a18c5084.php 第 45 行.
NOTIC: [8] Undefined variable: Think C:\wamp\www\gamefactory\Application\Runtime\Cache\Home\9715e2cf0689d299d10f78f3a18c5084.php 第 48 行.
NOTIC: [8] Use of undefined constant Game - assumed 'Game' C:\wamp\www\gamefactory\Application\Runtime\Cache\Home\9715e2cf0689d299d10f78f3a18c5084.php 第 48 行.
NOTIC: [8] Undefined variable: Think C:\wamp\www\gamefactory\Application\Runtime\Cache\Home\9715e2cf0689d299d10f78f3a18c5084.php 第 51 行.
NOTIC: [8] Use of undefined constant Channel - assumed 'Channel' C:\wamp\www\gamefactory\Application\Runtime\Cache\Home\9715e2cf0689d299d10f78f3a18c5084.php 第 51 行.
NOTIC: [8] Undefined variable: Think C:\wamp\www\gamefactory\Application\Runtime\Cache\Home\9715e2cf0689d299d10f78f3a18c5084.php 第 54 行.
NOTIC: [8] Use of undefined constant Sp - assumed 'Sp' C:\wamp\www\gamefactory\Application\Runtime\Cache\Home\9715e2cf0689d299d10f78f3a18c5084.php 第 54 行.
NOTIC: [8] Undefined variable: Think C:\wamp\www\gamefactory\Application\Runtime\Cache\Home\9715e2cf0689d299d10f78f3a18c5084.php 第 57 行.
NOTIC: [8] Use of undefined constant Sp - assumed 'Sp' C:\wamp\www\gamefactory\Application\Runtime\Cache\Home\9715e2cf0689d299d10f78f3a18c5084.php 第 57 行.
NOTIC: [8] Undefined variable: Think C:\wamp\www\gamefactory\Application\Runtime\Cache\Home\9715e2cf0689d299d10f78f3a18c5084.php 第 60 行.
NOTIC: [8] Use of undefined constant Sp - assumed 'Sp' C:\wamp\www\gamefactory\Application\Runtime\Cache\Home\9715e2cf0689d299d10f78f3a18c5084.php 第 60 行.
NOTIC: [8] Undefined variable: Think C:\wamp\www\gamefactory\Application\Runtime\Cache\Home\9715e2cf0689d299d10f78f3a18c5084.php 第 63 行.
NOTIC: [8] Use of undefined constant Sp - assumed 'Sp' C:\wamp\www\gamefactory\Application\Runtime\Cache\Home\9715e2cf0689d299d10f78f3a18c5084.php 第 63 行.
NOTIC: [8] Undefined variable: Think C:\wamp\www\gamefactory\Application\Runtime\Cache\Home\9715e2cf0689d299d10f78f3a18c5084.php 第 68 行.
NOTIC: [8] Use of undefined constant Province - assumed 'Province' C:\wamp\www\gamefactory\Application\Runtime\Cache\Home\9715e2cf0689d299d10f78f3a18c5084.php 第 68 行.
NOTIC: [8] Undefined variable: Think C:\wamp\www\gamefactory\Application\Runtime\Cache\Home\9715e2cf0689d299d10f78f3a18c5084.php 第 71 行.
NOTIC: [8] Use of undefined constant Package - assumed 'Package' C:\wamp\www\gamefactory\Application\Runtime\Cache\Home\9715e2cf0689d299d10f78f3a18c5084.php 第 71 行.
NOTIC: [8] Undefined variable: Think C:\wamp\www\gamefactory\Application\Runtime\Cache\Home\9715e2cf0689d299d10f78f3a18c5084.php 第 74 行.
NOTIC: [8] Use of undefined constant Log - assumed 'Log' C:\wamp\www\gamefactory\Application\Runtime\Cache\Home\9715e2cf0689d299d10f78f3a18c5084.php 第 74 行.
NOTIC: [8] Undefined variable: Think C:\wamp\www\gamefactory\Application\Runtime\Cache\Home\9715e2cf0689d299d10f78f3a18c5084.php 第 77 行.
NOTIC: [8] Use of undefined constant Install - assumed 'Install' C:\wamp\www\gamefactory\Application\Runtime\Cache\Home\9715e2cf0689d299d10f78f3a18c5084.php 第 77 行.
NOTIC: [8] Undefined variable: Think C:\wamp\www\gamefactory\Application\Runtime\Cache\Home\9715e2cf0689d299d10f78f3a18c5084.php 第 80 行.
NOTIC: [8] Use of undefined constant Andriodss - assumed 'Andriodss' C:\wamp\www\gamefactory\Application\Runtime\Cache\Home\9715e2cf0689d299d10f78f3a18c5084.php 第 80 行.
NOTIC: [8] Undefined variable: Think C:\wamp\www\gamefactory\Application\Runtime\Cache\Home\9715e2cf0689d299d10f78f3a18c5084.php 第 83 行.
NOTIC: [8] Use of undefined constant Order - assumed 'Order' C:\wamp\www\gamefactory\Application\Runtime\Cache\Home\9715e2cf0689d299d10f78f3a18c5084.php 第 83 行.
NOTIC: [8] Undefined variable: search_name C:\wamp\www\gamefactory\Application\Runtime\Cache\Home\9715e2cf0689d299d10f78f3a18c5084.php 第 141 行.
NOTIC: [8] Undefined variable: search_name C:\wamp\www\gamefactory\Application\Runtime\Cache\Home\9715e2cf0689d299d10f78f3a18c5084.php 第 141 行.
NOTIC: [8] Undefined variable: search_month C:\wamp\www\gamefactory\Application\Runtime\Cache\Home\9715e2cf0689d299d10f78f3a18c5084.php 第 156 行.
NOTIC: [8] Undefined variable: name C:\wamp\www\gamefactory\Application\Runtime\Cache\Home\9715e2cf0689d299d10f78f3a18c5084.php 第 172 行.
INFO: Run Behavior\ParseTemplateBehavior [ RunTime:0.048579s ]
INFO: [ view_parse ] --END-- [ RunTime:0.048835s ]
INFO: [ view_filter ] --START--
INFO: Run Behavior\WriteHtmlCacheBehavior [ RunTime:0.001463s ]
INFO: [ view_filter ] --END-- [ RunTime:0.001690s ]
INFO: [ app_end ] --START--
INFO: Run Behavior\ShowPageTraceBehavior [ RunTime:0.002280s ]
INFO: [ app_end ] --END-- [ RunTime:0.002630s ]

[ 2017-01-21T14:41:46+08:00 ] ::1 /gamefactory/index.php/home/Sp/index
INFO: [ app_init ] --START--
INFO: Run Behavior\BuildLiteBehavior [ RunTime:0.000088s ]
INFO: [ app_init ] --END-- [ RunTime:0.001843s ]
INFO: [ app_begin ] --START--
INFO: Run Behavior\ReadHtmlCacheBehavior [ RunTime:0.002672s ]
INFO: [ app_begin ] --END-- [ RunTime:0.003092s ]
SQL: SHOW COLUMNS FROM `sp_name` [ RunTime:0.0193s ]
SQL: SELECT * FROM `sp_name`  [ RunTime:0.0017s ]
INFO: [ view_parse ] --START--
INFO: [ template_filter ] --START--
INFO: Run Behavior\ContentReplaceBehavior [ RunTime:0.000320s ]
INFO: [ template_filter ] --END-- [ RunTime:0.000605s ]
NOTIC: [8] Undefined variable: Think C:\wamp\www\gamefactory\Application\Runtime\Cache\Home\3cd63f4a0b8d98ea8bedfe2ceed813f5.php 第 45 行.
NOTIC: [8] Use of undefined constant Front - assumed 'Front' C:\wamp\www\gamefactory\Application\Runtime\Cache\Home\3cd63f4a0b8d98ea8bedfe2ceed813f5.php 第 45 行.
NOTIC: [8] Undefined variable: Think C:\wamp\www\gamefactory\Application\Runtime\Cache\Home\3cd63f4a0b8d98ea8bedfe2ceed813f5.php 第 48 行.
NOTIC: [8] Use of undefined constant Game - assumed 'Game' C:\wamp\www\gamefactory\Application\Runtime\Cache\Home\3cd63f4a0b8d98ea8bedfe2ceed813f5.php 第 48 行.
NOTIC: [8] Undefined variable: Think C:\wamp\www\gamefactory\Application\Runtime\Cache\Home\3cd63f4a0b8d98ea8bedfe2ceed813f5.php 第 51 行.
NOTIC: [8] Use of undefined constant Channel - assumed 'Channel' C:\wamp\www\gamefactory\Application\Runtime\Cache\Home\3cd63f4a0b8d98ea8bedfe2ceed813f5.php 第 51 行.
NOTIC: [8] Undefined variable: Think C:\wamp\www\gamefactory\Application\Runtime\Cache\Home\3cd63f4a0b8d98ea8bedfe2ceed813f5.php 第 54 行.
NOTIC: [8] Use of undefined constant Sp - assumed 'Sp' C:\wamp\www\gamefactory\Application\Runtime\Cache\Home\3cd63f4a0b8d98ea8bedfe2ceed813f5.php 第 54 行.
NOTIC: [8] Undefined variable: Think C:\wamp\www\gamefactory\Application\Runtime\Cache\Home\3cd63f4a0b8d98ea8bedfe2ceed813f5.php 第 57 行.
NOTIC: [8] Use of undefined constant Sp - assumed 'Sp' C:\wamp\www\gamefactory\Application\Runtime\Cache\Home\3cd63f4a0b8d98ea8bedfe2ceed813f5.php 第 57 行.
NOTIC: [8] Undefined variable: Think C:\wamp\www\gamefactory\Application\Runtime\Cache\Home\3cd63f4a0b8d98ea8bedfe2ceed813f5.php 第 60 行.
NOTIC: [8] Use of undefined constant Sp - assumed 'Sp' C:\wamp\www\gamefactory\Application\Runtime\Cache\Home\3cd63f4a0b8d98ea8bedfe2ceed813f5.php 第 60 行.
NOTIC: [8] Undefined variable: Think C:\wamp\www\gamefactory\Application\Runtime\Cache\Home\3cd63f4a0b8d98ea8bedfe2ceed813f5.php 第 63 行.
NOTIC: [8] Use of undefined constant Sp - assumed 'Sp' C:\wamp\www\gamefactory\Application\Runtime\Cache\Home\3cd63f4a0b8d98ea8bedfe2ceed813f5.php 第 63 行.
NOTIC: [8] Undefined variable: Think C:\wamp\www\gamefactory\Application\Runtime\Cache\Home\3cd63f4a0b8d98ea8bedfe2ceed813f5.php 第 68 行.
NOTIC: [8] Use of undefined constant Province - assumed 'Province' C:\wamp\www\gamefactory\Application\Runtime\Cache\Home\3cd63f4a0b8d98ea8bedfe2ceed813f5.php 第 68 行.
NOTIC: [8] Undefined variable: Think C:\wamp\www\gamefactory\Application\Runtime\Cache\Home\3cd63f4a0b8d98ea8bedfe2ceed813f5.php 第 71 行.
NOTIC: [8] Use of undefined constant Package - assumed 'Package' C:\wamp\www\gamefactory\Application\Runtime\Cache\Home\3cd63f4a0b8d98ea8bedfe2ceed813f5.php 第 71 行.
NOTIC: [8] Undefined variable: Think C:\wamp\www\gamefactory\Application\Runtime\Cache\Home\3cd63f4a0b8d98ea8bedfe2ceed813f5.php 第 74 行.
NOTIC: [8] Use of undefined constant Log - assumed 'Log' C:\wamp\www\gamefactory\Application\Runtime\Cache\Home\3cd63f4a0b8d98ea8bedfe2ceed813f5.php 第 74 行.
NOTIC: [8] Undefined variable: Think C:\wamp\www\gamefactory\Application\Runtime\Cache\Home\3cd63f4a0b8d98ea8bedfe2ceed813f5.php 第 77 行.
NOTIC: [8] Use of undefined constant Install - assumed 'Install' C:\wamp\www\gamefactory\Application\Runtime\Cache\Home\3cd63f4a0b8d98ea8bedfe2ceed813f5.php 第 77 行.
NOTIC: [8] Undefined variable: Think C:\wamp\www\gamefactory\Application\Runtime\Cache\Home\3cd63f4a0b8d98ea8bedfe2ceed813f5.php 第 80 行.
NOTIC: [8] Use of undefined constant Andriodss - assumed 'Andriodss' C:\wamp\www\gamefactory\Application\Runtime\Cache\Home\3cd63f4a0b8d98ea8bedfe2ceed813f5.php 第 80 行.
NOTIC: [8] Undefined variable: Think C:\wamp\www\gamefactory\Application\Runtime\Cache\Home\3cd63f4a0b8d98ea8bedfe2ceed813f5.php 第 83 行.
NOTIC: [8] Use of undefined constant Order - assumed 'Order' C:\wamp\www\gamefactory\Application\Runtime\Cache\Home\3cd63f4a0b8d98ea8bedfe2ceed813f5.php 第 83 行.
INFO: Run Behavior\ParseTemplateBehavior [ RunTime:0.072148s ]
INFO: [ view_parse ] --END-- [ RunTime:0.072469s ]
INFO: [ view_filter ] --START--
INFO: Run Behavior\WriteHtmlCacheBehavior [ RunTime:0.001536s ]
INFO: [ view_filter ] --END-- [ RunTime:0.001874s ]
INFO: [ app_end ] --START--
INFO: Run Behavior\ShowPageTraceBehavior [ RunTime:0.003377s ]
INFO: [ app_end ] --END-- [ RunTime:0.003933s ]

[ 2017-01-21T14:41:48+08:00 ] ::1 /gamefactory/index.php/home/Sp/statistics
INFO: [ app_init ] --START--
INFO: Run Behavior\BuildLiteBehavior [ RunTime:0.000086s ]
INFO: [ app_init ] --END-- [ RunTime:0.001886s ]
INFO: [ app_begin ] --START--
INFO: Run Behavior\ReadHtmlCacheBehavior [ RunTime:0.002722s ]
INFO: [ app_begin ] --END-- [ RunTime:0.003140s ]
SQL: SHOW COLUMNS FROM `log` [ RunTime:0.0083s ]
SQL: SELECT * FROM `log`  [ RunTime:0.0007s ]
SQL: SHOW COLUMNS FROM `sp_name` [ RunTime:0.0077s ]
SQL: SELECT * FROM `sp_name`  [ RunTime:0.0010s ]
SQL: SHOW COLUMNS FROM `sp_month` [ RunTime:0.0122s ]
SQL: SELECT * FROM `sp_month`  [ RunTime:0.0013s ]
INFO: [ view_parse ] --START--
INFO: [ template_filter ] --START--
INFO: Run Behavior\ContentReplaceBehavior [ RunTime:0.000284s ]
INFO: [ template_filter ] --END-- [ RunTime:0.000536s ]
NOTIC: [8] Undefined variable: Think C:\wamp\www\gamefactory\Application\Runtime\Cache\Home\fba6a424c81fb3c3235e4c5e2bf1ba78.php 第 45 行.
NOTIC: [8] Use of undefined constant Front - assumed 'Front' C:\wamp\www\gamefactory\Application\Runtime\Cache\Home\fba6a424c81fb3c3235e4c5e2bf1ba78.php 第 45 行.
NOTIC: [8] Undefined variable: Think C:\wamp\www\gamefactory\Application\Runtime\Cache\Home\fba6a424c81fb3c3235e4c5e2bf1ba78.php 第 48 行.
NOTIC: [8] Use of undefined constant Game - assumed 'Game' C:\wamp\www\gamefactory\Application\Runtime\Cache\Home\fba6a424c81fb3c3235e4c5e2bf1ba78.php 第 48 行.
NOTIC: [8] Undefined variable: Think C:\wamp\www\gamefactory\Application\Runtime\Cache\Home\fba6a424c81fb3c3235e4c5e2bf1ba78.php 第 51 行.
NOTIC: [8] Use of undefined constant Channel - assumed 'Channel' C:\wamp\www\gamefactory\Application\Runtime\Cache\Home\fba6a424c81fb3c3235e4c5e2bf1ba78.php 第 51 行.
NOTIC: [8] Undefined variable: Think C:\wamp\www\gamefactory\Application\Runtime\Cache\Home\fba6a424c81fb3c3235e4c5e2bf1ba78.php 第 54 行.
NOTIC: [8] Use of undefined constant Sp - assumed 'Sp' C:\wamp\www\gamefactory\Application\Runtime\Cache\Home\fba6a424c81fb3c3235e4c5e2bf1ba78.php 第 54 行.
NOTIC: [8] Undefined variable: Think C:\wamp\www\gamefactory\Application\Runtime\Cache\Home\fba6a424c81fb3c3235e4c5e2bf1ba78.php 第 57 行.
NOTIC: [8] Use of undefined constant Sp - assumed 'Sp' C:\wamp\www\gamefactory\Application\Runtime\Cache\Home\fba6a424c81fb3c3235e4c5e2bf1ba78.php 第 57 行.
NOTIC: [8] Undefined variable: Think C:\wamp\www\gamefactory\Application\Runtime\Cache\Home\fba6a424c81fb3c3235e4c5e2bf1ba78.php 第 60 行.
NOTIC: [8] Use of undefined constant Sp - assumed 'Sp' C:\wamp\www\gamefactory\Application\Runtime\Cache\Home\fba6a424c81fb3c3235e4c5e2bf1ba78.php 第 60 行.
NOTIC: [8] Undefined variable: Think C:\wamp\www\gamefactory\Application\Runtime\Cache\Home\fba6a424c81fb3c3235e4c5e2bf1ba78.php 第 63 行.
NOTIC: [8] Use of undefined constant Sp - assumed 'Sp' C:\wamp\www\gamefactory\Application\Runtime\Cache\Home\fba6a424c81fb3c3235e4c5e2bf1ba78.php 第 63 行.
NOTIC: [8] Undefined variable: Think C:\wamp\www\gamefactory\Application\Runtime\Cache\Home\fba6a424c81fb3c3235e4c5e2bf1ba78.php 第 68 行.
NOTIC: [8] Use of undefined constant Province - assumed 'Province' C:\wamp\www\gamefactory\Application\Runtime\Cache\Home\fba6a424c81fb3c3235e4c5e2bf1ba78.php 第 68 行.
NOTIC: [8] Undefined variable: Think C:\wamp\www\gamefactory\Application\Runtime\Cache\Home\fba6a424c81fb3c3235e4c5e2bf1ba78.php 第 71 行.
NOTIC: [8] Use of undefined constant Package - assumed 'Package' C:\wamp\www\gamefactory\Application\Runtime\Cache\Home\fba6a424c81fb3c3235e4c5e2bf1ba78.php 第 71 行.
NOTIC: [8] Undefined variable: Think C:\wamp\www\gamefactory\Application\Runtime\Cache\Home\fba6a424c81fb3c3235e4c5e2bf1ba78.php 第 74 行.
NOTIC: [8] Use of undefined constant Log - assumed 'Log' C:\wamp\www\gamefactory\Application\Runtime\Cache\Home\fba6a424c81fb3c3235e4c5e2bf1ba78.php 第 74 行.
NOTIC: [8] Undefined variable: Think C:\wamp\www\gamefactory\Application\Runtime\Cache\Home\fba6a424c81fb3c3235e4c5e2bf1ba78.php 第 77 行.
NOTIC: [8] Use of undefined constant Install - assumed 'Install' C:\wamp\www\gamefactory\Application\Runtime\Cache\Home\fba6a424c81fb3c3235e4c5e2bf1ba78.php 第 77 行.
NOTIC: [8] Undefined variable: Think C:\wamp\www\gamefactory\Application\Runtime\Cache\Home\fba6a424c81fb3c3235e4c5e2bf1ba78.php 第 80 行.
NOTIC: [8] Use of undefined constant Andriodss - assumed 'Andriodss' C:\wamp\www\gamefactory\Application\Runtime\Cache\Home\fba6a424c81fb3c3235e4c5e2bf1ba78.php 第 80 行.
NOTIC: [8] Undefined variable: Think C:\wamp\www\gamefactory\Application\Runtime\Cache\Home\fba6a424c81fb3c3235e4c5e2bf1ba78.php 第 83 行.
NOTIC: [8] Use of undefined constant Order - assumed 'Order' C:\wamp\www\gamefactory\Application\Runtime\Cache\Home\fba6a424c81fb3c3235e4c5e2bf1ba78.php 第 83 行.
NOTIC: [8] Undefined variable: search_name C:\wamp\www\gamefactory\Application\Runtime\Cache\Home\fba6a424c81fb3c3235e4c5e2bf1ba78.php 第 135 行.
NOTIC: [8] Undefined variable: search_name C:\wamp\www\gamefactory\Application\Runtime\Cache\Home\fba6a424c81fb3c3235e4c5e2bf1ba78.php 第 135 行.
NOTIC: [8] Undefined variable: search_month C:\wamp\www\gamefactory\Application\Runtime\Cache\Home\fba6a424c81fb3c3235e4c5e2bf1ba78.php 第 150 行.
NOTIC: [8] Undefined variable: name C:\wamp\www\gamefactory\Application\Runtime\Cache\Home\fba6a424c81fb3c3235e4c5e2bf1ba78.php 第 166 行.
NOTIC: [8] Undefined variable: name C:\wamp\www\gamefactory\Application\Runtime\Cache\Home\fba6a424c81fb3c3235e4c5e2bf1ba78.php 第 200 行.
NOTIC: [8] Undefined index: day C:\wamp\www\gamefactory\Application\Runtime\Cache\Home\fba6a424c81fb3c3235e4c5e2bf1ba78.php 第 211 行.
NOTIC: [8] Undefined index: day C:\wamp\www\gamefactory\Application\Runtime\Cache\Home\fba6a424c81fb3c3235e4c5e2bf1ba78.php 第 211 行.
NOTIC: [8] Undefined index: day C:\wamp\www\gamefactory\Application\Runtime\Cache\Home\fba6a424c81fb3c3235e4c5e2bf1ba78.php 第 211 行.
NOTIC: [8] Undefined index: day C:\wamp\www\gamefactory\Application\Runtime\Cache\Home\fba6a424c81fb3c3235e4c5e2bf1ba78.php 第 211 行.
NOTIC: [8] Undefined index: day C:\wamp\www\gamefactory\Application\Runtime\Cache\Home\fba6a424c81fb3c3235e4c5e2bf1ba78.php 第 211 行.
NOTIC: [8] Undefined index: day C:\wamp\www\gamefactory\Application\Runtime\Cache\Home\fba6a424c81fb3c3235e4c5e2bf1ba78.php 第 211 行.
NOTIC: [8] Undefined index: day C:\wamp\www\gamefactory\Application\Runtime\Cache\Home\fba6a424c81fb3c3235e4c5e2bf1ba78.php 第 211 行.
NOTIC: [8] Undefined index: day C:\wamp\www\gamefactory\Application\Runtime\Cache\Home\fba6a424c81fb3c3235e4c5e2bf1ba78.php 第 211 行.
NOTIC: [8] Undefined index: day C:\wamp\www\gamefactory\Application\Runtime\Cache\Home\fba6a424c81fb3c3235e4c5e2bf1ba78.php 第 211 行.
NOTIC: [8] Undefined index: day C:\wamp\www\gamefactory\Application\Runtime\Cache\Home\fba6a424c81fb3c3235e4c5e2bf1ba78.php 第 211 行.
NOTIC: [8] Undefined index: day C:\wamp\www\gamefactory\Application\Runtime\Cache\Home\fba6a424c81fb3c3235e4c5e2bf1ba78.php 第 211 行.
NOTIC: [8] Undefined index: day C:\wamp\www\gamefactory\Application\Runtime\Cache\Home\fba6a424c81fb3c3235e4c5e2bf1ba78.php 第 211 行.
NOTIC: [8] Undefined index: day C:\wamp\www\gamefactory\Application\Runtime\Cache\Home\fba6a424c81fb3c3235e4c5e2bf1ba78.php 第 211 行.
NOTIC: [8] Undefined index: day C:\wamp\www\gamefactory\Application\Runtime\Cache\Home\fba6a424c81fb3c3235e4c5e2bf1ba78.php 第 211 行.
NOTIC: [8] Undefined index: day C:\wamp\www\gamefactory\Application\Runtime\Cache\Home\fba6a424c81fb3c3235e4c5e2bf1ba78.php 第 211 行.
NOTIC: [8] Undefined index: day C:\wamp\www\gamefactory\Application\Runtime\Cache\Home\fba6a424c81fb3c3235e4c5e2bf1ba78.php 第 211 行.
NOTIC: [8] Undefined index: day C:\wamp\www\gamefactory\Application\Runtime\Cache\Home\fba6a424c81fb3c3235e4c5e2bf1ba78.php 第 211 行.
NOTIC: [8] Undefined index: day C:\wamp\www\gamefactory\Application\Runtime\Cache\Home\fba6a424c81fb3c3235e4c5e2bf1ba78.php 第 211 行.
NOTIC: [8] Undefined index: day C:\wamp\www\gamefactory\Application\Runtime\Cache\Home\fba6a424c81fb3c3235e4c5e2bf1ba78.php 第 211 行.
NOTIC: [8] Undefined index: day C:\wamp\www\gamefactory\Application\Runtime\Cache\Home\fba6a424c81fb3c3235e4c5e2bf1ba78.php 第 211 行.
NOTIC: [8] Undefined index: day C:\wamp\www\gamefactory\Application\Runtime\Cache\Home\fba6a424c81fb3c3235e4c5e2bf1ba78.php 第 211 行.
NOTIC: [8] Undefined index: day C:\wamp\www\gamefactory\Application\Runtime\Cache\Home\fba6a424c81fb3c3235e4c5e2bf1ba78.php 第 211 行.
NOTIC: [8] Undefined index: day C:\wamp\www\gamefactory\Application\Runtime\Cache\Home\fba6a424c81fb3c3235e4c5e2bf1ba78.php 第 211 行.
NOTIC: [8] Undefined index: day C:\wamp\www\gamefactory\Application\Runtime\Cache\Home\fba6a424c81fb3c3235e4c5e2bf1ba78.php 第 211 行.
NOTIC: [8] Undefined index: day C:\wamp\www\gamefactory\Application\Runtime\Cache\Home\fba6a424c81fb3c3235e4c5e2bf1ba78.php 第 211 行.
NOTIC: [8] Undefined index: day C:\wamp\www\gamefactory\Application\Runtime\Cache\Home\fba6a424c81fb3c3235e4c5e2bf1ba78.php 第 211 行.
NOTIC: [8] Undefined index: day C:\wamp\www\gamefactory\Application\Runtime\Cache\Home\fba6a424c81fb3c3235e4c5e2bf1ba78.php 第 211 行.
NOTIC: [8] Undefined index: day C:\wamp\www\gamefactory\Application\Runtime\Cache\Home\fba6a424c81fb3c3235e4c5e2bf1ba78.php 第 211 行.
NOTIC: [8] Undefined index: day C:\wamp\www\gamefactory\Application\Runtime\Cache\Home\fba6a424c81fb3c3235e4c5e2bf1ba78.php 第 211 行.
NOTIC: [8] Undefined index: day C:\wamp\www\gamefactory\Application\Runtime\Cache\Home\fba6a424c81fb3c3235e4c5e2bf1ba78.php 第 211 行.
NOTIC: [8] Undefined index: day C:\wamp\www\gamefactory\Application\Runtime\Cache\Home\fba6a424c81fb3c3235e4c5e2bf1ba78.php 第 211 行.
NOTIC: [8] Undefined index: day C:\wamp\www\gamefactory\Application\Runtime\Cache\Home\fba6a424c81fb3c3235e4c5e2bf1ba78.php 第 211 行.
NOTIC: [8] Undefined index: day C:\wamp\www\gamefactory\Application\Runtime\Cache\Home\fba6a424c81fb3c3235e4c5e2bf1ba78.php 第 211 行.
NOTIC: [8] Undefined index: day C:\wamp\www\gamefactory\Application\Runtime\Cache\Home\fba6a424c81fb3c3235e4c5e2bf1ba78.php 第 211 行.
NOTIC: [8] Undefined index: day C:\wamp\www\gamefactory\Application\Runtime\Cache\Home\fba6a424c81fb3c3235e4c5e2bf1ba78.php 第 211 行.
NOTIC: [8] Undefined index: day C:\wamp\www\gamefactory\Application\Runtime\Cache\Home\fba6a424c81fb3c3235e4c5e2bf1ba78.php 第 211 行.
NOTIC: [8] Undefined index: day C:\wamp\www\gamefactory\Application\Runtime\Cache\Home\fba6a424c81fb3c3235e4c5e2bf1ba78.php 第 211 行.
INFO: Run Behavior\ParseTemplateBehavior [ RunTime:0.045883s ]
INFO: [ view_parse ] --END-- [ RunTime:0.046060s ]
INFO: [ view_filter ] --START--
INFO: Run Behavior\WriteHtmlCacheBehavior [ RunTime:0.000736s ]
INFO: [ view_filter ] --END-- [ RunTime:0.000838s ]
INFO: [ app_end ] --START--
INFO: Run Behavior\ShowPageTraceBehavior [ RunTime:0.001594s ]
INFO: [ app_end ] --END-- [ RunTime:0.001783s ]

