[ 2017-01-15T02:06:57+08:00 ] ::1 /gamefactory/
INFO: [ app_init ] --START--
INFO: Run Behavior\BuildLiteBehavior [ RunTime:0.000037s ]
INFO: [ app_init ] --END-- [ RunTime:0.001966s ]
INFO: [ app_begin ] --START--
INFO: Run Behavior\ReadHtmlCacheBehavior [ RunTime:0.001539s ]
INFO: [ app_begin ] --END-- [ RunTime:0.001791s ]
INFO: [ view_parse ] --START--
INFO: [ template_filter ] --START--
INFO: Run Behavior\ContentReplaceBehavior [ RunTime:0.001268s ]
INFO: [ template_filter ] --END-- [ RunTime:0.001427s ]
INFO: Run Behavior\ParseTemplateBehavior [ RunTime:0.012573s ]
INFO: [ view_parse ] --END-- [ RunTime:0.012716s ]
INFO: [ view_filter ] --START--
INFO: Run Behavior\WriteHtmlCacheBehavior [ RunTime:0.000801s ]
INFO: [ view_filter ] --END-- [ RunTime:0.000918s ]
INFO: [ app_end ] --START--
INFO: Run Behavior\ShowPageTraceBehavior [ RunTime:0.001040s ]
INFO: [ app_end ] --END-- [ RunTime:0.001184s ]

[ 2017-01-15T02:07:03+08:00 ] ::1 /gamefactory/index.php/home/index/do_login
INFO: [ app_init ] --START--
INFO: Run Behavior\BuildLiteBehavior [ RunTime:0.000028s ]
INFO: [ app_init ] --END-- [ RunTime:0.000619s ]
INFO: [ app_begin ] --START--
INFO: Run Behavior\ReadHtmlCacheBehavior [ RunTime:0.000686s ]
INFO: [ app_begin ] --END-- [ RunTime:0.000803s ]
SQL: SHOW COLUMNS FROM `adminer` [ RunTime:0.0353s ]
NOTIC: [8] Undefined index: auto C:\wamp\www\gamefactory\ThinkPHP\Library\Think\Model.class.php 第 1128 行.
SQL: SELECT * FROM `adminer` WHERE `username` = 'admin' AND `password` = '21232f297a57a5a743894a0e4a801fc3' LIMIT 1   [ RunTime:0.0061s ]
INFO: [ view_parse ] --START--
INFO: [ template_filter ] --START--
INFO: Run Behavior\ContentReplaceBehavior [ RunTime:0.000073s ]
INFO: [ template_filter ] --END-- [ RunTime:0.000194s ]
INFO: Run Behavior\ParseTemplateBehavior [ RunTime:0.007853s ]
INFO: [ view_parse ] --END-- [ RunTime:0.008008s ]
INFO: [ view_filter ] --START--
INFO: Run Behavior\WriteHtmlCacheBehavior [ RunTime:0.000484s ]
INFO: [ view_filter ] --END-- [ RunTime:0.000588s ]
INFO: [ app_end ] --START--
INFO: Run Behavior\ShowPageTraceBehavior [ RunTime:0.000671s ]
INFO: [ app_end ] --END-- [ RunTime:0.000777s ]

[ 2017-01-15T02:07:04+08:00 ] ::1 /gamefactory/index.php/home/front/index
INFO: [ app_init ] --START--
INFO: Run Behavior\BuildLiteBehavior [ RunTime:0.000108s ]
INFO: [ app_init ] --END-- [ RunTime:0.001780s ]
INFO: [ app_begin ] --START--
INFO: Run Behavior\ReadHtmlCacheBehavior [ RunTime:0.002184s ]
INFO: [ app_begin ] --END-- [ RunTime:0.003186s ]
SQL: SHOW COLUMNS FROM `channel_statistics` [ RunTime:0.0215s ]
SQL: SELECT COUNT(*) AS tp_count FROM `channel_statistics` LIMIT 1   [ RunTime:0.0034s ]
SQL: SELECT * FROM `channel_statistics` WHERE `create_time` = 1484409600 ORDER BY id desc LIMIT 0,15   [ RunTime:0.0206s ]
SQL: SELECT * FROM `channel_statistics` WHERE ( create_time=1484323200 )  [ RunTime:0.0023s ]
SQL: SELECT * FROM `channel_statistics` WHERE ( create_time=1484409600 )  [ RunTime:0.0020s ]
NOTIC: [2] Division by zero C:\wamp\www\gamefactory\Application\Home\Controller\FrontController.class.php 第 66 行.
NOTIC: [2] Division by zero C:\wamp\www\gamefactory\Application\Home\Controller\FrontController.class.php 第 67 行.
NOTIC: [2] Division by zero C:\wamp\www\gamefactory\Application\Home\Controller\FrontController.class.php 第 69 行.
NOTIC: [2] Division by zero C:\wamp\www\gamefactory\Application\Home\Controller\FrontController.class.php 第 70 行.
SQL: SHOW COLUMNS FROM `month` [ RunTime:0.0217s ]
SQL: SELECT * FROM `month`  [ RunTime:0.0012s ]
SQL: SHOW COLUMNS FROM `day` [ RunTime:0.0222s ]
SQL: SELECT * FROM `day` WHERE `month` = 1  [ RunTime:0.0016s ]
INFO: [ view_parse ] --START--
INFO: [ template_filter ] --START--
INFO: Run Behavior\ContentReplaceBehavior [ RunTime:0.000787s ]
INFO: [ template_filter ] --END-- [ RunTime:0.001358s ]
NOTIC: [8] Undefined variable: Think C:\wamp\www\gamefactory\Application\Runtime\Cache\Home\ceb1297804ba15edd6883bc7692a18ac.php 第 45 行.
NOTIC: [8] Use of undefined constant Front - assumed 'Front' C:\wamp\www\gamefactory\Application\Runtime\Cache\Home\ceb1297804ba15edd6883bc7692a18ac.php 第 45 行.
NOTIC: [8] Undefined variable: Think C:\wamp\www\gamefactory\Application\Runtime\Cache\Home\ceb1297804ba15edd6883bc7692a18ac.php 第 48 行.
NOTIC: [8] Use of undefined constant Game - assumed 'Game' C:\wamp\www\gamefactory\Application\Runtime\Cache\Home\ceb1297804ba15edd6883bc7692a18ac.php 第 48 行.
NOTIC: [8] Undefined variable: Think C:\wamp\www\gamefactory\Application\Runtime\Cache\Home\ceb1297804ba15edd6883bc7692a18ac.php 第 51 行.
NOTIC: [8] Use of undefined constant Channel - assumed 'Channel' C:\wamp\www\gamefactory\Application\Runtime\Cache\Home\ceb1297804ba15edd6883bc7692a18ac.php 第 51 行.
NOTIC: [8] Undefined variable: Think C:\wamp\www\gamefactory\Application\Runtime\Cache\Home\ceb1297804ba15edd6883bc7692a18ac.php 第 54 行.
NOTIC: [8] Use of undefined constant Sp - assumed 'Sp' C:\wamp\www\gamefactory\Application\Runtime\Cache\Home\ceb1297804ba15edd6883bc7692a18ac.php 第 54 行.
NOTIC: [8] Undefined variable: Think C:\wamp\www\gamefactory\Application\Runtime\Cache\Home\ceb1297804ba15edd6883bc7692a18ac.php 第 57 行.
NOTIC: [8] Use of undefined constant Sp - assumed 'Sp' C:\wamp\www\gamefactory\Application\Runtime\Cache\Home\ceb1297804ba15edd6883bc7692a18ac.php 第 57 行.
NOTIC: [8] Undefined variable: Think C:\wamp\www\gamefactory\Application\Runtime\Cache\Home\ceb1297804ba15edd6883bc7692a18ac.php 第 60 行.
NOTIC: [8] Use of undefined constant Sp - assumed 'Sp' C:\wamp\www\gamefactory\Application\Runtime\Cache\Home\ceb1297804ba15edd6883bc7692a18ac.php 第 60 行.
NOTIC: [8] Undefined variable: Think C:\wamp\www\gamefactory\Application\Runtime\Cache\Home\ceb1297804ba15edd6883bc7692a18ac.php 第 63 行.
NOTIC: [8] Use of undefined constant Sp - assumed 'Sp' C:\wamp\www\gamefactory\Application\Runtime\Cache\Home\ceb1297804ba15edd6883bc7692a18ac.php 第 63 行.
NOTIC: [8] Undefined variable: Think C:\wamp\www\gamefactory\Application\Runtime\Cache\Home\ceb1297804ba15edd6883bc7692a18ac.php 第 68 行.
NOTIC: [8] Use of undefined constant Province - assumed 'Province' C:\wamp\www\gamefactory\Application\Runtime\Cache\Home\ceb1297804ba15edd6883bc7692a18ac.php 第 68 行.
NOTIC: [8] Undefined variable: Think C:\wamp\www\gamefactory\Application\Runtime\Cache\Home\ceb1297804ba15edd6883bc7692a18ac.php 第 71 行.
NOTIC: [8] Use of undefined constant Package - assumed 'Package' C:\wamp\www\gamefactory\Application\Runtime\Cache\Home\ceb1297804ba15edd6883bc7692a18ac.php 第 71 行.
NOTIC: [8] Undefined variable: Think C:\wamp\www\gamefactory\Application\Runtime\Cache\Home\ceb1297804ba15edd6883bc7692a18ac.php 第 74 行.
NOTIC: [8] Use of undefined constant Log - assumed 'Log' C:\wamp\www\gamefactory\Application\Runtime\Cache\Home\ceb1297804ba15edd6883bc7692a18ac.php 第 74 行.
NOTIC: [8] Undefined variable: Think C:\wamp\www\gamefactory\Application\Runtime\Cache\Home\ceb1297804ba15edd6883bc7692a18ac.php 第 77 行.
NOTIC: [8] Use of undefined constant Install - assumed 'Install' C:\wamp\www\gamefactory\Application\Runtime\Cache\Home\ceb1297804ba15edd6883bc7692a18ac.php 第 77 行.
NOTIC: [8] Undefined variable: Think C:\wamp\www\gamefactory\Application\Runtime\Cache\Home\ceb1297804ba15edd6883bc7692a18ac.php 第 80 行.
NOTIC: [8] Use of undefined constant Andriodss - assumed 'Andriodss' C:\wamp\www\gamefactory\Application\Runtime\Cache\Home\ceb1297804ba15edd6883bc7692a18ac.php 第 80 行.
NOTIC: [8] Undefined variable: Think C:\wamp\www\gamefactory\Application\Runtime\Cache\Home\ceb1297804ba15edd6883bc7692a18ac.php 第 83 行.
NOTIC: [8] Use of undefined constant Order - assumed 'Order' C:\wamp\www\gamefactory\Application\Runtime\Cache\Home\ceb1297804ba15edd6883bc7692a18ac.php 第 83 行.
INFO: Run Behavior\ParseTemplateBehavior [ RunTime:0.074478s ]
INFO: [ view_parse ] --END-- [ RunTime:0.074805s ]
INFO: [ view_filter ] --START--
INFO: Run Behavior\WriteHtmlCacheBehavior [ RunTime:0.000909s ]
INFO: [ view_filter ] --END-- [ RunTime:0.001136s ]
INFO: [ app_end ] --START--
INFO: Run Behavior\ShowPageTraceBehavior [ RunTime:0.001484s ]
INFO: [ app_end ] --END-- [ RunTime:0.001835s ]

[ 2017-01-15T02:07:04+08:00 ] ::1 /gamefactory/index.php/home/front/index
INFO: [ app_init ] --START--
INFO: Run Behavior\BuildLiteBehavior [ RunTime:0.000035s ]
INFO: [ app_init ] --END-- [ RunTime:0.000761s ]
INFO: [ app_begin ] --START--
INFO: Run Behavior\ReadHtmlCacheBehavior [ RunTime:0.000704s ]
INFO: [ app_begin ] --END-- [ RunTime:0.000815s ]
SQL: SHOW COLUMNS FROM `channel_statistics` [ RunTime:0.0063s ]
SQL: SELECT COUNT(*) AS tp_count FROM `channel_statistics` LIMIT 1   [ RunTime:0.0004s ]
SQL: SELECT * FROM `channel_statistics` WHERE `create_time` = 1484409600 ORDER BY id desc LIMIT 0,15   [ RunTime:0.0047s ]
SQL: SELECT * FROM `channel_statistics` WHERE ( create_time=1484323200 )  [ RunTime:0.0008s ]
SQL: SELECT * FROM `channel_statistics` WHERE ( create_time=1484409600 )  [ RunTime:0.0011s ]
NOTIC: [2] Division by zero C:\wamp\www\gamefactory\Application\Home\Controller\FrontController.class.php 第 66 行.
NOTIC: [2] Division by zero C:\wamp\www\gamefactory\Application\Home\Controller\FrontController.class.php 第 67 行.
NOTIC: [2] Division by zero C:\wamp\www\gamefactory\Application\Home\Controller\FrontController.class.php 第 69 行.
NOTIC: [2] Division by zero C:\wamp\www\gamefactory\Application\Home\Controller\FrontController.class.php 第 70 行.
SQL: SHOW COLUMNS FROM `month` [ RunTime:0.0063s ]
SQL: SELECT * FROM `month`  [ RunTime:0.0004s ]
SQL: SHOW COLUMNS FROM `day` [ RunTime:0.0050s ]
SQL: SELECT * FROM `day` WHERE `month` = 1  [ RunTime:0.0005s ]
INFO: [ view_parse ] --START--
INFO: [ template_filter ] --START--
INFO: Run Behavior\ContentReplaceBehavior [ RunTime:0.000190s ]
INFO: [ template_filter ] --END-- [ RunTime:0.000313s ]
NOTIC: [8] Undefined variable: Think C:\wamp\www\gamefactory\Application\Runtime\Cache\Home\ceb1297804ba15edd6883bc7692a18ac.php 第 45 行.
NOTIC: [8] Use of undefined constant Front - assumed 'Front' C:\wamp\www\gamefactory\Application\Runtime\Cache\Home\ceb1297804ba15edd6883bc7692a18ac.php 第 45 行.
NOTIC: [8] Undefined variable: Think C:\wamp\www\gamefactory\Application\Runtime\Cache\Home\ceb1297804ba15edd6883bc7692a18ac.php 第 48 行.
NOTIC: [8] Use of undefined constant Game - assumed 'Game' C:\wamp\www\gamefactory\Application\Runtime\Cache\Home\ceb1297804ba15edd6883bc7692a18ac.php 第 48 行.
NOTIC: [8] Undefined variable: Think C:\wamp\www\gamefactory\Application\Runtime\Cache\Home\ceb1297804ba15edd6883bc7692a18ac.php 第 51 行.
NOTIC: [8] Use of undefined constant Channel - assumed 'Channel' C:\wamp\www\gamefactory\Application\Runtime\Cache\Home\ceb1297804ba15edd6883bc7692a18ac.php 第 51 行.
NOTIC: [8] Undefined variable: Think C:\wamp\www\gamefactory\Application\Runtime\Cache\Home\ceb1297804ba15edd6883bc7692a18ac.php 第 54 行.
NOTIC: [8] Use of undefined constant Sp - assumed 'Sp' C:\wamp\www\gamefactory\Application\Runtime\Cache\Home\ceb1297804ba15edd6883bc7692a18ac.php 第 54 行.
NOTIC: [8] Undefined variable: Think C:\wamp\www\gamefactory\Application\Runtime\Cache\Home\ceb1297804ba15edd6883bc7692a18ac.php 第 57 行.
NOTIC: [8] Use of undefined constant Sp - assumed 'Sp' C:\wamp\www\gamefactory\Application\Runtime\Cache\Home\ceb1297804ba15edd6883bc7692a18ac.php 第 57 行.
NOTIC: [8] Undefined variable: Think C:\wamp\www\gamefactory\Application\Runtime\Cache\Home\ceb1297804ba15edd6883bc7692a18ac.php 第 60 行.
NOTIC: [8] Use of undefined constant Sp - assumed 'Sp' C:\wamp\www\gamefactory\Application\Runtime\Cache\Home\ceb1297804ba15edd6883bc7692a18ac.php 第 60 行.
NOTIC: [8] Undefined variable: Think C:\wamp\www\gamefactory\Application\Runtime\Cache\Home\ceb1297804ba15edd6883bc7692a18ac.php 第 63 行.
NOTIC: [8] Use of undefined constant Sp - assumed 'Sp' C:\wamp\www\gamefactory\Application\Runtime\Cache\Home\ceb1297804ba15edd6883bc7692a18ac.php 第 63 行.
NOTIC: [8] Undefined variable: Think C:\wamp\www\gamefactory\Application\Runtime\Cache\Home\ceb1297804ba15edd6883bc7692a18ac.php 第 68 行.
NOTIC: [8] Use of undefined constant Province - assumed 'Province' C:\wamp\www\gamefactory\Application\Runtime\Cache\Home\ceb1297804ba15edd6883bc7692a18ac.php 第 68 行.
NOTIC: [8] Undefined variable: Think C:\wamp\www\gamefactory\Application\Runtime\Cache\Home\ceb1297804ba15edd6883bc7692a18ac.php 第 71 行.
NOTIC: [8] Use of undefined constant Package - assumed 'Package' C:\wamp\www\gamefactory\Application\Runtime\Cache\Home\ceb1297804ba15edd6883bc7692a18ac.php 第 71 行.
NOTIC: [8] Undefined variable: Think C:\wamp\www\gamefactory\Application\Runtime\Cache\Home\ceb1297804ba15edd6883bc7692a18ac.php 第 74 行.
NOTIC: [8] Use of undefined constant Log - assumed 'Log' C:\wamp\www\gamefactory\Application\Runtime\Cache\Home\ceb1297804ba15edd6883bc7692a18ac.php 第 74 行.
NOTIC: [8] Undefined variable: Think C:\wamp\www\gamefactory\Application\Runtime\Cache\Home\ceb1297804ba15edd6883bc7692a18ac.php 第 77 行.
NOTIC: [8] Use of undefined constant Install - assumed 'Install' C:\wamp\www\gamefactory\Application\Runtime\Cache\Home\ceb1297804ba15edd6883bc7692a18ac.php 第 77 行.
NOTIC: [8] Undefined variable: Think C:\wamp\www\gamefactory\Application\Runtime\Cache\Home\ceb1297804ba15edd6883bc7692a18ac.php 第 80 行.
NOTIC: [8] Use of undefined constant Andriodss - assumed 'Andriodss' C:\wamp\www\gamefactory\Application\Runtime\Cache\Home\ceb1297804ba15edd6883bc7692a18ac.php 第 80 行.
NOTIC: [8] Undefined variable: Think C:\wamp\www\gamefactory\Application\Runtime\Cache\Home\ceb1297804ba15edd6883bc7692a18ac.php 第 83 行.
NOTIC: [8] Use of undefined constant Order - assumed 'Order' C:\wamp\www\gamefactory\Application\Runtime\Cache\Home\ceb1297804ba15edd6883bc7692a18ac.php 第 83 行.
INFO: Run Behavior\ParseTemplateBehavior [ RunTime:0.025961s ]
INFO: [ view_parse ] --END-- [ RunTime:0.026113s ]
INFO: [ view_filter ] --START--
INFO: Run Behavior\WriteHtmlCacheBehavior [ RunTime:0.000645s ]
INFO: [ view_filter ] --END-- [ RunTime:0.000744s ]
INFO: [ app_end ] --START--
INFO: Run Behavior\ShowPageTraceBehavior [ RunTime:0.001162s ]
INFO: [ app_end ] --END-- [ RunTime:0.001294s ]

[ 2017-01-15T02:07:05+08:00 ] ::1 /gamefactory/index.php/home/front/index
INFO: [ app_init ] --START--
INFO: Run Behavior\BuildLiteBehavior [ RunTime:0.000027s ]
INFO: [ app_init ] --END-- [ RunTime:0.000590s ]
INFO: [ app_begin ] --START--
INFO: Run Behavior\ReadHtmlCacheBehavior [ RunTime:0.000583s ]
INFO: [ app_begin ] --END-- [ RunTime:0.000677s ]
SQL: SHOW COLUMNS FROM `channel_statistics` [ RunTime:0.0057s ]
SQL: SELECT COUNT(*) AS tp_count FROM `channel_statistics` LIMIT 1   [ RunTime:0.0004s ]
SQL: SELECT * FROM `channel_statistics` WHERE `create_time` = 1484409600 ORDER BY id desc LIMIT 0,15   [ RunTime:0.0046s ]
SQL: SELECT * FROM `channel_statistics` WHERE ( create_time=1484323200 )  [ RunTime:0.0011s ]
SQL: SELECT * FROM `channel_statistics` WHERE ( create_time=1484409600 )  [ RunTime:0.0011s ]
NOTIC: [2] Division by zero C:\wamp\www\gamefactory\Application\Home\Controller\FrontController.class.php 第 66 行.
NOTIC: [2] Division by zero C:\wamp\www\gamefactory\Application\Home\Controller\FrontController.class.php 第 67 行.
NOTIC: [2] Division by zero C:\wamp\www\gamefactory\Application\Home\Controller\FrontController.class.php 第 69 行.
NOTIC: [2] Division by zero C:\wamp\www\gamefactory\Application\Home\Controller\FrontController.class.php 第 70 行.
SQL: SHOW COLUMNS FROM `month` [ RunTime:0.0046s ]
SQL: SELECT * FROM `month`  [ RunTime:0.0004s ]
SQL: SHOW COLUMNS FROM `day` [ RunTime:0.0047s ]
SQL: SELECT * FROM `day` WHERE `month` = 1  [ RunTime:0.0005s ]
INFO: [ view_parse ] --START--
INFO: [ template_filter ] --START--
INFO: Run Behavior\ContentReplaceBehavior [ RunTime:0.000174s ]
INFO: [ template_filter ] --END-- [ RunTime:0.000282s ]
NOTIC: [8] Undefined variable: Think C:\wamp\www\gamefactory\Application\Runtime\Cache\Home\ceb1297804ba15edd6883bc7692a18ac.php 第 45 行.
NOTIC: [8] Use of undefined constant Front - assumed 'Front' C:\wamp\www\gamefactory\Application\Runtime\Cache\Home\ceb1297804ba15edd6883bc7692a18ac.php 第 45 行.
NOTIC: [8] Undefined variable: Think C:\wamp\www\gamefactory\Application\Runtime\Cache\Home\ceb1297804ba15edd6883bc7692a18ac.php 第 48 行.
NOTIC: [8] Use of undefined constant Game - assumed 'Game' C:\wamp\www\gamefactory\Application\Runtime\Cache\Home\ceb1297804ba15edd6883bc7692a18ac.php 第 48 行.
NOTIC: [8] Undefined variable: Think C:\wamp\www\gamefactory\Application\Runtime\Cache\Home\ceb1297804ba15edd6883bc7692a18ac.php 第 51 行.
NOTIC: [8] Use of undefined constant Channel - assumed 'Channel' C:\wamp\www\gamefactory\Application\Runtime\Cache\Home\ceb1297804ba15edd6883bc7692a18ac.php 第 51 行.
NOTIC: [8] Undefined variable: Think C:\wamp\www\gamefactory\Application\Runtime\Cache\Home\ceb1297804ba15edd6883bc7692a18ac.php 第 54 行.
NOTIC: [8] Use of undefined constant Sp - assumed 'Sp' C:\wamp\www\gamefactory\Application\Runtime\Cache\Home\ceb1297804ba15edd6883bc7692a18ac.php 第 54 行.
NOTIC: [8] Undefined variable: Think C:\wamp\www\gamefactory\Application\Runtime\Cache\Home\ceb1297804ba15edd6883bc7692a18ac.php 第 57 行.
NOTIC: [8] Use of undefined constant Sp - assumed 'Sp' C:\wamp\www\gamefactory\Application\Runtime\Cache\Home\ceb1297804ba15edd6883bc7692a18ac.php 第 57 行.
NOTIC: [8] Undefined variable: Think C:\wamp\www\gamefactory\Application\Runtime\Cache\Home\ceb1297804ba15edd6883bc7692a18ac.php 第 60 行.
NOTIC: [8] Use of undefined constant Sp - assumed 'Sp' C:\wamp\www\gamefactory\Application\Runtime\Cache\Home\ceb1297804ba15edd6883bc7692a18ac.php 第 60 行.
NOTIC: [8] Undefined variable: Think C:\wamp\www\gamefactory\Application\Runtime\Cache\Home\ceb1297804ba15edd6883bc7692a18ac.php 第 63 行.
NOTIC: [8] Use of undefined constant Sp - assumed 'Sp' C:\wamp\www\gamefactory\Application\Runtime\Cache\Home\ceb1297804ba15edd6883bc7692a18ac.php 第 63 行.
NOTIC: [8] Undefined variable: Think C:\wamp\www\gamefactory\Application\Runtime\Cache\Home\ceb1297804ba15edd6883bc7692a18ac.php 第 68 行.
NOTIC: [8] Use of undefined constant Province - assumed 'Province' C:\wamp\www\gamefactory\Application\Runtime\Cache\Home\ceb1297804ba15edd6883bc7692a18ac.php 第 68 行.
NOTIC: [8] Undefined variable: Think C:\wamp\www\gamefactory\Application\Runtime\Cache\Home\ceb1297804ba15edd6883bc7692a18ac.php 第 71 行.
NOTIC: [8] Use of undefined constant Package - assumed 'Package' C:\wamp\www\gamefactory\Application\Runtime\Cache\Home\ceb1297804ba15edd6883bc7692a18ac.php 第 71 行.
NOTIC: [8] Undefined variable: Think C:\wamp\www\gamefactory\Application\Runtime\Cache\Home\ceb1297804ba15edd6883bc7692a18ac.php 第 74 行.
NOTIC: [8] Use of undefined constant Log - assumed 'Log' C:\wamp\www\gamefactory\Application\Runtime\Cache\Home\ceb1297804ba15edd6883bc7692a18ac.php 第 74 行.
NOTIC: [8] Undefined variable: Think C:\wamp\www\gamefactory\Application\Runtime\Cache\Home\ceb1297804ba15edd6883bc7692a18ac.php 第 77 行.
NOTIC: [8] Use of undefined constant Install - assumed 'Install' C:\wamp\www\gamefactory\Application\Runtime\Cache\Home\ceb1297804ba15edd6883bc7692a18ac.php 第 77 行.
NOTIC: [8] Undefined variable: Think C:\wamp\www\gamefactory\Application\Runtime\Cache\Home\ceb1297804ba15edd6883bc7692a18ac.php 第 80 行.
NOTIC: [8] Use of undefined constant Andriodss - assumed 'Andriodss' C:\wamp\www\gamefactory\Application\Runtime\Cache\Home\ceb1297804ba15edd6883bc7692a18ac.php 第 80 行.
NOTIC: [8] Undefined variable: Think C:\wamp\www\gamefactory\Application\Runtime\Cache\Home\ceb1297804ba15edd6883bc7692a18ac.php 第 83 行.
NOTIC: [8] Use of undefined constant Order - assumed 'Order' C:\wamp\www\gamefactory\Application\Runtime\Cache\Home\ceb1297804ba15edd6883bc7692a18ac.php 第 83 行.
INFO: Run Behavior\ParseTemplateBehavior [ RunTime:0.025673s ]
INFO: [ view_parse ] --END-- [ RunTime:0.025771s ]
INFO: [ view_filter ] --START--
INFO: Run Behavior\WriteHtmlCacheBehavior [ RunTime:0.000566s ]
INFO: [ view_filter ] --END-- [ RunTime:0.000656s ]
INFO: [ app_end ] --START--
INFO: Run Behavior\ShowPageTraceBehavior [ RunTime:0.000790s ]
INFO: [ app_end ] --END-- [ RunTime:0.000934s ]

[ 2017-01-15T02:07:14+08:00 ] ::1 /gamefactory/index.php/home/Channel/index
INFO: [ app_init ] --START--
INFO: Run Behavior\BuildLiteBehavior [ RunTime:0.000083s ]
INFO: [ app_init ] --END-- [ RunTime:0.001780s ]
INFO: [ app_begin ] --START--
INFO: Run Behavior\ReadHtmlCacheBehavior [ RunTime:0.002354s ]
INFO: [ app_begin ] --END-- [ RunTime:0.002807s ]
SQL: SHOW COLUMNS FROM `channel` [ RunTime:0.0194s ]
SQL: SELECT * FROM `channel`  [ RunTime:0.0011s ]
INFO: [ view_parse ] --START--
INFO: [ template_filter ] --START--
INFO: Run Behavior\ContentReplaceBehavior [ RunTime:0.001096s ]
INFO: [ template_filter ] --END-- [ RunTime:0.001521s ]
NOTIC: [8] Undefined variable: Think C:\wamp\www\gamefactory\Application\Runtime\Cache\Home\64128101ac7c6d7731325d03e38ce490.php 第 45 行.
NOTIC: [8] Use of undefined constant Front - assumed 'Front' C:\wamp\www\gamefactory\Application\Runtime\Cache\Home\64128101ac7c6d7731325d03e38ce490.php 第 45 行.
NOTIC: [8] Undefined variable: Think C:\wamp\www\gamefactory\Application\Runtime\Cache\Home\64128101ac7c6d7731325d03e38ce490.php 第 48 行.
NOTIC: [8] Use of undefined constant Game - assumed 'Game' C:\wamp\www\gamefactory\Application\Runtime\Cache\Home\64128101ac7c6d7731325d03e38ce490.php 第 48 行.
NOTIC: [8] Undefined variable: Think C:\wamp\www\gamefactory\Application\Runtime\Cache\Home\64128101ac7c6d7731325d03e38ce490.php 第 51 行.
NOTIC: [8] Use of undefined constant Channel - assumed 'Channel' C:\wamp\www\gamefactory\Application\Runtime\Cache\Home\64128101ac7c6d7731325d03e38ce490.php 第 51 行.
NOTIC: [8] Undefined variable: Think C:\wamp\www\gamefactory\Application\Runtime\Cache\Home\64128101ac7c6d7731325d03e38ce490.php 第 54 行.
NOTIC: [8] Use of undefined constant Sp - assumed 'Sp' C:\wamp\www\gamefactory\Application\Runtime\Cache\Home\64128101ac7c6d7731325d03e38ce490.php 第 54 行.
NOTIC: [8] Undefined variable: Think C:\wamp\www\gamefactory\Application\Runtime\Cache\Home\64128101ac7c6d7731325d03e38ce490.php 第 57 行.
NOTIC: [8] Use of undefined constant Sp - assumed 'Sp' C:\wamp\www\gamefactory\Application\Runtime\Cache\Home\64128101ac7c6d7731325d03e38ce490.php 第 57 行.
NOTIC: [8] Undefined variable: Think C:\wamp\www\gamefactory\Application\Runtime\Cache\Home\64128101ac7c6d7731325d03e38ce490.php 第 60 行.
NOTIC: [8] Use of undefined constant Sp - assumed 'Sp' C:\wamp\www\gamefactory\Application\Runtime\Cache\Home\64128101ac7c6d7731325d03e38ce490.php 第 60 行.
NOTIC: [8] Undefined variable: Think C:\wamp\www\gamefactory\Application\Runtime\Cache\Home\64128101ac7c6d7731325d03e38ce490.php 第 63 行.
NOTIC: [8] Use of undefined constant Sp - assumed 'Sp' C:\wamp\www\gamefactory\Application\Runtime\Cache\Home\64128101ac7c6d7731325d03e38ce490.php 第 63 行.
NOTIC: [8] Undefined variable: Think C:\wamp\www\gamefactory\Application\Runtime\Cache\Home\64128101ac7c6d7731325d03e38ce490.php 第 68 行.
NOTIC: [8] Use of undefined constant Province - assumed 'Province' C:\wamp\www\gamefactory\Application\Runtime\Cache\Home\64128101ac7c6d7731325d03e38ce490.php 第 68 行.
NOTIC: [8] Undefined variable: Think C:\wamp\www\gamefactory\Application\Runtime\Cache\Home\64128101ac7c6d7731325d03e38ce490.php 第 71 行.
NOTIC: [8] Use of undefined constant Package - assumed 'Package' C:\wamp\www\gamefactory\Application\Runtime\Cache\Home\64128101ac7c6d7731325d03e38ce490.php 第 71 行.
NOTIC: [8] Undefined variable: Think C:\wamp\www\gamefactory\Application\Runtime\Cache\Home\64128101ac7c6d7731325d03e38ce490.php 第 74 行.
NOTIC: [8] Use of undefined constant Log - assumed 'Log' C:\wamp\www\gamefactory\Application\Runtime\Cache\Home\64128101ac7c6d7731325d03e38ce490.php 第 74 行.
NOTIC: [8] Undefined variable: Think C:\wamp\www\gamefactory\Application\Runtime\Cache\Home\64128101ac7c6d7731325d03e38ce490.php 第 77 行.
NOTIC: [8] Use of undefined constant Install - assumed 'Install' C:\wamp\www\gamefactory\Application\Runtime\Cache\Home\64128101ac7c6d7731325d03e38ce490.php 第 77 行.
NOTIC: [8] Undefined variable: Think C:\wamp\www\gamefactory\Application\Runtime\Cache\Home\64128101ac7c6d7731325d03e38ce490.php 第 80 行.
NOTIC: [8] Use of undefined constant Andriodss - assumed 'Andriodss' C:\wamp\www\gamefactory\Application\Runtime\Cache\Home\64128101ac7c6d7731325d03e38ce490.php 第 80 行.
NOTIC: [8] Undefined variable: Think C:\wamp\www\gamefactory\Application\Runtime\Cache\Home\64128101ac7c6d7731325d03e38ce490.php 第 83 行.
NOTIC: [8] Use of undefined constant Order - assumed 'Order' C:\wamp\www\gamefactory\Application\Runtime\Cache\Home\64128101ac7c6d7731325d03e38ce490.php 第 83 行.
INFO: Run Behavior\ParseTemplateBehavior [ RunTime:0.077674s ]
INFO: [ view_parse ] --END-- [ RunTime:0.078117s ]
INFO: [ view_filter ] --START--
INFO: Run Behavior\WriteHtmlCacheBehavior [ RunTime:0.001739s ]
INFO: [ view_filter ] --END-- [ RunTime:0.002182s ]
INFO: [ app_end ] --START--
INFO: Run Behavior\ShowPageTraceBehavior [ RunTime:0.004394s ]
INFO: [ app_end ] --END-- [ RunTime:0.005465s ]

[ 2017-01-15T02:07:18+08:00 ] ::1 /gamefactory/index.php/home/Sp/index
INFO: [ app_init ] --START--
INFO: Run Behavior\BuildLiteBehavior [ RunTime:0.000099s ]
INFO: [ app_init ] --END-- [ RunTime:0.002076s ]
INFO: [ app_begin ] --START--
INFO: Run Behavior\ReadHtmlCacheBehavior [ RunTime:0.002039s ]
INFO: [ app_begin ] --END-- [ RunTime:0.002500s ]
SQL: SHOW COLUMNS FROM `sp_name` [ RunTime:0.0189s ]
SQL: SELECT * FROM `sp_name`  [ RunTime:0.0024s ]
INFO: [ view_parse ] --START--
INFO: [ template_filter ] --START--
INFO: Run Behavior\ContentReplaceBehavior [ RunTime:0.000598s ]
INFO: [ template_filter ] --END-- [ RunTime:0.001090s ]
NOTIC: [8] Undefined variable: Think C:\wamp\www\gamefactory\Application\Runtime\Cache\Home\3cd63f4a0b8d98ea8bedfe2ceed813f5.php 第 45 行.
NOTIC: [8] Use of undefined constant Front - assumed 'Front' C:\wamp\www\gamefactory\Application\Runtime\Cache\Home\3cd63f4a0b8d98ea8bedfe2ceed813f5.php 第 45 行.
NOTIC: [8] Undefined variable: Think C:\wamp\www\gamefactory\Application\Runtime\Cache\Home\3cd63f4a0b8d98ea8bedfe2ceed813f5.php 第 48 行.
NOTIC: [8] Use of undefined constant Game - assumed 'Game' C:\wamp\www\gamefactory\Application\Runtime\Cache\Home\3cd63f4a0b8d98ea8bedfe2ceed813f5.php 第 48 行.
NOTIC: [8] Undefined variable: Think C:\wamp\www\gamefactory\Application\Runtime\Cache\Home\3cd63f4a0b8d98ea8bedfe2ceed813f5.php 第 51 行.
NOTIC: [8] Use of undefined constant Channel - assumed 'Channel' C:\wamp\www\gamefactory\Application\Runtime\Cache\Home\3cd63f4a0b8d98ea8bedfe2ceed813f5.php 第 51 行.
NOTIC: [8] Undefined variable: Think C:\wamp\www\gamefactory\Application\Runtime\Cache\Home\3cd63f4a0b8d98ea8bedfe2ceed813f5.php 第 54 行.
NOTIC: [8] Use of undefined constant Sp - assumed 'Sp' C:\wamp\www\gamefactory\Application\Runtime\Cache\Home\3cd63f4a0b8d98ea8bedfe2ceed813f5.php 第 54 行.
NOTIC: [8] Undefined variable: Think C:\wamp\www\gamefactory\Application\Runtime\Cache\Home\3cd63f4a0b8d98ea8bedfe2ceed813f5.php 第 57 行.
NOTIC: [8] Use of undefined constant Sp - assumed 'Sp' C:\wamp\www\gamefactory\Application\Runtime\Cache\Home\3cd63f4a0b8d98ea8bedfe2ceed813f5.php 第 57 行.
NOTIC: [8] Undefined variable: Think C:\wamp\www\gamefactory\Application\Runtime\Cache\Home\3cd63f4a0b8d98ea8bedfe2ceed813f5.php 第 60 行.
NOTIC: [8] Use of undefined constant Sp - assumed 'Sp' C:\wamp\www\gamefactory\Application\Runtime\Cache\Home\3cd63f4a0b8d98ea8bedfe2ceed813f5.php 第 60 行.
NOTIC: [8] Undefined variable: Think C:\wamp\www\gamefactory\Application\Runtime\Cache\Home\3cd63f4a0b8d98ea8bedfe2ceed813f5.php 第 63 行.
NOTIC: [8] Use of undefined constant Sp - assumed 'Sp' C:\wamp\www\gamefactory\Application\Runtime\Cache\Home\3cd63f4a0b8d98ea8bedfe2ceed813f5.php 第 63 行.
NOTIC: [8] Undefined variable: Think C:\wamp\www\gamefactory\Application\Runtime\Cache\Home\3cd63f4a0b8d98ea8bedfe2ceed813f5.php 第 68 行.
NOTIC: [8] Use of undefined constant Province - assumed 'Province' C:\wamp\www\gamefactory\Application\Runtime\Cache\Home\3cd63f4a0b8d98ea8bedfe2ceed813f5.php 第 68 行.
NOTIC: [8] Undefined variable: Think C:\wamp\www\gamefactory\Application\Runtime\Cache\Home\3cd63f4a0b8d98ea8bedfe2ceed813f5.php 第 71 行.
NOTIC: [8] Use of undefined constant Package - assumed 'Package' C:\wamp\www\gamefactory\Application\Runtime\Cache\Home\3cd63f4a0b8d98ea8bedfe2ceed813f5.php 第 71 行.
NOTIC: [8] Undefined variable: Think C:\wamp\www\gamefactory\Application\Runtime\Cache\Home\3cd63f4a0b8d98ea8bedfe2ceed813f5.php 第 74 行.
NOTIC: [8] Use of undefined constant Log - assumed 'Log' C:\wamp\www\gamefactory\Application\Runtime\Cache\Home\3cd63f4a0b8d98ea8bedfe2ceed813f5.php 第 74 行.
NOTIC: [8] Undefined variable: Think C:\wamp\www\gamefactory\Application\Runtime\Cache\Home\3cd63f4a0b8d98ea8bedfe2ceed813f5.php 第 77 行.
NOTIC: [8] Use of undefined constant Install - assumed 'Install' C:\wamp\www\gamefactory\Application\Runtime\Cache\Home\3cd63f4a0b8d98ea8bedfe2ceed813f5.php 第 77 行.
NOTIC: [8] Undefined variable: Think C:\wamp\www\gamefactory\Application\Runtime\Cache\Home\3cd63f4a0b8d98ea8bedfe2ceed813f5.php 第 80 行.
NOTIC: [8] Use of undefined constant Andriodss - assumed 'Andriodss' C:\wamp\www\gamefactory\Application\Runtime\Cache\Home\3cd63f4a0b8d98ea8bedfe2ceed813f5.php 第 80 行.
NOTIC: [8] Undefined variable: Think C:\wamp\www\gamefactory\Application\Runtime\Cache\Home\3cd63f4a0b8d98ea8bedfe2ceed813f5.php 第 83 行.
NOTIC: [8] Use of undefined constant Order - assumed 'Order' C:\wamp\www\gamefactory\Application\Runtime\Cache\Home\3cd63f4a0b8d98ea8bedfe2ceed813f5.php 第 83 行.
INFO: Run Behavior\ParseTemplateBehavior [ RunTime:0.098711s ]
INFO: [ view_parse ] --END-- [ RunTime:0.099434s ]
INFO: [ view_filter ] --START--
INFO: Run Behavior\WriteHtmlCacheBehavior [ RunTime:0.001509s ]
INFO: [ view_filter ] --END-- [ RunTime:0.001876s ]
INFO: [ app_end ] --START--
INFO: Run Behavior\ShowPageTraceBehavior [ RunTime:0.004683s ]
INFO: [ app_end ] --END-- [ RunTime:0.005292s ]

[ 2017-01-15T02:07:24+08:00 ] ::1 /gamefactory/index.php/home/Province/index
INFO: [ app_init ] --START--
INFO: Run Behavior\BuildLiteBehavior [ RunTime:0.000086s ]
INFO: [ app_init ] --END-- [ RunTime:0.001801s ]
INFO: [ app_begin ] --START--
INFO: Run Behavior\ReadHtmlCacheBehavior [ RunTime:0.001895s ]
INFO: [ app_begin ] --END-- [ RunTime:0.002290s ]
SQL: SHOW COLUMNS FROM `province_statistics` [ RunTime:0.0197s ]
SQL: SELECT * FROM `province_statistics` WHERE `month` = 1 AND `day` = 15  [ RunTime:0.0030s ]
SQL: SHOW COLUMNS FROM `province` [ RunTime:0.0201s ]
SQL: SELECT * FROM `province`  [ RunTime:0.0012s ]
INFO: [ view_parse ] --START--
INFO: [ template_filter ] --START--
INFO: Run Behavior\ContentReplaceBehavior [ RunTime:0.000492s ]
INFO: [ template_filter ] --END-- [ RunTime:0.001000s ]
NOTIC: [8] Undefined variable: Think C:\wamp\www\gamefactory\Application\Runtime\Cache\Home\7d8f8b14badb22e183bae2c8d7258deb.php 第 45 行.
NOTIC: [8] Use of undefined constant Front - assumed 'Front' C:\wamp\www\gamefactory\Application\Runtime\Cache\Home\7d8f8b14badb22e183bae2c8d7258deb.php 第 45 行.
NOTIC: [8] Undefined variable: Think C:\wamp\www\gamefactory\Application\Runtime\Cache\Home\7d8f8b14badb22e183bae2c8d7258deb.php 第 48 行.
NOTIC: [8] Use of undefined constant Game - assumed 'Game' C:\wamp\www\gamefactory\Application\Runtime\Cache\Home\7d8f8b14badb22e183bae2c8d7258deb.php 第 48 行.
NOTIC: [8] Undefined variable: Think C:\wamp\www\gamefactory\Application\Runtime\Cache\Home\7d8f8b14badb22e183bae2c8d7258deb.php 第 51 行.
NOTIC: [8] Use of undefined constant Channel - assumed 'Channel' C:\wamp\www\gamefactory\Application\Runtime\Cache\Home\7d8f8b14badb22e183bae2c8d7258deb.php 第 51 行.
NOTIC: [8] Undefined variable: Think C:\wamp\www\gamefactory\Application\Runtime\Cache\Home\7d8f8b14badb22e183bae2c8d7258deb.php 第 54 行.
NOTIC: [8] Use of undefined constant Sp - assumed 'Sp' C:\wamp\www\gamefactory\Application\Runtime\Cache\Home\7d8f8b14badb22e183bae2c8d7258deb.php 第 54 行.
NOTIC: [8] Undefined variable: Think C:\wamp\www\gamefactory\Application\Runtime\Cache\Home\7d8f8b14badb22e183bae2c8d7258deb.php 第 57 行.
NOTIC: [8] Use of undefined constant Sp - assumed 'Sp' C:\wamp\www\gamefactory\Application\Runtime\Cache\Home\7d8f8b14badb22e183bae2c8d7258deb.php 第 57 行.
NOTIC: [8] Undefined variable: Think C:\wamp\www\gamefactory\Application\Runtime\Cache\Home\7d8f8b14badb22e183bae2c8d7258deb.php 第 60 行.
NOTIC: [8] Use of undefined constant Sp - assumed 'Sp' C:\wamp\www\gamefactory\Application\Runtime\Cache\Home\7d8f8b14badb22e183bae2c8d7258deb.php 第 60 行.
NOTIC: [8] Undefined variable: Think C:\wamp\www\gamefactory\Application\Runtime\Cache\Home\7d8f8b14badb22e183bae2c8d7258deb.php 第 63 行.
NOTIC: [8] Use of undefined constant Sp - assumed 'Sp' C:\wamp\www\gamefactory\Application\Runtime\Cache\Home\7d8f8b14badb22e183bae2c8d7258deb.php 第 63 行.
NOTIC: [8] Undefined variable: Think C:\wamp\www\gamefactory\Application\Runtime\Cache\Home\7d8f8b14badb22e183bae2c8d7258deb.php 第 68 行.
NOTIC: [8] Use of undefined constant Province - assumed 'Province' C:\wamp\www\gamefactory\Application\Runtime\Cache\Home\7d8f8b14badb22e183bae2c8d7258deb.php 第 68 行.
NOTIC: [8] Undefined variable: Think C:\wamp\www\gamefactory\Application\Runtime\Cache\Home\7d8f8b14badb22e183bae2c8d7258deb.php 第 71 行.
NOTIC: [8] Use of undefined constant Package - assumed 'Package' C:\wamp\www\gamefactory\Application\Runtime\Cache\Home\7d8f8b14badb22e183bae2c8d7258deb.php 第 71 行.
NOTIC: [8] Undefined variable: Think C:\wamp\www\gamefactory\Application\Runtime\Cache\Home\7d8f8b14badb22e183bae2c8d7258deb.php 第 74 行.
NOTIC: [8] Use of undefined constant Log - assumed 'Log' C:\wamp\www\gamefactory\Application\Runtime\Cache\Home\7d8f8b14badb22e183bae2c8d7258deb.php 第 74 行.
NOTIC: [8] Undefined variable: Think C:\wamp\www\gamefactory\Application\Runtime\Cache\Home\7d8f8b14badb22e183bae2c8d7258deb.php 第 77 行.
NOTIC: [8] Use of undefined constant Install - assumed 'Install' C:\wamp\www\gamefactory\Application\Runtime\Cache\Home\7d8f8b14badb22e183bae2c8d7258deb.php 第 77 行.
NOTIC: [8] Undefined variable: Think C:\wamp\www\gamefactory\Application\Runtime\Cache\Home\7d8f8b14badb22e183bae2c8d7258deb.php 第 80 行.
NOTIC: [8] Use of undefined constant Andriodss - assumed 'Andriodss' C:\wamp\www\gamefactory\Application\Runtime\Cache\Home\7d8f8b14badb22e183bae2c8d7258deb.php 第 80 行.
NOTIC: [8] Undefined variable: Think C:\wamp\www\gamefactory\Application\Runtime\Cache\Home\7d8f8b14badb22e183bae2c8d7258deb.php 第 83 行.
NOTIC: [8] Use of undefined constant Order - assumed 'Order' C:\wamp\www\gamefactory\Application\Runtime\Cache\Home\7d8f8b14badb22e183bae2c8d7258deb.php 第 83 行.
INFO: Run Behavior\ParseTemplateBehavior [ RunTime:0.098519s ]
INFO: [ view_parse ] --END-- [ RunTime:0.099218s ]
INFO: [ view_filter ] --START--
INFO: Run Behavior\WriteHtmlCacheBehavior [ RunTime:0.001501s ]
INFO: [ view_filter ] --END-- [ RunTime:0.001878s ]
INFO: [ app_end ] --START--
INFO: Run Behavior\ShowPageTraceBehavior [ RunTime:0.005349s ]
INFO: [ app_end ] --END-- [ RunTime:0.005828s ]

[ 2017-01-15T02:07:29+08:00 ] ::1 /gamefactory/index.php/home/Sp/province_statistics
INFO: [ app_init ] --START--
INFO: Run Behavior\BuildLiteBehavior [ RunTime:0.000399s ]
INFO: [ app_init ] --END-- [ RunTime:0.003161s ]
INFO: [ app_begin ] --START--
INFO: Run Behavior\ReadHtmlCacheBehavior [ RunTime:0.001955s ]
INFO: [ app_begin ] --END-- [ RunTime:0.002356s ]
SQL: SHOW COLUMNS FROM `log` [ RunTime:0.0181s ]
SQL: SELECT * FROM `log`  [ RunTime:0.0016s ]
NOTIC: [8] Undefined variable: sp_statistics C:\wamp\www\gamefactory\Application\Home\Controller\SpController.class.php 第 233 行.
INFO: [ view_parse ] --START--
INFO: [ template_filter ] --START--
INFO: Run Behavior\ContentReplaceBehavior [ RunTime:0.000523s ]
INFO: [ template_filter ] --END-- [ RunTime:0.001021s ]
NOTIC: [8] Undefined variable: Think C:\wamp\www\gamefactory\Application\Runtime\Cache\Home\9715e2cf0689d299d10f78f3a18c5084.php 第 45 行.
NOTIC: [8] Use of undefined constant Front - assumed 'Front' C:\wamp\www\gamefactory\Application\Runtime\Cache\Home\9715e2cf0689d299d10f78f3a18c5084.php 第 45 行.
NOTIC: [8] Undefined variable: Think C:\wamp\www\gamefactory\Application\Runtime\Cache\Home\9715e2cf0689d299d10f78f3a18c5084.php 第 48 行.
NOTIC: [8] Use of undefined constant Game - assumed 'Game' C:\wamp\www\gamefactory\Application\Runtime\Cache\Home\9715e2cf0689d299d10f78f3a18c5084.php 第 48 行.
NOTIC: [8] Undefined variable: Think C:\wamp\www\gamefactory\Application\Runtime\Cache\Home\9715e2cf0689d299d10f78f3a18c5084.php 第 51 行.
NOTIC: [8] Use of undefined constant Channel - assumed 'Channel' C:\wamp\www\gamefactory\Application\Runtime\Cache\Home\9715e2cf0689d299d10f78f3a18c5084.php 第 51 行.
NOTIC: [8] Undefined variable: Think C:\wamp\www\gamefactory\Application\Runtime\Cache\Home\9715e2cf0689d299d10f78f3a18c5084.php 第 54 行.
NOTIC: [8] Use of undefined constant Sp - assumed 'Sp' C:\wamp\www\gamefactory\Application\Runtime\Cache\Home\9715e2cf0689d299d10f78f3a18c5084.php 第 54 行.
NOTIC: [8] Undefined variable: Think C:\wamp\www\gamefactory\Application\Runtime\Cache\Home\9715e2cf0689d299d10f78f3a18c5084.php 第 57 行.
NOTIC: [8] Use of undefined constant Sp - assumed 'Sp' C:\wamp\www\gamefactory\Application\Runtime\Cache\Home\9715e2cf0689d299d10f78f3a18c5084.php 第 57 行.
NOTIC: [8] Undefined variable: Think C:\wamp\www\gamefactory\Application\Runtime\Cache\Home\9715e2cf0689d299d10f78f3a18c5084.php 第 60 行.
NOTIC: [8] Use of undefined constant Sp - assumed 'Sp' C:\wamp\www\gamefactory\Application\Runtime\Cache\Home\9715e2cf0689d299d10f78f3a18c5084.php 第 60 行.
NOTIC: [8] Undefined variable: Think C:\wamp\www\gamefactory\Application\Runtime\Cache\Home\9715e2cf0689d299d10f78f3a18c5084.php 第 63 行.
NOTIC: [8] Use of undefined constant Sp - assumed 'Sp' C:\wamp\www\gamefactory\Application\Runtime\Cache\Home\9715e2cf0689d299d10f78f3a18c5084.php 第 63 行.
NOTIC: [8] Undefined variable: Think C:\wamp\www\gamefactory\Application\Runtime\Cache\Home\9715e2cf0689d299d10f78f3a18c5084.php 第 68 行.
NOTIC: [8] Use of undefined constant Province - assumed 'Province' C:\wamp\www\gamefactory\Application\Runtime\Cache\Home\9715e2cf0689d299d10f78f3a18c5084.php 第 68 行.
NOTIC: [8] Undefined variable: Think C:\wamp\www\gamefactory\Application\Runtime\Cache\Home\9715e2cf0689d299d10f78f3a18c5084.php 第 71 行.
NOTIC: [8] Use of undefined constant Package - assumed 'Package' C:\wamp\www\gamefactory\Application\Runtime\Cache\Home\9715e2cf0689d299d10f78f3a18c5084.php 第 71 行.
NOTIC: [8] Undefined variable: Think C:\wamp\www\gamefactory\Application\Runtime\Cache\Home\9715e2cf0689d299d10f78f3a18c5084.php 第 74 行.
NOTIC: [8] Use of undefined constant Log - assumed 'Log' C:\wamp\www\gamefactory\Application\Runtime\Cache\Home\9715e2cf0689d299d10f78f3a18c5084.php 第 74 行.
NOTIC: [8] Undefined variable: Think C:\wamp\www\gamefactory\Application\Runtime\Cache\Home\9715e2cf0689d299d10f78f3a18c5084.php 第 77 行.
NOTIC: [8] Use of undefined constant Install - assumed 'Install' C:\wamp\www\gamefactory\Application\Runtime\Cache\Home\9715e2cf0689d299d10f78f3a18c5084.php 第 77 行.
NOTIC: [8] Undefined variable: Think C:\wamp\www\gamefactory\Application\Runtime\Cache\Home\9715e2cf0689d299d10f78f3a18c5084.php 第 80 行.
NOTIC: [8] Use of undefined constant Andriodss - assumed 'Andriodss' C:\wamp\www\gamefactory\Application\Runtime\Cache\Home\9715e2cf0689d299d10f78f3a18c5084.php 第 80 行.
NOTIC: [8] Undefined variable: Think C:\wamp\www\gamefactory\Application\Runtime\Cache\Home\9715e2cf0689d299d10f78f3a18c5084.php 第 83 行.
NOTIC: [8] Use of undefined constant Order - assumed 'Order' C:\wamp\www\gamefactory\Application\Runtime\Cache\Home\9715e2cf0689d299d10f78f3a18c5084.php 第 83 行.
NOTIC: [8] Undefined variable: search_name C:\wamp\www\gamefactory\Application\Runtime\Cache\Home\9715e2cf0689d299d10f78f3a18c5084.php 第 141 行.
NOTIC: [8] Undefined variable: search_name C:\wamp\www\gamefactory\Application\Runtime\Cache\Home\9715e2cf0689d299d10f78f3a18c5084.php 第 141 行.
NOTIC: [8] Undefined variable: search_month C:\wamp\www\gamefactory\Application\Runtime\Cache\Home\9715e2cf0689d299d10f78f3a18c5084.php 第 156 行.
NOTIC: [8] Undefined variable: name C:\wamp\www\gamefactory\Application\Runtime\Cache\Home\9715e2cf0689d299d10f78f3a18c5084.php 第 172 行.
INFO: Run Behavior\ParseTemplateBehavior [ RunTime:0.085718s ]
INFO: [ view_parse ] --END-- [ RunTime:0.086279s ]
INFO: [ view_filter ] --START--
INFO: Run Behavior\WriteHtmlCacheBehavior [ RunTime:0.001892s ]
INFO: [ view_filter ] --END-- [ RunTime:0.002435s ]
INFO: [ app_end ] --START--
INFO: Run Behavior\ShowPageTraceBehavior [ RunTime:0.003924s ]
INFO: [ app_end ] --END-- [ RunTime:0.007150s ]

[ 2017-01-15T02:07:57+08:00 ] ::1 /gamefactory/index.php/home/Sp/province_statistics
INFO: [ app_init ] --START--
INFO: Run Behavior\BuildLiteBehavior [ RunTime:0.000028s ]
INFO: [ app_init ] --END-- [ RunTime:0.000534s ]
INFO: [ app_begin ] --START--
INFO: Run Behavior\ReadHtmlCacheBehavior [ RunTime:0.000726s ]
INFO: [ app_begin ] --END-- [ RunTime:0.000836s ]
SQL: SHOW COLUMNS FROM `log` [ RunTime:0.0048s ]
SQL: SELECT * FROM `log`  [ RunTime:0.0004s ]
NOTIC: [8] Undefined variable: sp_statistics C:\wamp\www\gamefactory\Application\Home\Controller\SpController.class.php 第 233 行.
INFO: [ view_parse ] --START--
INFO: [ template_filter ] --START--
INFO: Run Behavior\ContentReplaceBehavior [ RunTime:0.000183s ]
INFO: [ template_filter ] --END-- [ RunTime:0.000353s ]
NOTIC: [8] Undefined variable: Think C:\wamp\www\gamefactory\Application\Runtime\Cache\Home\9715e2cf0689d299d10f78f3a18c5084.php 第 45 行.
NOTIC: [8] Use of undefined constant Front - assumed 'Front' C:\wamp\www\gamefactory\Application\Runtime\Cache\Home\9715e2cf0689d299d10f78f3a18c5084.php 第 45 行.
NOTIC: [8] Undefined variable: Think C:\wamp\www\gamefactory\Application\Runtime\Cache\Home\9715e2cf0689d299d10f78f3a18c5084.php 第 48 行.
NOTIC: [8] Use of undefined constant Game - assumed 'Game' C:\wamp\www\gamefactory\Application\Runtime\Cache\Home\9715e2cf0689d299d10f78f3a18c5084.php 第 48 行.
NOTIC: [8] Undefined variable: Think C:\wamp\www\gamefactory\Application\Runtime\Cache\Home\9715e2cf0689d299d10f78f3a18c5084.php 第 51 行.
NOTIC: [8] Use of undefined constant Channel - assumed 'Channel' C:\wamp\www\gamefactory\Application\Runtime\Cache\Home\9715e2cf0689d299d10f78f3a18c5084.php 第 51 行.
NOTIC: [8] Undefined variable: Think C:\wamp\www\gamefactory\Application\Runtime\Cache\Home\9715e2cf0689d299d10f78f3a18c5084.php 第 54 行.
NOTIC: [8] Use of undefined constant Sp - assumed 'Sp' C:\wamp\www\gamefactory\Application\Runtime\Cache\Home\9715e2cf0689d299d10f78f3a18c5084.php 第 54 行.
NOTIC: [8] Undefined variable: Think C:\wamp\www\gamefactory\Application\Runtime\Cache\Home\9715e2cf0689d299d10f78f3a18c5084.php 第 57 行.
NOTIC: [8] Use of undefined constant Sp - assumed 'Sp' C:\wamp\www\gamefactory\Application\Runtime\Cache\Home\9715e2cf0689d299d10f78f3a18c5084.php 第 57 行.
NOTIC: [8] Undefined variable: Think C:\wamp\www\gamefactory\Application\Runtime\Cache\Home\9715e2cf0689d299d10f78f3a18c5084.php 第 60 行.
NOTIC: [8] Use of undefined constant Sp - assumed 'Sp' C:\wamp\www\gamefactory\Application\Runtime\Cache\Home\9715e2cf0689d299d10f78f3a18c5084.php 第 60 行.
NOTIC: [8] Undefined variable: Think C:\wamp\www\gamefactory\Application\Runtime\Cache\Home\9715e2cf0689d299d10f78f3a18c5084.php 第 63 行.
NOTIC: [8] Use of undefined constant Sp - assumed 'Sp' C:\wamp\www\gamefactory\Application\Runtime\Cache\Home\9715e2cf0689d299d10f78f3a18c5084.php 第 63 行.
NOTIC: [8] Undefined variable: Think C:\wamp\www\gamefactory\Application\Runtime\Cache\Home\9715e2cf0689d299d10f78f3a18c5084.php 第 68 行.
NOTIC: [8] Use of undefined constant Province - assumed 'Province' C:\wamp\www\gamefactory\Application\Runtime\Cache\Home\9715e2cf0689d299d10f78f3a18c5084.php 第 68 行.
NOTIC: [8] Undefined variable: Think C:\wamp\www\gamefactory\Application\Runtime\Cache\Home\9715e2cf0689d299d10f78f3a18c5084.php 第 71 行.
NOTIC: [8] Use of undefined constant Package - assumed 'Package' C:\wamp\www\gamefactory\Application\Runtime\Cache\Home\9715e2cf0689d299d10f78f3a18c5084.php 第 71 行.
NOTIC: [8] Undefined variable: Think C:\wamp\www\gamefactory\Application\Runtime\Cache\Home\9715e2cf0689d299d10f78f3a18c5084.php 第 74 行.
NOTIC: [8] Use of undefined constant Log - assumed 'Log' C:\wamp\www\gamefactory\Application\Runtime\Cache\Home\9715e2cf0689d299d10f78f3a18c5084.php 第 74 行.
NOTIC: [8] Undefined variable: Think C:\wamp\www\gamefactory\Application\Runtime\Cache\Home\9715e2cf0689d299d10f78f3a18c5084.php 第 77 行.
NOTIC: [8] Use of undefined constant Install - assumed 'Install' C:\wamp\www\gamefactory\Application\Runtime\Cache\Home\9715e2cf0689d299d10f78f3a18c5084.php 第 77 行.
NOTIC: [8] Undefined variable: Think C:\wamp\www\gamefactory\Application\Runtime\Cache\Home\9715e2cf0689d299d10f78f3a18c5084.php 第 80 行.
NOTIC: [8] Use of undefined constant Andriodss - assumed 'Andriodss' C:\wamp\www\gamefactory\Application\Runtime\Cache\Home\9715e2cf0689d299d10f78f3a18c5084.php 第 80 行.
NOTIC: [8] Undefined variable: Think C:\wamp\www\gamefactory\Application\Runtime\Cache\Home\9715e2cf0689d299d10f78f3a18c5084.php 第 83 行.
NOTIC: [8] Use of undefined constant Order - assumed 'Order' C:\wamp\www\gamefactory\Application\Runtime\Cache\Home\9715e2cf0689d299d10f78f3a18c5084.php 第 83 行.
NOTIC: [8] Undefined variable: search_name C:\wamp\www\gamefactory\Application\Runtime\Cache\Home\9715e2cf0689d299d10f78f3a18c5084.php 第 141 行.
NOTIC: [8] Undefined variable: search_name C:\wamp\www\gamefactory\Application\Runtime\Cache\Home\9715e2cf0689d299d10f78f3a18c5084.php 第 141 行.
NOTIC: [8] Undefined variable: search_month C:\wamp\www\gamefactory\Application\Runtime\Cache\Home\9715e2cf0689d299d10f78f3a18c5084.php 第 156 行.
NOTIC: [8] Undefined variable: name C:\wamp\www\gamefactory\Application\Runtime\Cache\Home\9715e2cf0689d299d10f78f3a18c5084.php 第 172 行.
INFO: Run Behavior\ParseTemplateBehavior [ RunTime:0.027940s ]
INFO: [ view_parse ] --END-- [ RunTime:0.028072s ]
INFO: [ view_filter ] --START--
INFO: Run Behavior\WriteHtmlCacheBehavior [ RunTime:0.000542s ]
INFO: [ view_filter ] --END-- [ RunTime:0.000688s ]
INFO: [ app_end ] --START--
INFO: Run Behavior\ShowPageTraceBehavior [ RunTime:0.000864s ]
INFO: [ app_end ] --END-- [ RunTime:0.001055s ]

