[ 2017-02-06T21:48:16+08:00 ] ::1 /sd/index.php/UploadFiles/2016-09/2016090713253119818.jpg
INFO: [ app_init ] --START--
INFO: Run Behavior\BuildLiteBehavior [ RunTime:0.000000s ]
INFO: [ app_init ] --END-- [ RunTime:0.000000s ]
ERR: 无法加载模块:UploadFiles

[ 2017-02-06T21:48:16+08:00 ] ::1 /sd/index.php/UploadFiles/2016-09/2016090713260085528.jpg
INFO: [ app_init ] --START--
INFO: Run Behavior\BuildLiteBehavior [ RunTime:0.000000s ]
INFO: [ app_init ] --END-- [ RunTime:0.001000s ]
ERR: 无法加载模块:UploadFiles

[ 2017-02-06T21:48:16+08:00 ] ::1 /sd/index.php/UploadFiles/2016-09/201609071326188470.jpg
INFO: [ app_init ] --START--
INFO: Run Behavior\BuildLiteBehavior [ RunTime:0.000000s ]
INFO: [ app_init ] --END-- [ RunTime:0.000000s ]
ERR: 无法加载模块:UploadFiles

[ 2017-02-06T21:48:16+08:00 ] ::1 /sd/index.php/UploadFiles/2016-09/2016090713264678180.jpg
INFO: [ app_init ] --START--
INFO: Run Behavior\BuildLiteBehavior [ RunTime:0.000000s ]
INFO: [ app_init ] --END-- [ RunTime:0.000000s ]
ERR: 无法加载模块:UploadFiles

[ 2017-02-06T21:48:16+08:00 ] ::1 /sd/index.php/UploadFiles/2016-09/2016090713265912325.jpg
INFO: [ app_init ] --START--
INFO: Run Behavior\BuildLiteBehavior [ RunTime:0.000000s ]
INFO: [ app_init ] --END-- [ RunTime:0.000000s ]
ERR: 无法加载模块:UploadFiles

[ 2017-02-06T21:48:16+08:00 ] ::1 /sd/index.php/UploadFiles/2016-09/2016090713271013196.jpg
INFO: [ app_init ] --START--
INFO: Run Behavior\BuildLiteBehavior [ RunTime:0.000000s ]
INFO: [ app_init ] --END-- [ RunTime:0.000000s ]
ERR: 无法加载模块:UploadFiles

[ 2017-02-06T21:48:16+08:00 ] ::1 /sd/index.php/UploadFiles/2016-09/2016090919025241893.jpg
INFO: [ app_init ] --START--
INFO: Run Behavior\BuildLiteBehavior [ RunTime:0.000000s ]
INFO: [ app_init ] --END-- [ RunTime:0.000000s ]
ERR: 无法加载模块:UploadFiles

[ 2017-02-06T21:48:16+08:00 ] ::1 /sd/index.php/UploadFiles/2016-09/2016090919022122014.jpg
INFO: [ app_init ] --START--
INFO: Run Behavior\BuildLiteBehavior [ RunTime:0.000000s ]
INFO: [ app_init ] --END-- [ RunTime:0.001000s ]
ERR: 无法加载模块:UploadFiles

[ 2017-02-06T21:48:16+08:00 ] ::1 /sd/index.php/UploadFiles/2016-09/2016090919015321317.jpg
INFO: [ app_init ] --START--
INFO: Run Behavior\BuildLiteBehavior [ RunTime:0.000000s ]
INFO: [ app_init ] --END-- [ RunTime:0.001000s ]
ERR: 无法加载模块:UploadFiles

[ 2017-02-06T21:48:16+08:00 ] ::1 /sd/index.php/UploadFiles/2016-09/2016090919002157860.jpg
INFO: [ app_init ] --START--
INFO: Run Behavior\BuildLiteBehavior [ RunTime:0.000000s ]
INFO: [ app_init ] --END-- [ RunTime:0.001000s ]
ERR: 无法加载模块:UploadFiles

[ 2017-02-06T21:48:16+08:00 ] ::1 /sd/index.php/UploadFiles/2016-09/2016090919031940251.jpg
INFO: [ app_init ] --START--
INFO: Run Behavior\BuildLiteBehavior [ RunTime:0.000000s ]
INFO: [ app_init ] --END-- [ RunTime:0.001000s ]
ERR: 无法加载模块:UploadFiles

[ 2017-02-06T21:48:16+08:00 ] ::1 /sd/index.php/UploadFiles/2016-09/2016090919034629837.jpg
INFO: [ app_init ] --START--
INFO: Run Behavior\BuildLiteBehavior [ RunTime:0.000000s ]
INFO: [ app_init ] --END-- [ RunTime:0.001000s ]
ERR: 无法加载模块:UploadFiles

[ 2017-02-06T21:48:17+08:00 ] ::1 /sd/index.php/UploadFiles/2016-09/2016090919062840419.jpg
INFO: [ app_init ] --START--
INFO: Run Behavior\BuildLiteBehavior [ RunTime:0.000000s ]
INFO: [ app_init ] --END-- [ RunTime:0.000000s ]
ERR: 无法加载模块:UploadFiles

[ 2017-02-06T21:48:17+08:00 ] ::1 /sd/index.php/UploadFiles/2016-09/2016090919060949831.jpg
INFO: [ app_init ] --START--
INFO: Run Behavior\BuildLiteBehavior [ RunTime:0.000000s ]
INFO: [ app_init ] --END-- [ RunTime:0.008000s ]
ERR: 无法加载模块:UploadFiles

[ 2017-02-06T21:48:17+08:00 ] ::1 /sd/index.php/UploadFiles/2016-09/2016090919050389024.jpg
INFO: [ app_init ] --START--
INFO: Run Behavior\BuildLiteBehavior [ RunTime:0.000000s ]
INFO: [ app_init ] --END-- [ RunTime:0.001000s ]
ERR: 无法加载模块:UploadFiles

[ 2017-02-06T21:48:17+08:00 ] ::1 /sd/index.php/UploadFiles/2016-09/2016090818443477055.png
INFO: [ app_init ] --START--
INFO: Run Behavior\BuildLiteBehavior [ RunTime:0.000000s ]
INFO: [ app_init ] --END-- [ RunTime:0.002000s ]
ERR: 无法加载模块:UploadFiles

[ 2017-02-06T21:48:17+08:00 ] ::1 /sd/index.php/UploadFiles/2016-09/2016090919054586362.jpg
INFO: [ app_init ] --START--
INFO: Run Behavior\BuildLiteBehavior [ RunTime:0.000000s ]
INFO: [ app_init ] --END-- [ RunTime:0.007000s ]
ERR: 无法加载模块:UploadFiles

[ 2017-02-06T21:48:17+08:00 ] ::1 /sd/index.php/UploadFiles/2016-09/2016090919074750400.jpg
INFO: [ app_init ] --START--
INFO: Run Behavior\BuildLiteBehavior [ RunTime:0.000000s ]
INFO: [ app_init ] --END-- [ RunTime:0.001000s ]
ERR: 无法加载模块:UploadFiles

[ 2017-02-06T21:48:17+08:00 ] ::1 /sd/index.php/UploadFiles/2016-09/2016090919091476563.jpg
INFO: [ app_init ] --START--
INFO: Run Behavior\BuildLiteBehavior [ RunTime:0.000000s ]
INFO: [ app_init ] --END-- [ RunTime:0.000000s ]
ERR: 无法加载模块:UploadFiles

[ 2017-02-06T21:48:17+08:00 ] ::1 /sd/index.php/UploadFiles/2016-09/2016090919081756126.jpg
INFO: [ app_init ] --START--
INFO: Run Behavior\BuildLiteBehavior [ RunTime:0.000000s ]
INFO: [ app_init ] --END-- [ RunTime:0.001000s ]
ERR: 无法加载模块:UploadFiles

[ 2017-02-06T21:48:17+08:00 ] ::1 /sd/index.php/UploadFiles/2016-09/2016090919084421933.jpg
INFO: [ app_init ] --START--
INFO: Run Behavior\BuildLiteBehavior [ RunTime:0.000000s ]
INFO: [ app_init ] --END-- [ RunTime:0.000000s ]
ERR: 无法加载模块:UploadFiles

[ 2017-02-06T21:48:17+08:00 ] ::1 /sd/index.php/UploadFiles/2016-09/2016090919094566751.jpg
INFO: [ app_init ] --START--
INFO: Run Behavior\BuildLiteBehavior [ RunTime:0.001000s ]
INFO: [ app_init ] --END-- [ RunTime:0.001000s ]
ERR: 无法加载模块:UploadFiles

[ 2017-02-06T21:48:17+08:00 ] ::1 /sd/index.php/UploadFiles/2016-09/2016090713253119818.jpg
INFO: [ app_init ] --START--
INFO: Run Behavior\BuildLiteBehavior [ RunTime:0.000000s ]
INFO: [ app_init ] --END-- [ RunTime:0.001000s ]
ERR: 无法加载模块:UploadFiles

[ 2017-02-06T21:48:17+08:00 ] ::1 /sd/index.php/UploadFiles/2016-09/2016090713264678180.jpg
INFO: [ app_init ] --START--
INFO: Run Behavior\BuildLiteBehavior [ RunTime:0.000000s ]
INFO: [ app_init ] --END-- [ RunTime:0.001000s ]
ERR: 无法加载模块:UploadFiles

[ 2017-02-06T21:48:17+08:00 ] ::1 /sd/index.php/UploadFiles/2016-09/201609071326188470.jpg
INFO: [ app_init ] --START--
INFO: Run Behavior\BuildLiteBehavior [ RunTime:0.000000s ]
INFO: [ app_init ] --END-- [ RunTime:0.001000s ]
ERR: 无法加载模块:UploadFiles

[ 2017-02-06T21:48:17+08:00 ] ::1 /sd/index.php/UploadFiles/2016-09/2016090713260085528.jpg
INFO: [ app_init ] --START--
INFO: Run Behavior\BuildLiteBehavior [ RunTime:0.000000s ]
INFO: [ app_init ] --END-- [ RunTime:0.001000s ]
ERR: 无法加载模块:UploadFiles

[ 2017-02-06T21:48:30+08:00 ] ::1 /sd/index.php/UploadFiles/2016-09/2016090713253119818.jpg
INFO: [ app_init ] --START--
INFO: Run Behavior\BuildLiteBehavior [ RunTime:0.000000s ]
INFO: [ app_init ] --END-- [ RunTime:0.000000s ]
ERR: 无法加载模块:UploadFiles

[ 2017-02-06T21:48:30+08:00 ] ::1 /sd/index.php/UploadFiles/2016-09/2016090713260085528.jpg
INFO: [ app_init ] --START--
INFO: Run Behavior\BuildLiteBehavior [ RunTime:0.000000s ]
INFO: [ app_init ] --END-- [ RunTime:0.001000s ]
ERR: 无法加载模块:UploadFiles

[ 2017-02-06T21:48:30+08:00 ] ::1 /sd/index.php/UploadFiles/2016-09/201609071326188470.jpg
INFO: [ app_init ] --START--
INFO: Run Behavior\BuildLiteBehavior [ RunTime:0.000000s ]
INFO: [ app_init ] --END-- [ RunTime:0.001000s ]
ERR: 无法加载模块:UploadFiles

[ 2017-02-06T21:48:30+08:00 ] ::1 /sd/index.php/UploadFiles/2016-09/2016090713264678180.jpg
INFO: [ app_init ] --START--
INFO: Run Behavior\BuildLiteBehavior [ RunTime:0.000000s ]
INFO: [ app_init ] --END-- [ RunTime:0.000000s ]
ERR: 无法加载模块:UploadFiles

[ 2017-02-06T21:48:30+08:00 ] ::1 /sd/index.php/UploadFiles/2016-09/2016090713265912325.jpg
INFO: [ app_init ] --START--
INFO: Run Behavior\BuildLiteBehavior [ RunTime:0.000000s ]
INFO: [ app_init ] --END-- [ RunTime:0.000000s ]
ERR: 无法加载模块:UploadFiles

[ 2017-02-06T21:48:30+08:00 ] ::1 /sd/index.php/UploadFiles/2016-09/2016090713271013196.jpg
INFO: [ app_init ] --START--
INFO: Run Behavior\BuildLiteBehavior [ RunTime:0.000000s ]
INFO: [ app_init ] --END-- [ RunTime:0.001000s ]
ERR: 无法加载模块:UploadFiles

[ 2017-02-06T21:48:30+08:00 ] ::1 /sd/index.php/UploadFiles/2016-09/2016090919002157860.jpg
INFO: [ app_init ] --START--
INFO: Run Behavior\BuildLiteBehavior [ RunTime:0.000000s ]
INFO: [ app_init ] --END-- [ RunTime:0.000000s ]
ERR: 无法加载模块:UploadFiles

[ 2017-02-06T21:48:30+08:00 ] ::1 /sd/index.php/UploadFiles/2016-09/2016090919022122014.jpg
INFO: [ app_init ] --START--
INFO: Run Behavior\BuildLiteBehavior [ RunTime:0.000000s ]
INFO: [ app_init ] --END-- [ RunTime:0.001000s ]
ERR: 无法加载模块:UploadFiles

[ 2017-02-06T21:48:30+08:00 ] ::1 /sd/index.php/UploadFiles/2016-09/2016090919015321317.jpg
INFO: [ app_init ] --START--
INFO: Run Behavior\BuildLiteBehavior [ RunTime:0.000000s ]
INFO: [ app_init ] --END-- [ RunTime:0.001000s ]
ERR: 无法加载模块:UploadFiles

[ 2017-02-06T21:48:30+08:00 ] ::1 /sd/index.php/UploadFiles/2016-09/2016090919025241893.jpg
INFO: [ app_init ] --START--
INFO: Run Behavior\BuildLiteBehavior [ RunTime:0.000000s ]
INFO: [ app_init ] --END-- [ RunTime:0.001000s ]
ERR: 无法加载模块:UploadFiles

[ 2017-02-06T21:48:30+08:00 ] ::1 /sd/index.php/UploadFiles/2016-09/2016090919031940251.jpg
INFO: [ app_init ] --START--
INFO: Run Behavior\BuildLiteBehavior [ RunTime:0.000000s ]
INFO: [ app_init ] --END-- [ RunTime:0.001000s ]
ERR: 无法加载模块:UploadFiles

[ 2017-02-06T21:48:30+08:00 ] ::1 /sd/index.php/UploadFiles/2016-09/2016090919034629837.jpg
INFO: [ app_init ] --START--
INFO: Run Behavior\BuildLiteBehavior [ RunTime:0.000000s ]
INFO: [ app_init ] --END-- [ RunTime:0.000000s ]
ERR: 无法加载模块:UploadFiles

[ 2017-02-06T21:48:30+08:00 ] ::1 /sd/index.php/UploadFiles/2016-09/2016090919054586362.jpg
INFO: [ app_init ] --START--
INFO: Run Behavior\BuildLiteBehavior [ RunTime:0.000000s ]
INFO: [ app_init ] --END-- [ RunTime:0.000000s ]
ERR: 无法加载模块:UploadFiles

[ 2017-02-06T21:48:30+08:00 ] ::1 /sd/index.php/UploadFiles/2016-09/2016090919050389024.jpg
INFO: [ app_init ] --START--
INFO: Run Behavior\BuildLiteBehavior [ RunTime:0.000000s ]
INFO: [ app_init ] --END-- [ RunTime:0.001000s ]
ERR: 无法加载模块:UploadFiles

[ 2017-02-06T21:48:30+08:00 ] ::1 /sd/index.php/UploadFiles/2016-09/2016090919060949831.jpg
INFO: [ app_init ] --START--
INFO: Run Behavior\BuildLiteBehavior [ RunTime:0.000000s ]
INFO: [ app_init ] --END-- [ RunTime:0.004000s ]
ERR: 无法加载模块:UploadFiles

[ 2017-02-06T21:48:30+08:00 ] ::1 /sd/index.php/UploadFiles/2016-09/2016090919074750400.jpg
INFO: [ app_init ] --START--
INFO: Run Behavior\BuildLiteBehavior [ RunTime:0.000000s ]
INFO: [ app_init ] --END-- [ RunTime:0.001000s ]
ERR: 无法加载模块:UploadFiles

[ 2017-02-06T21:48:30+08:00 ] ::1 /sd/index.php/UploadFiles/2016-09/2016090919062840419.jpg
INFO: [ app_init ] --START--
INFO: Run Behavior\BuildLiteBehavior [ RunTime:0.000000s ]
INFO: [ app_init ] --END-- [ RunTime:0.000000s ]
ERR: 无法加载模块:UploadFiles

[ 2017-02-06T21:48:30+08:00 ] ::1 /sd/index.php/UploadFiles/2016-09/2016090818443477055.png
INFO: [ app_init ] --START--
INFO: Run Behavior\BuildLiteBehavior [ RunTime:0.000000s ]
INFO: [ app_init ] --END-- [ RunTime:0.001000s ]
ERR: 无法加载模块:UploadFiles

[ 2017-02-06T21:48:30+08:00 ] ::1 /sd/index.php/UploadFiles/2016-09/2016090919081756126.jpg
INFO: [ app_init ] --START--
INFO: Run Behavior\BuildLiteBehavior [ RunTime:0.000000s ]
INFO: [ app_init ] --END-- [ RunTime:0.001000s ]
ERR: 无法加载模块:UploadFiles

[ 2017-02-06T21:48:31+08:00 ] ::1 /sd/index.php/UploadFiles/2016-09/2016090713264678180.jpg
INFO: [ app_init ] --START--
INFO: Run Behavior\BuildLiteBehavior [ RunTime:0.000000s ]
INFO: [ app_init ] --END-- [ RunTime:0.001000s ]
ERR: 无法加载模块:UploadFiles

[ 2017-02-06T21:48:31+08:00 ] ::1 /sd/index.php/UploadFiles/2016-09/2016090713265912325.jpg
INFO: [ app_init ] --START--
INFO: Run Behavior\BuildLiteBehavior [ RunTime:0.000000s ]
INFO: [ app_init ] --END-- [ RunTime:0.000000s ]
ERR: 无法加载模块:UploadFiles

[ 2017-02-06T21:48:31+08:00 ] ::1 /sd/index.php/UploadFiles/2016-09/2016090713253119818.jpg
INFO: [ app_init ] --START--
INFO: Run Behavior\BuildLiteBehavior [ RunTime:0.001000s ]
INFO: [ app_init ] --END-- [ RunTime:0.001000s ]
ERR: 无法加载模块:UploadFiles

[ 2017-02-06T21:48:31+08:00 ] ::1 /sd/index.php/UploadFiles/2016-09/2016090713260085528.jpg
INFO: [ app_init ] --START--
INFO: Run Behavior\BuildLiteBehavior [ RunTime:0.001000s ]
INFO: [ app_init ] --END-- [ RunTime:0.001000s ]
ERR: 无法加载模块:UploadFiles

[ 2017-02-06T21:48:31+08:00 ] ::1 /sd/index.php/UploadFiles/2016-09/201609071326188470.jpg
INFO: [ app_init ] --START--
INFO: Run Behavior\BuildLiteBehavior [ RunTime:0.000000s ]
INFO: [ app_init ] --END-- [ RunTime:0.002000s ]
ERR: 无法加载模块:UploadFiles

[ 2017-02-06T21:48:31+08:00 ] ::1 /sd/index.php/UploadFiles/2016-09/2016090919091476563.jpg
INFO: [ app_init ] --START--
INFO: Run Behavior\BuildLiteBehavior [ RunTime:0.000000s ]
INFO: [ app_init ] --END-- [ RunTime:0.001000s ]
ERR: 无法加载模块:UploadFiles

[ 2017-02-06T21:48:31+08:00 ] ::1 /sd/index.php/UploadFiles/2016-09/2016090919084421933.jpg
INFO: [ app_init ] --START--
INFO: Run Behavior\BuildLiteBehavior [ RunTime:0.001000s ]
INFO: [ app_init ] --END-- [ RunTime:0.002000s ]
ERR: 无法加载模块:UploadFiles

[ 2017-02-06T21:48:31+08:00 ] ::1 /sd/index.php/UploadFiles/2016-09/2016090919094566751.jpg
INFO: [ app_init ] --START--
INFO: Run Behavior\BuildLiteBehavior [ RunTime:0.000000s ]
INFO: [ app_init ] --END-- [ RunTime:0.001000s ]
ERR: 无法加载模块:UploadFiles

[ 2017-02-06T21:48:33+08:00 ] ::1 /sd/index.php/UploadFiles/2016-09/2016090713253119818.jpg
INFO: [ app_init ] --START--
INFO: Run Behavior\BuildLiteBehavior [ RunTime:0.000000s ]
INFO: [ app_init ] --END-- [ RunTime:0.001000s ]
ERR: 无法加载模块:UploadFiles

[ 2017-02-06T21:48:33+08:00 ] ::1 /sd/index.php/UploadFiles/2016-09/2016090713260085528.jpg
INFO: [ app_init ] --START--
INFO: Run Behavior\BuildLiteBehavior [ RunTime:0.000000s ]
INFO: [ app_init ] --END-- [ RunTime:0.000000s ]
ERR: 无法加载模块:UploadFiles

[ 2017-02-06T21:48:33+08:00 ] ::1 /sd/index.php/UploadFiles/2016-09/201609071326188470.jpg
INFO: [ app_init ] --START--
INFO: Run Behavior\BuildLiteBehavior [ RunTime:0.000000s ]
INFO: [ app_init ] --END-- [ RunTime:0.001000s ]
ERR: 无法加载模块:UploadFiles

[ 2017-02-06T21:48:33+08:00 ] ::1 /sd/index.php/UploadFiles/2016-09/2016090713264678180.jpg
INFO: [ app_init ] --START--
INFO: Run Behavior\BuildLiteBehavior [ RunTime:0.000000s ]
INFO: [ app_init ] --END-- [ RunTime:0.001000s ]
ERR: 无法加载模块:UploadFiles

[ 2017-02-06T21:48:33+08:00 ] ::1 /sd/index.php/UploadFiles/2016-09/2016090713265912325.jpg
INFO: [ app_init ] --START--
INFO: Run Behavior\BuildLiteBehavior [ RunTime:0.000000s ]
INFO: [ app_init ] --END-- [ RunTime:0.000000s ]
ERR: 无法加载模块:UploadFiles

[ 2017-02-06T21:48:33+08:00 ] ::1 /sd/index.php/UploadFiles/2016-09/2016090713271013196.jpg
INFO: [ app_init ] --START--
INFO: Run Behavior\BuildLiteBehavior [ RunTime:0.000000s ]
INFO: [ app_init ] --END-- [ RunTime:0.000000s ]
ERR: 无法加载模块:UploadFiles

[ 2017-02-06T21:48:33+08:00 ] ::1 /sd/index.php/UploadFiles/2016-09/2016090919002157860.jpg
INFO: [ app_init ] --START--
INFO: Run Behavior\BuildLiteBehavior [ RunTime:0.000000s ]
INFO: [ app_init ] --END-- [ RunTime:0.000000s ]
ERR: 无法加载模块:UploadFiles

[ 2017-02-06T21:48:33+08:00 ] ::1 /sd/index.php/UploadFiles/2016-09/2016090919031940251.jpg
INFO: [ app_init ] --START--
INFO: Run Behavior\BuildLiteBehavior [ RunTime:0.000000s ]
INFO: [ app_init ] --END-- [ RunTime:0.001000s ]
ERR: 无法加载模块:UploadFiles

[ 2017-02-06T21:48:33+08:00 ] ::1 /sd/index.php/UploadFiles/2016-09/2016090919015321317.jpg
INFO: [ app_init ] --START--
INFO: Run Behavior\BuildLiteBehavior [ RunTime:0.000000s ]
INFO: [ app_init ] --END-- [ RunTime:0.000000s ]
ERR: 无法加载模块:UploadFiles

[ 2017-02-06T21:48:33+08:00 ] ::1 /sd/index.php/UploadFiles/2016-09/2016090919025241893.jpg
INFO: [ app_init ] --START--
INFO: Run Behavior\BuildLiteBehavior [ RunTime:0.000000s ]
INFO: [ app_init ] --END-- [ RunTime:0.001000s ]
ERR: 无法加载模块:UploadFiles

[ 2017-02-06T21:48:33+08:00 ] ::1 /sd/index.php/UploadFiles/2016-09/2016090919022122014.jpg
INFO: [ app_init ] --START--
INFO: Run Behavior\BuildLiteBehavior [ RunTime:0.000000s ]
INFO: [ app_init ] --END-- [ RunTime:0.000000s ]
ERR: 无法加载模块:UploadFiles

[ 2017-02-06T21:48:33+08:00 ] ::1 /sd/index.php/UploadFiles/2016-09/2016090919034629837.jpg
INFO: [ app_init ] --START--
INFO: Run Behavior\BuildLiteBehavior [ RunTime:0.000000s ]
INFO: [ app_init ] --END-- [ RunTime:0.001000s ]
ERR: 无法加载模块:UploadFiles

[ 2017-02-06T21:48:33+08:00 ] ::1 /sd/index.php/UploadFiles/2016-09/2016090919054586362.jpg
INFO: [ app_init ] --START--
INFO: Run Behavior\BuildLiteBehavior [ RunTime:0.000000s ]
INFO: [ app_init ] --END-- [ RunTime:0.001000s ]
ERR: 无法加载模块:UploadFiles

[ 2017-02-06T21:48:33+08:00 ] ::1 /sd/index.php/UploadFiles/2016-09/2016090919050389024.jpg
INFO: [ app_init ] --START--
INFO: Run Behavior\BuildLiteBehavior [ RunTime:0.000000s ]
INFO: [ app_init ] --END-- [ RunTime:0.003000s ]
ERR: 无法加载模块:UploadFiles

[ 2017-02-06T21:48:33+08:00 ] ::1 /sd/index.php/UploadFiles/2016-09/2016090919060949831.jpg
INFO: [ app_init ] --START--
INFO: Run Behavior\BuildLiteBehavior [ RunTime:0.000000s ]
INFO: [ app_init ] --END-- [ RunTime:0.002000s ]
ERR: 无法加载模块:UploadFiles

[ 2017-02-06T21:48:33+08:00 ] ::1 /sd/index.php/UploadFiles/2016-09/2016090919062840419.jpg
INFO: [ app_init ] --START--
INFO: Run Behavior\BuildLiteBehavior [ RunTime:0.002000s ]
INFO: [ app_init ] --END-- [ RunTime:0.004000s ]
ERR: 无法加载模块:UploadFiles

[ 2017-02-06T21:48:33+08:00 ] ::1 /sd/index.php/UploadFiles/2016-09/2016090818443477055.png
INFO: [ app_init ] --START--
INFO: Run Behavior\BuildLiteBehavior [ RunTime:0.000000s ]
INFO: [ app_init ] --END-- [ RunTime:0.001000s ]
ERR: 无法加载模块:UploadFiles

[ 2017-02-06T21:48:33+08:00 ] ::1 /sd/index.php/UploadFiles/2016-09/2016090919074750400.jpg
INFO: [ app_init ] --START--
INFO: Run Behavior\BuildLiteBehavior [ RunTime:0.000000s ]
INFO: [ app_init ] --END-- [ RunTime:0.001000s ]
ERR: 无法加载模块:UploadFiles

[ 2017-02-06T21:48:33+08:00 ] ::1 /sd/index.php/UploadFiles/2016-09/2016090919081756126.jpg
INFO: [ app_init ] --START--
INFO: Run Behavior\BuildLiteBehavior [ RunTime:0.000000s ]
INFO: [ app_init ] --END-- [ RunTime:0.002000s ]
ERR: 无法加载模块:UploadFiles

[ 2017-02-06T21:48:33+08:00 ] ::1 /sd/index.php/UploadFiles/2016-09/2016090919084421933.jpg
INFO: [ app_init ] --START--
INFO: Run Behavior\BuildLiteBehavior [ RunTime:0.001000s ]
INFO: [ app_init ] --END-- [ RunTime:0.001000s ]
ERR: 无法加载模块:UploadFiles

[ 2017-02-06T21:48:33+08:00 ] ::1 /sd/index.php/UploadFiles/2016-09/2016090713253119818.jpg
INFO: [ app_init ] --START--
INFO: Run Behavior\BuildLiteBehavior [ RunTime:0.000000s ]
INFO: [ app_init ] --END-- [ RunTime:0.001000s ]
ERR: 无法加载模块:UploadFiles

[ 2017-02-06T21:48:33+08:00 ] ::1 /sd/index.php/UploadFiles/2016-09/2016090919094566751.jpg
INFO: [ app_init ] --START--
INFO: Run Behavior\BuildLiteBehavior [ RunTime:0.000000s ]
INFO: [ app_init ] --END-- [ RunTime:0.001000s ]
ERR: 无法加载模块:UploadFiles

[ 2017-02-06T21:48:33+08:00 ] ::1 /sd/index.php/UploadFiles/2016-09/2016090919091476563.jpg
INFO: [ app_init ] --START--
INFO: Run Behavior\BuildLiteBehavior [ RunTime:0.000000s ]
INFO: [ app_init ] --END-- [ RunTime:0.001000s ]
ERR: 无法加载模块:UploadFiles

[ 2017-02-06T21:48:33+08:00 ] ::1 /sd/index.php/UploadFiles/2016-09/2016090713260085528.jpg
INFO: [ app_init ] --START--
INFO: Run Behavior\BuildLiteBehavior [ RunTime:0.001000s ]
INFO: [ app_init ] --END-- [ RunTime:0.001000s ]
ERR: 无法加载模块:UploadFiles

[ 2017-02-06T21:48:33+08:00 ] ::1 /sd/index.php/UploadFiles/2016-09/2016090713264678180.jpg
INFO: [ app_init ] --START--
INFO: Run Behavior\BuildLiteBehavior [ RunTime:0.000000s ]
INFO: [ app_init ] --END-- [ RunTime:0.001000s ]
ERR: 无法加载模块:UploadFiles

[ 2017-02-06T21:48:33+08:00 ] ::1 /sd/index.php/UploadFiles/2016-09/201609071326188470.jpg
INFO: [ app_init ] --START--
INFO: Run Behavior\BuildLiteBehavior [ RunTime:0.000000s ]
INFO: [ app_init ] --END-- [ RunTime:0.001000s ]
ERR: 无法加载模块:UploadFiles

[ 2017-02-06T21:59:01+08:00 ] ::1 /sd/index.php/UploadFiles/2016-09/2016090713253119818.jpg
INFO: [ app_init ] --START--
INFO: Run Behavior\BuildLiteBehavior [ RunTime:0.000000s ]
INFO: [ app_init ] --END-- [ RunTime:0.000000s ]
ERR: 无法加载模块:UploadFiles

[ 2017-02-06T21:59:01+08:00 ] ::1 /sd/index.php/UploadFiles/2016-09/2016090713260085528.jpg
INFO: [ app_init ] --START--
INFO: Run Behavior\BuildLiteBehavior [ RunTime:0.000000s ]
INFO: [ app_init ] --END-- [ RunTime:0.002000s ]
ERR: 无法加载模块:UploadFiles

[ 2017-02-06T21:59:01+08:00 ] ::1 /sd/index.php/UploadFiles/2016-09/201609071326188470.jpg
INFO: [ app_init ] --START--
INFO: Run Behavior\BuildLiteBehavior [ RunTime:0.000000s ]
INFO: [ app_init ] --END-- [ RunTime:0.001000s ]
ERR: 无法加载模块:UploadFiles

[ 2017-02-06T21:59:01+08:00 ] ::1 /sd/index.php/UploadFiles/2016-09/2016090713264678180.jpg
INFO: [ app_init ] --START--
INFO: Run Behavior\BuildLiteBehavior [ RunTime:0.000000s ]
INFO: [ app_init ] --END-- [ RunTime:0.001000s ]
ERR: 无法加载模块:UploadFiles

[ 2017-02-06T21:59:01+08:00 ] ::1 /sd/index.php/UploadFiles/2016-09/2016090713265912325.jpg
INFO: [ app_init ] --START--
INFO: Run Behavior\BuildLiteBehavior [ RunTime:0.000000s ]
INFO: [ app_init ] --END-- [ RunTime:0.001000s ]
ERR: 无法加载模块:UploadFiles

[ 2017-02-06T21:59:01+08:00 ] ::1 /sd/index.php/UploadFiles/2016-09/2016090919002157860.jpg
INFO: [ app_init ] --START--
INFO: Run Behavior\BuildLiteBehavior [ RunTime:0.000000s ]
INFO: [ app_init ] --END-- [ RunTime:0.001000s ]
ERR: 无法加载模块:UploadFiles

[ 2017-02-06T21:59:01+08:00 ] ::1 /sd/index.php/UploadFiles/2016-09/2016090919022122014.jpg
INFO: [ app_init ] --START--
INFO: Run Behavior\BuildLiteBehavior [ RunTime:0.000000s ]
INFO: [ app_init ] --END-- [ RunTime:0.000000s ]
ERR: 无法加载模块:UploadFiles

[ 2017-02-06T21:59:01+08:00 ] ::1 /sd/index.php/UploadFiles/2016-09/2016090919015321317.jpg
INFO: [ app_init ] --START--
INFO: Run Behavior\BuildLiteBehavior [ RunTime:0.000000s ]
INFO: [ app_init ] --END-- [ RunTime:0.001000s ]
ERR: 无法加载模块:UploadFiles

[ 2017-02-06T21:59:01+08:00 ] ::1 /sd/index.php/UploadFiles/2016-09/2016090713271013196.jpg
INFO: [ app_init ] --START--
INFO: Run Behavior\BuildLiteBehavior [ RunTime:0.000000s ]
INFO: [ app_init ] --END-- [ RunTime:0.004000s ]
ERR: 无法加载模块:UploadFiles

[ 2017-02-06T21:59:01+08:00 ] ::1 /sd/index.php/UploadFiles/2016-09/2016090919025241893.jpg
INFO: [ app_init ] --START--
INFO: Run Behavior\BuildLiteBehavior [ RunTime:0.001000s ]
INFO: [ app_init ] --END-- [ RunTime:0.015000s ]
ERR: 无法加载模块:UploadFiles

[ 2017-02-06T21:59:01+08:00 ] ::1 /sd/index.php/UploadFiles/2016-09/2016090919031940251.jpg
INFO: [ app_init ] --START--
INFO: Run Behavior\BuildLiteBehavior [ RunTime:0.000000s ]
INFO: [ app_init ] --END-- [ RunTime:0.001000s ]
ERR: 无法加载模块:UploadFiles

[ 2017-02-06T21:59:01+08:00 ] ::1 /sd/index.php/UploadFiles/2016-09/2016090919034629837.jpg
INFO: [ app_init ] --START--
INFO: Run Behavior\BuildLiteBehavior [ RunTime:0.000000s ]
INFO: [ app_init ] --END-- [ RunTime:0.001000s ]
ERR: 无法加载模块:UploadFiles

[ 2017-02-06T21:59:01+08:00 ] ::1 /sd/index.php/UploadFiles/2016-09/2016090919050389024.jpg
INFO: [ app_init ] --START--
INFO: Run Behavior\BuildLiteBehavior [ RunTime:0.000000s ]
INFO: [ app_init ] --END-- [ RunTime:0.002000s ]
ERR: 无法加载模块:UploadFiles

[ 2017-02-06T21:59:01+08:00 ] ::1 /sd/index.php/UploadFiles/2016-09/2016090919054586362.jpg
INFO: [ app_init ] --START--
INFO: Run Behavior\BuildLiteBehavior [ RunTime:0.000000s ]
INFO: [ app_init ] --END-- [ RunTime:0.001000s ]
ERR: 无法加载模块:UploadFiles

[ 2017-02-06T21:59:01+08:00 ] ::1 /sd/index.php/UploadFiles/2016-09/2016090919062840419.jpg
INFO: [ app_init ] --START--
INFO: Run Behavior\BuildLiteBehavior [ RunTime:0.000000s ]
INFO: [ app_init ] --END-- [ RunTime:0.001000s ]
ERR: 无法加载模块:UploadFiles

[ 2017-02-06T21:59:01+08:00 ] ::1 /sd/index.php/UploadFiles/2016-09/2016090919060949831.jpg
INFO: [ app_init ] --START--
INFO: Run Behavior\BuildLiteBehavior [ RunTime:0.000000s ]
INFO: [ app_init ] --END-- [ RunTime:0.001000s ]
ERR: 无法加载模块:UploadFiles

[ 2017-02-06T21:59:01+08:00 ] ::1 /sd/index.php/UploadFiles/2016-09/2016090919084421933.jpg
INFO: [ app_init ] --START--
INFO: Run Behavior\BuildLiteBehavior [ RunTime:0.000000s ]
INFO: [ app_init ] --END-- [ RunTime:0.002000s ]
ERR: 无法加载模块:UploadFiles

[ 2017-02-06T21:59:01+08:00 ] ::1 /sd/index.php/UploadFiles/2016-09/2016090919074750400.jpg
INFO: [ app_init ] --START--
INFO: Run Behavior\BuildLiteBehavior [ RunTime:0.000000s ]
INFO: [ app_init ] --END-- [ RunTime:0.001000s ]
ERR: 无法加载模块:UploadFiles

[ 2017-02-06T21:59:01+08:00 ] ::1 /sd/index.php/UploadFiles/2016-09/2016090919081756126.jpg
INFO: [ app_init ] --START--
INFO: Run Behavior\BuildLiteBehavior [ RunTime:0.000000s ]
INFO: [ app_init ] --END-- [ RunTime:0.002000s ]
ERR: 无法加载模块:UploadFiles

[ 2017-02-06T21:59:01+08:00 ] ::1 /sd/index.php/UploadFiles/2016-09/2016090818443477055.png
INFO: [ app_init ] --START--
INFO: Run Behavior\BuildLiteBehavior [ RunTime:0.000000s ]
INFO: [ app_init ] --END-- [ RunTime:0.002000s ]
ERR: 无法加载模块:UploadFiles

[ 2017-02-06T21:59:01+08:00 ] ::1 /sd/index.php/UploadFiles/2016-09/2016090919091476563.jpg
INFO: [ app_init ] --START--
INFO: Run Behavior\BuildLiteBehavior [ RunTime:0.000000s ]
INFO: [ app_init ] --END-- [ RunTime:0.001000s ]
ERR: 无法加载模块:UploadFiles

[ 2017-02-06T21:59:01+08:00 ] ::1 /sd/index.php/UploadFiles/2016-09/2016090919094566751.jpg
INFO: [ app_init ] --START--
INFO: Run Behavior\BuildLiteBehavior [ RunTime:0.000000s ]
INFO: [ app_init ] --END-- [ RunTime:0.001000s ]
ERR: 无法加载模块:UploadFiles

[ 2017-02-06T21:59:01+08:00 ] ::1 /sd/index.php/UploadFiles/2016-09/201609071326188470.jpg
INFO: [ app_init ] --START--
INFO: Run Behavior\BuildLiteBehavior [ RunTime:0.000000s ]
INFO: [ app_init ] --END-- [ RunTime:0.000000s ]
ERR: 无法加载模块:UploadFiles

[ 2017-02-06T21:59:01+08:00 ] ::1 /sd/index.php/UploadFiles/2016-09/2016090713264678180.jpg
INFO: [ app_init ] --START--
INFO: Run Behavior\BuildLiteBehavior [ RunTime:0.000000s ]
INFO: [ app_init ] --END-- [ RunTime:0.001000s ]
ERR: 无法加载模块:UploadFiles

[ 2017-02-06T21:59:01+08:00 ] ::1 /sd/index.php/UploadFiles/2016-09/2016090713265912325.jpg
INFO: [ app_init ] --START--
INFO: Run Behavior\BuildLiteBehavior [ RunTime:0.000000s ]
INFO: [ app_init ] --END-- [ RunTime:0.001000s ]
ERR: 无法加载模块:UploadFiles

[ 2017-02-06T21:59:01+08:00 ] ::1 /sd/index.php/UploadFiles/2016-09/2016090713253119818.jpg
INFO: [ app_init ] --START--
INFO: Run Behavior\BuildLiteBehavior [ RunTime:0.000000s ]
INFO: [ app_init ] --END-- [ RunTime:0.000000s ]
ERR: 无法加载模块:UploadFiles

[ 2017-02-06T21:59:01+08:00 ] ::1 /sd/index.php/UploadFiles/2016-09/2016090713260085528.jpg
INFO: [ app_init ] --START--
INFO: Run Behavior\BuildLiteBehavior [ RunTime:0.000000s ]
INFO: [ app_init ] --END-- [ RunTime:0.001000s ]
ERR: 无法加载模块:UploadFiles

[ 2017-02-06T22:00:26+08:00 ] ::1 /sd/index.php/UploadFiles/2016-09/2016090713253119818.jpg
INFO: [ app_init ] --START--
INFO: Run Behavior\BuildLiteBehavior [ RunTime:0.000000s ]
INFO: [ app_init ] --END-- [ RunTime:0.000000s ]
ERR: 无法加载模块:UploadFiles

[ 2017-02-06T22:00:26+08:00 ] ::1 /sd/index.php/UploadFiles/2016-09/2016090713260085528.jpg
INFO: [ app_init ] --START--
INFO: Run Behavior\BuildLiteBehavior [ RunTime:0.000000s ]
INFO: [ app_init ] --END-- [ RunTime:0.001000s ]
ERR: 无法加载模块:UploadFiles

[ 2017-02-06T22:00:26+08:00 ] ::1 /sd/index.php/UploadFiles/2016-09/201609071326188470.jpg
INFO: [ app_init ] --START--
INFO: Run Behavior\BuildLiteBehavior [ RunTime:0.000000s ]
INFO: [ app_init ] --END-- [ RunTime:0.000000s ]
ERR: 无法加载模块:UploadFiles

[ 2017-02-06T22:00:26+08:00 ] ::1 /sd/index.php/UploadFiles/2016-09/2016090713264678180.jpg
INFO: [ app_init ] --START--
INFO: Run Behavior\BuildLiteBehavior [ RunTime:0.000000s ]
INFO: [ app_init ] --END-- [ RunTime:0.001000s ]
ERR: 无法加载模块:UploadFiles

[ 2017-02-06T22:00:26+08:00 ] ::1 /sd/index.php/UploadFiles/2016-09/2016090919002157860.jpg
INFO: [ app_init ] --START--
INFO: Run Behavior\BuildLiteBehavior [ RunTime:0.000000s ]
INFO: [ app_init ] --END-- [ RunTime:0.001000s ]
ERR: 无法加载模块:UploadFiles

[ 2017-02-06T22:00:26+08:00 ] ::1 /sd/index.php/UploadFiles/2016-09/2016090919015321317.jpg
INFO: [ app_init ] --START--
INFO: Run Behavior\BuildLiteBehavior [ RunTime:0.000000s ]
INFO: [ app_init ] --END-- [ RunTime:0.001000s ]
ERR: 无法加载模块:UploadFiles

[ 2017-02-06T22:00:26+08:00 ] ::1 /sd/index.php/UploadFiles/2016-09/2016090919022122014.jpg
INFO: [ app_init ] --START--
INFO: Run Behavior\BuildLiteBehavior [ RunTime:0.000000s ]
INFO: [ app_init ] --END-- [ RunTime:0.001000s ]
ERR: 无法加载模块:UploadFiles

[ 2017-02-06T22:00:26+08:00 ] ::1 /sd/index.php/UploadFiles/2016-09/2016090713265912325.jpg
INFO: [ app_init ] --START--
INFO: Run Behavior\BuildLiteBehavior [ RunTime:0.000000s ]
INFO: [ app_init ] --END-- [ RunTime:0.000000s ]
ERR: 无法加载模块:UploadFiles

[ 2017-02-06T22:00:26+08:00 ] ::1 /sd/index.php/UploadFiles/2016-09/2016090713271013196.jpg
INFO: [ app_init ] --START--
INFO: Run Behavior\BuildLiteBehavior [ RunTime:0.000000s ]
INFO: [ app_init ] --END-- [ RunTime:0.001000s ]
ERR: 无法加载模块:UploadFiles

[ 2017-02-06T22:00:26+08:00 ] ::1 /sd/index.php/UploadFiles/2016-09/2016090919025241893.jpg
INFO: [ app_init ] --START--
INFO: Run Behavior\BuildLiteBehavior [ RunTime:0.000000s ]
INFO: [ app_init ] --END-- [ RunTime:0.000000s ]
ERR: 无法加载模块:UploadFiles

[ 2017-02-06T22:00:26+08:00 ] ::1 /sd/index.php/UploadFiles/2016-09/2016090919031940251.jpg
INFO: [ app_init ] --START--
INFO: Run Behavior\BuildLiteBehavior [ RunTime:0.000000s ]
INFO: [ app_init ] --END-- [ RunTime:0.001000s ]
ERR: 无法加载模块:UploadFiles

[ 2017-02-06T22:00:26+08:00 ] ::1 /sd/index.php/UploadFiles/2016-09/2016090919034629837.jpg
INFO: [ app_init ] --START--
INFO: Run Behavior\BuildLiteBehavior [ RunTime:0.000000s ]
INFO: [ app_init ] --END-- [ RunTime:0.001000s ]
ERR: 无法加载模块:UploadFiles

[ 2017-02-06T22:00:26+08:00 ] ::1 /sd/index.php/UploadFiles/2016-09/2016090919054586362.jpg
INFO: [ app_init ] --START--
INFO: Run Behavior\BuildLiteBehavior [ RunTime:0.000000s ]
INFO: [ app_init ] --END-- [ RunTime:0.001000s ]
ERR: 无法加载模块:UploadFiles

[ 2017-02-06T22:00:26+08:00 ] ::1 /sd/index.php/UploadFiles/2016-09/2016090919060949831.jpg
INFO: [ app_init ] --START--
INFO: Run Behavior\BuildLiteBehavior [ RunTime:0.000000s ]
INFO: [ app_init ] --END-- [ RunTime:0.000000s ]
ERR: 无法加载模块:UploadFiles

[ 2017-02-06T22:00:26+08:00 ] ::1 /sd/index.php/UploadFiles/2016-09/2016090919050389024.jpg
INFO: [ app_init ] --START--
INFO: Run Behavior\BuildLiteBehavior [ RunTime:0.000000s ]
INFO: [ app_init ] --END-- [ RunTime:0.000000s ]
ERR: 无法加载模块:UploadFiles

[ 2017-02-06T22:00:26+08:00 ] ::1 /sd/index.php/UploadFiles/2016-09/2016090919062840419.jpg
INFO: [ app_init ] --START--
INFO: Run Behavior\BuildLiteBehavior [ RunTime:0.000000s ]
INFO: [ app_init ] --END-- [ RunTime:0.002000s ]
ERR: 无法加载模块:UploadFiles

[ 2017-02-06T22:00:26+08:00 ] ::1 /sd/index.php/UploadFiles/2016-09/2016090919074750400.jpg
INFO: [ app_init ] --START--
INFO: Run Behavior\BuildLiteBehavior [ RunTime:0.000000s ]
INFO: [ app_init ] --END-- [ RunTime:0.001000s ]
ERR: 无法加载模块:UploadFiles

[ 2017-02-06T22:00:26+08:00 ] ::1 /sd/index.php/UploadFiles/2016-09/2016090919081756126.jpg
INFO: [ app_init ] --START--
INFO: Run Behavior\BuildLiteBehavior [ RunTime:0.000000s ]
INFO: [ app_init ] --END-- [ RunTime:0.001000s ]
ERR: 无法加载模块:UploadFiles

[ 2017-02-06T22:00:26+08:00 ] ::1 /sd/index.php/UploadFiles/2016-09/2016090919091476563.jpg
INFO: [ app_init ] --START--
INFO: Run Behavior\BuildLiteBehavior [ RunTime:0.000000s ]
INFO: [ app_init ] --END-- [ RunTime:0.000000s ]
ERR: 无法加载模块:UploadFiles

[ 2017-02-06T22:00:26+08:00 ] ::1 /sd/index.php/UploadFiles/2016-09/2016090818443477055.png
INFO: [ app_init ] --START--
INFO: Run Behavior\BuildLiteBehavior [ RunTime:0.000000s ]
INFO: [ app_init ] --END-- [ RunTime:0.001000s ]
ERR: 无法加载模块:UploadFiles

[ 2017-02-06T22:00:26+08:00 ] ::1 /sd/index.php/UploadFiles/2016-09/2016090919084421933.jpg
INFO: [ app_init ] --START--
INFO: Run Behavior\BuildLiteBehavior [ RunTime:0.001000s ]
INFO: [ app_init ] --END-- [ RunTime:0.001000s ]
ERR: 无法加载模块:UploadFiles

[ 2017-02-06T22:00:26+08:00 ] ::1 /sd/index.php/UploadFiles/2016-09/201609071326188470.jpg
INFO: [ app_init ] --START--
INFO: Run Behavior\BuildLiteBehavior [ RunTime:0.000000s ]
INFO: [ app_init ] --END-- [ RunTime:0.001000s ]
ERR: 无法加载模块:UploadFiles

[ 2017-02-06T22:00:26+08:00 ] ::1 /sd/index.php/UploadFiles/2016-09/2016090919094566751.jpg
INFO: [ app_init ] --START--
INFO: Run Behavior\BuildLiteBehavior [ RunTime:0.000000s ]
INFO: [ app_init ] --END-- [ RunTime:0.001000s ]
ERR: 无法加载模块:UploadFiles

[ 2017-02-06T22:00:26+08:00 ] ::1 /sd/index.php/UploadFiles/2016-09/2016090713260085528.jpg
INFO: [ app_init ] --START--
INFO: Run Behavior\BuildLiteBehavior [ RunTime:0.000000s ]
INFO: [ app_init ] --END-- [ RunTime:0.001000s ]
ERR: 无法加载模块:UploadFiles

[ 2017-02-06T22:00:26+08:00 ] ::1 /sd/index.php/UploadFiles/2016-09/2016090713253119818.jpg
INFO: [ app_init ] --START--
INFO: Run Behavior\BuildLiteBehavior [ RunTime:0.000000s ]
INFO: [ app_init ] --END-- [ RunTime:0.002000s ]
ERR: 无法加载模块:UploadFiles

[ 2017-02-06T22:05:25+08:00 ] ::1 /sd/index.php/UploadFiles/2016-09/2016090919002157860.jpg
INFO: [ app_init ] --START--
INFO: Run Behavior\BuildLiteBehavior [ RunTime:0.000000s ]
INFO: [ app_init ] --END-- [ RunTime:0.000000s ]
ERR: 无法加载模块:UploadFiles

[ 2017-02-06T22:05:25+08:00 ] ::1 /sd/index.php/UploadFiles/2016-09/2016090919015321317.jpg
INFO: [ app_init ] --START--
INFO: Run Behavior\BuildLiteBehavior [ RunTime:0.000000s ]
INFO: [ app_init ] --END-- [ RunTime:0.001000s ]
ERR: 无法加载模块:UploadFiles

[ 2017-02-06T22:05:25+08:00 ] ::1 /sd/index.php/UploadFiles/2016-09/2016090919022122014.jpg
INFO: [ app_init ] --START--
INFO: Run Behavior\BuildLiteBehavior [ RunTime:0.000000s ]
INFO: [ app_init ] --END-- [ RunTime:0.001000s ]
ERR: 无法加载模块:UploadFiles

[ 2017-02-06T22:05:25+08:00 ] ::1 /sd/index.php/UploadFiles/2016-09/2016090919025241893.jpg
INFO: [ app_init ] --START--
INFO: Run Behavior\BuildLiteBehavior [ RunTime:0.000000s ]
INFO: [ app_init ] --END-- [ RunTime:0.000000s ]
ERR: 无法加载模块:UploadFiles

[ 2017-02-06T22:05:25+08:00 ] ::1 /sd/index.php/UploadFiles/2016-09/2016090919031940251.jpg
INFO: [ app_init ] --START--
INFO: Run Behavior\BuildLiteBehavior [ RunTime:0.000000s ]
INFO: [ app_init ] --END-- [ RunTime:0.002000s ]
ERR: 无法加载模块:UploadFiles

[ 2017-02-06T22:05:25+08:00 ] ::1 /sd/index.php/UploadFiles/2016-09/2016090919034629837.jpg
INFO: [ app_init ] --START--
INFO: Run Behavior\BuildLiteBehavior [ RunTime:0.000000s ]
INFO: [ app_init ] --END-- [ RunTime:0.000000s ]
ERR: 无法加载模块:UploadFiles

[ 2017-02-06T22:05:25+08:00 ] ::1 /sd/index.php/UploadFiles/2016-09/2016090919050389024.jpg
INFO: [ app_init ] --START--
INFO: Run Behavior\BuildLiteBehavior [ RunTime:0.000000s ]
INFO: [ app_init ] --END-- [ RunTime:0.001000s ]
ERR: 无法加载模块:UploadFiles

[ 2017-02-06T22:05:25+08:00 ] ::1 /sd/index.php/UploadFiles/2016-09/2016090919054586362.jpg
INFO: [ app_init ] --START--
INFO: Run Behavior\BuildLiteBehavior [ RunTime:0.000000s ]
INFO: [ app_init ] --END-- [ RunTime:0.002000s ]
ERR: 无法加载模块:UploadFiles

[ 2017-02-06T22:05:25+08:00 ] ::1 /sd/index.php/UploadFiles/2016-09/2016090919074750400.jpg
INFO: [ app_init ] --START--
INFO: Run Behavior\BuildLiteBehavior [ RunTime:0.000000s ]
INFO: [ app_init ] --END-- [ RunTime:0.001000s ]
ERR: 无法加载模块:UploadFiles

[ 2017-02-06T22:05:25+08:00 ] ::1 /sd/index.php/UploadFiles/2016-09/2016090818443477055.png
INFO: [ app_init ] --START--
INFO: Run Behavior\BuildLiteBehavior [ RunTime:0.000000s ]
INFO: [ app_init ] --END-- [ RunTime:0.001000s ]
ERR: 无法加载模块:UploadFiles

[ 2017-02-06T22:05:25+08:00 ] ::1 /sd/index.php/UploadFiles/2016-09/2016090919060949831.jpg
INFO: [ app_init ] --START--
INFO: Run Behavior\BuildLiteBehavior [ RunTime:0.000000s ]
INFO: [ app_init ] --END-- [ RunTime:0.000000s ]
ERR: 无法加载模块:UploadFiles

[ 2017-02-06T22:05:25+08:00 ] ::1 /sd/index.php/UploadFiles/2016-09/2016090919062840419.jpg
INFO: [ app_init ] --START--
INFO: Run Behavior\BuildLiteBehavior [ RunTime:0.000000s ]
INFO: [ app_init ] --END-- [ RunTime:0.003000s ]
ERR: 无法加载模块:UploadFiles

[ 2017-02-06T22:05:25+08:00 ] ::1 /sd/index.php/UploadFiles/2016-09/2016090919015321317.jpg
INFO: [ app_init ] --START--
INFO: Run Behavior\BuildLiteBehavior [ RunTime:0.000000s ]
INFO: [ app_init ] --END-- [ RunTime:0.001000s ]
ERR: 无法加载模块:UploadFiles

[ 2017-02-06T22:05:25+08:00 ] ::1 /sd/index.php/UploadFiles/2016-09/2016090919002157860.jpg
INFO: [ app_init ] --START--
INFO: Run Behavior\BuildLiteBehavior [ RunTime:0.000000s ]
INFO: [ app_init ] --END-- [ RunTime:0.001000s ]
ERR: 无法加载模块:UploadFiles

[ 2017-02-06T22:05:25+08:00 ] ::1 /sd/index.php/UploadFiles/2016-09/2016090919022122014.jpg
INFO: [ app_init ] --START--
INFO: Run Behavior\BuildLiteBehavior [ RunTime:0.000000s ]
INFO: [ app_init ] --END-- [ RunTime:0.002000s ]
ERR: 无法加载模块:UploadFiles

[ 2017-02-06T22:05:25+08:00 ] ::1 /sd/index.php/UploadFiles/2016-09/2016090919025241893.jpg
INFO: [ app_init ] --START--
INFO: Run Behavior\BuildLiteBehavior [ RunTime:0.000000s ]
INFO: [ app_init ] --END-- [ RunTime:0.002000s ]
ERR: 无法加载模块:UploadFiles

[ 2017-02-06T22:05:25+08:00 ] ::1 /sd/index.php/UploadFiles/2016-09/2016090919091476563.jpg
INFO: [ app_init ] --START--
INFO: Run Behavior\BuildLiteBehavior [ RunTime:0.000000s ]
INFO: [ app_init ] --END-- [ RunTime:0.001000s ]
ERR: 无法加载模块:UploadFiles

[ 2017-02-06T22:05:25+08:00 ] ::1 /sd/index.php/UploadFiles/2016-09/2016090919094566751.jpg
INFO: [ app_init ] --START--
INFO: Run Behavior\BuildLiteBehavior [ RunTime:0.000000s ]
INFO: [ app_init ] --END-- [ RunTime:0.005000s ]
ERR: 无法加载模块:UploadFiles

[ 2017-02-06T22:05:25+08:00 ] ::1 /sd/index.php/UploadFiles/2016-09/2016090919081756126.jpg
INFO: [ app_init ] --START--
INFO: Run Behavior\BuildLiteBehavior [ RunTime:0.000000s ]
INFO: [ app_init ] --END-- [ RunTime:0.004000s ]
ERR: 无法加载模块:UploadFiles

[ 2017-02-06T22:05:25+08:00 ] ::1 /sd/index.php/UploadFiles/2016-09/2016090919084421933.jpg
INFO: [ app_init ] --START--
INFO: Run Behavior\BuildLiteBehavior [ RunTime:0.000000s ]
INFO: [ app_init ] --END-- [ RunTime:0.001000s ]
ERR: 无法加载模块:UploadFiles

[ 2017-02-06T22:05:26+08:00 ] ::1 /sd/index.php/UploadFiles/2016-09/2016090919002157860.jpg
INFO: [ app_init ] --START--
INFO: Run Behavior\BuildLiteBehavior [ RunTime:0.000000s ]
INFO: [ app_init ] --END-- [ RunTime:0.001000s ]
ERR: 无法加载模块:UploadFiles

[ 2017-02-06T22:05:26+08:00 ] ::1 /sd/index.php/UploadFiles/2016-09/2016090919015321317.jpg
INFO: [ app_init ] --START--
INFO: Run Behavior\BuildLiteBehavior [ RunTime:0.000000s ]
INFO: [ app_init ] --END-- [ RunTime:0.001000s ]
ERR: 无法加载模块:UploadFiles

[ 2017-02-06T22:05:26+08:00 ] ::1 /sd/index.php/UploadFiles/2016-09/2016090919022122014.jpg
INFO: [ app_init ] --START--
INFO: Run Behavior\BuildLiteBehavior [ RunTime:0.000000s ]
INFO: [ app_init ] --END-- [ RunTime:0.000000s ]
ERR: 无法加载模块:UploadFiles

[ 2017-02-06T22:05:26+08:00 ] ::1 /sd/index.php/UploadFiles/2016-09/2016090919025241893.jpg
INFO: [ app_init ] --START--
INFO: Run Behavior\BuildLiteBehavior [ RunTime:0.000000s ]
INFO: [ app_init ] --END-- [ RunTime:0.000000s ]
ERR: 无法加载模块:UploadFiles

[ 2017-02-06T22:05:26+08:00 ] ::1 /sd/index.php/UploadFiles/2016-09/2016090919031940251.jpg
INFO: [ app_init ] --START--
INFO: Run Behavior\BuildLiteBehavior [ RunTime:0.000000s ]
INFO: [ app_init ] --END-- [ RunTime:0.001000s ]
ERR: 无法加载模块:UploadFiles

[ 2017-02-06T22:05:26+08:00 ] ::1 /sd/index.php/UploadFiles/2016-09/2016090919034629837.jpg
INFO: [ app_init ] --START--
INFO: Run Behavior\BuildLiteBehavior [ RunTime:0.000000s ]
INFO: [ app_init ] --END-- [ RunTime:0.000000s ]
ERR: 无法加载模块:UploadFiles

[ 2017-02-06T22:05:26+08:00 ] ::1 /sd/index.php/UploadFiles/2016-09/2016090919050389024.jpg
INFO: [ app_init ] --START--
INFO: Run Behavior\BuildLiteBehavior [ RunTime:0.000000s ]
INFO: [ app_init ] --END-- [ RunTime:0.003000s ]
ERR: 无法加载模块:UploadFiles

[ 2017-02-06T22:05:27+08:00 ] ::1 /sd/index.php/UploadFiles/2016-09/2016090919054586362.jpg
INFO: [ app_init ] --START--
INFO: Run Behavior\BuildLiteBehavior [ RunTime:0.000000s ]
INFO: [ app_init ] --END-- [ RunTime:0.001000s ]
ERR: 无法加载模块:UploadFiles

[ 2017-02-06T22:05:27+08:00 ] ::1 /sd/index.php/UploadFiles/2016-09/2016090919060949831.jpg
INFO: [ app_init ] --START--
INFO: Run Behavior\BuildLiteBehavior [ RunTime:0.000000s ]
INFO: [ app_init ] --END-- [ RunTime:0.001000s ]
ERR: 无法加载模块:UploadFiles

[ 2017-02-06T22:05:27+08:00 ] ::1 /sd/index.php/UploadFiles/2016-09/2016090919074750400.jpg
INFO: [ app_init ] --START--
INFO: Run Behavior\BuildLiteBehavior [ RunTime:0.000000s ]
INFO: [ app_init ] --END-- [ RunTime:0.000000s ]
ERR: 无法加载模块:UploadFiles

[ 2017-02-06T22:05:27+08:00 ] ::1 /sd/index.php/UploadFiles/2016-09/2016090919062840419.jpg
INFO: [ app_init ] --START--
INFO: Run Behavior\BuildLiteBehavior [ RunTime:0.000000s ]
INFO: [ app_init ] --END-- [ RunTime:0.003000s ]
ERR: 无法加载模块:UploadFiles

[ 2017-02-06T22:05:27+08:00 ] ::1 /sd/index.php/UploadFiles/2016-09/2016090818443477055.png
INFO: [ app_init ] --START--
INFO: Run Behavior\BuildLiteBehavior [ RunTime:0.000000s ]
INFO: [ app_init ] --END-- [ RunTime:0.002000s ]
ERR: 无法加载模块:UploadFiles

[ 2017-02-06T22:05:27+08:00 ] ::1 /sd/index.php/UploadFiles/2016-09/2016090919081756126.jpg
INFO: [ app_init ] --START--
INFO: Run Behavior\BuildLiteBehavior [ RunTime:0.000000s ]
INFO: [ app_init ] --END-- [ RunTime:0.001000s ]
ERR: 无法加载模块:UploadFiles

[ 2017-02-06T22:05:27+08:00 ] ::1 /sd/index.php/UploadFiles/2016-09/2016090919084421933.jpg
INFO: [ app_init ] --START--
INFO: Run Behavior\BuildLiteBehavior [ RunTime:0.000000s ]
INFO: [ app_init ] --END-- [ RunTime:0.000000s ]
ERR: 无法加载模块:UploadFiles

[ 2017-02-06T22:05:27+08:00 ] ::1 /sd/index.php/UploadFiles/2016-09/2016090919091476563.jpg
INFO: [ app_init ] --START--
INFO: Run Behavior\BuildLiteBehavior [ RunTime:0.000000s ]
INFO: [ app_init ] --END-- [ RunTime:0.001000s ]
ERR: 无法加载模块:UploadFiles

[ 2017-02-06T22:05:27+08:00 ] ::1 /sd/index.php/UploadFiles/2016-09/2016090919094566751.jpg
INFO: [ app_init ] --START--
INFO: Run Behavior\BuildLiteBehavior [ RunTime:0.000000s ]
INFO: [ app_init ] --END-- [ RunTime:0.001000s ]
ERR: 无法加载模块:UploadFiles

[ 2017-02-06T22:05:27+08:00 ] ::1 /sd/index.php/UploadFiles/2016-09/2016090919025241893.jpg
INFO: [ app_init ] --START--
INFO: Run Behavior\BuildLiteBehavior [ RunTime:0.000000s ]
INFO: [ app_init ] --END-- [ RunTime:0.001000s ]
ERR: 无法加载模块:UploadFiles

[ 2017-02-06T22:05:27+08:00 ] ::1 /sd/index.php/UploadFiles/2016-09/2016090919022122014.jpg
INFO: [ app_init ] --START--
INFO: Run Behavior\BuildLiteBehavior [ RunTime:0.000000s ]
INFO: [ app_init ] --END-- [ RunTime:0.001000s ]
ERR: 无法加载模块:UploadFiles

[ 2017-02-06T22:05:27+08:00 ] ::1 /sd/index.php/UploadFiles/2016-09/2016090919002157860.jpg
INFO: [ app_init ] --START--
INFO: Run Behavior\BuildLiteBehavior [ RunTime:0.000000s ]
INFO: [ app_init ] --END-- [ RunTime:0.002000s ]
ERR: 无法加载模块:UploadFiles

[ 2017-02-06T22:05:27+08:00 ] ::1 /sd/index.php/UploadFiles/2016-09/2016090919015321317.jpg
INFO: [ app_init ] --START--
INFO: Run Behavior\BuildLiteBehavior [ RunTime:0.001000s ]
INFO: [ app_init ] --END-- [ RunTime:0.002000s ]
ERR: 无法加载模块:UploadFiles

[ 2017-02-06T22:05:27+08:00 ] ::1 /sd/index.php/UploadFiles/2016-09/2016090919031940251.jpg
INFO: [ app_init ] --START--
INFO: Run Behavior\BuildLiteBehavior [ RunTime:0.000000s ]
INFO: [ app_init ] --END-- [ RunTime:0.001000s ]
ERR: 无法加载模块:UploadFiles

[ 2017-02-06T22:05:27+08:00 ] ::1 /sd/index.php/UploadFiles/2016-09/2016090919034629837.jpg
INFO: [ app_init ] --START--
INFO: Run Behavior\BuildLiteBehavior [ RunTime:0.000000s ]
INFO: [ app_init ] --END-- [ RunTime:0.001000s ]
ERR: 无法加载模块:UploadFiles

[ 2017-02-06T22:05:27+08:00 ] ::1 /sd/index.php/UploadFiles/2016-09/2016090919054586362.jpg
INFO: [ app_init ] --START--
INFO: Run Behavior\BuildLiteBehavior [ RunTime:0.000000s ]
INFO: [ app_init ] --END-- [ RunTime:0.000000s ]
ERR: 无法加载模块:UploadFiles

[ 2017-02-06T22:05:27+08:00 ] ::1 /sd/index.php/UploadFiles/2016-09/2016090919050389024.jpg
INFO: [ app_init ] --START--
INFO: Run Behavior\BuildLiteBehavior [ RunTime:0.000000s ]
INFO: [ app_init ] --END-- [ RunTime:0.001000s ]
ERR: 无法加载模块:UploadFiles

[ 2017-02-06T22:05:47+08:00 ] ::1 /sd/index.php/UploadFiles/2016-09/2016090919025241893.jpg
INFO: [ app_init ] --START--
INFO: Run Behavior\BuildLiteBehavior [ RunTime:0.000000s ]
INFO: [ app_init ] --END-- [ RunTime:0.000000s ]
ERR: 无法加载模块:UploadFiles

[ 2017-02-06T22:05:47+08:00 ] ::1 /sd/index.php/UploadFiles/2016-09/2016090919015321317.jpg
INFO: [ app_init ] --START--
INFO: Run Behavior\BuildLiteBehavior [ RunTime:0.000000s ]
INFO: [ app_init ] --END-- [ RunTime:0.002000s ]
ERR: 无法加载模块:UploadFiles

[ 2017-02-06T22:05:47+08:00 ] ::1 /sd/index.php/UploadFiles/2016-09/2016090919002157860.jpg
INFO: [ app_init ] --START--
INFO: Run Behavior\BuildLiteBehavior [ RunTime:0.000000s ]
INFO: [ app_init ] --END-- [ RunTime:0.001000s ]
ERR: 无法加载模块:UploadFiles

[ 2017-02-06T22:05:47+08:00 ] ::1 /sd/index.php/UploadFiles/2016-09/2016090919031940251.jpg
INFO: [ app_init ] --START--
INFO: Run Behavior\BuildLiteBehavior [ RunTime:0.000000s ]
INFO: [ app_init ] --END-- [ RunTime:0.000000s ]
ERR: 无法加载模块:UploadFiles

[ 2017-02-06T22:05:47+08:00 ] ::1 /sd/index.php/UploadFiles/2016-09/2016090919050389024.jpg
INFO: [ app_init ] --START--
INFO: Run Behavior\BuildLiteBehavior [ RunTime:0.000000s ]
INFO: [ app_init ] --END-- [ RunTime:0.001000s ]
ERR: 无法加载模块:UploadFiles

[ 2017-02-06T22:05:47+08:00 ] ::1 /sd/index.php/UploadFiles/2016-09/2016090919034629837.jpg
INFO: [ app_init ] --START--
INFO: Run Behavior\BuildLiteBehavior [ RunTime:0.001000s ]
INFO: [ app_init ] --END-- [ RunTime:0.001000s ]
ERR: 无法加载模块:UploadFiles

[ 2017-02-06T22:05:47+08:00 ] ::1 /sd/index.php/UploadFiles/2016-09/2016090919054586362.jpg
INFO: [ app_init ] --START--
INFO: Run Behavior\BuildLiteBehavior [ RunTime:0.000000s ]
INFO: [ app_init ] --END-- [ RunTime:0.001000s ]
ERR: 无法加载模块:UploadFiles

[ 2017-02-06T22:05:47+08:00 ] ::1 /sd/index.php/UploadFiles/2016-09/2016090919022122014.jpg
INFO: [ app_init ] --START--
INFO: Run Behavior\BuildLiteBehavior [ RunTime:0.000000s ]
INFO: [ app_init ] --END-- [ RunTime:0.004000s ]
ERR: 无法加载模块:UploadFiles

[ 2017-02-06T22:05:47+08:00 ] ::1 /sd/index.php/UploadFiles/2016-09/2016090919062840419.jpg
INFO: [ app_init ] --START--
INFO: Run Behavior\BuildLiteBehavior [ RunTime:0.000000s ]
INFO: [ app_init ] --END-- [ RunTime:0.001000s ]
ERR: 无法加载模块:UploadFiles

[ 2017-02-06T22:05:47+08:00 ] ::1 /sd/index.php/UploadFiles/2016-09/2016090919060949831.jpg
INFO: [ app_init ] --START--
INFO: Run Behavior\BuildLiteBehavior [ RunTime:0.000000s ]
INFO: [ app_init ] --END-- [ RunTime:0.011000s ]
ERR: 无法加载模块:UploadFiles

[ 2017-02-06T22:05:47+08:00 ] ::1 /sd/index.php/UploadFiles/2016-09/2016090818443477055.png
INFO: [ app_init ] --START--
INFO: Run Behavior\BuildLiteBehavior [ RunTime:0.000000s ]
INFO: [ app_init ] --END-- [ RunTime:0.001000s ]
ERR: 无法加载模块:UploadFiles

[ 2017-02-06T22:05:47+08:00 ] ::1 /sd/index.php/UploadFiles/2016-09/2016090919081756126.jpg
INFO: [ app_init ] --START--
INFO: Run Behavior\BuildLiteBehavior [ RunTime:0.000000s ]
INFO: [ app_init ] --END-- [ RunTime:0.000000s ]
ERR: 无法加载模块:UploadFiles

[ 2017-02-06T22:05:47+08:00 ] ::1 /sd/index.php/UploadFiles/2016-09/2016090919091476563.jpg
INFO: [ app_init ] --START--
INFO: Run Behavior\BuildLiteBehavior [ RunTime:0.000000s ]
INFO: [ app_init ] --END-- [ RunTime:0.001000s ]
ERR: 无法加载模块:UploadFiles

[ 2017-02-06T22:05:47+08:00 ] ::1 /sd/index.php/UploadFiles/2016-09/2016090919074750400.jpg
INFO: [ app_init ] --START--
INFO: Run Behavior\BuildLiteBehavior [ RunTime:0.000000s ]
INFO: [ app_init ] --END-- [ RunTime:0.003000s ]
ERR: 无法加载模块:UploadFiles

[ 2017-02-06T22:05:47+08:00 ] ::1 /sd/index.php/UploadFiles/2016-09/2016090919094566751.jpg
INFO: [ app_init ] --START--
INFO: Run Behavior\BuildLiteBehavior [ RunTime:0.000000s ]
INFO: [ app_init ] --END-- [ RunTime:0.000000s ]
ERR: 无法加载模块:UploadFiles

[ 2017-02-06T22:05:47+08:00 ] ::1 /sd/index.php/UploadFiles/2016-09/2016090919084421933.jpg
INFO: [ app_init ] --START--
INFO: Run Behavior\BuildLiteBehavior [ RunTime:0.000000s ]
INFO: [ app_init ] --END-- [ RunTime:0.000000s ]
ERR: 无法加载模块:UploadFiles

[ 2017-02-06T22:05:47+08:00 ] ::1 /sd/index.php/UploadFiles/2016-09/2016090919015321317.jpg
INFO: [ app_init ] --START--
INFO: Run Behavior\BuildLiteBehavior [ RunTime:0.000000s ]
INFO: [ app_init ] --END-- [ RunTime:0.001000s ]
ERR: 无法加载模块:UploadFiles

[ 2017-02-06T22:05:47+08:00 ] ::1 /sd/index.php/UploadFiles/2016-09/2016090919031940251.jpg
INFO: [ app_init ] --START--
INFO: Run Behavior\BuildLiteBehavior [ RunTime:0.000000s ]
INFO: [ app_init ] --END-- [ RunTime:0.001000s ]
ERR: 无法加载模块:UploadFiles

[ 2017-02-06T22:05:47+08:00 ] ::1 /sd/index.php/UploadFiles/2016-09/2016090919025241893.jpg
INFO: [ app_init ] --START--
INFO: Run Behavior\BuildLiteBehavior [ RunTime:0.000000s ]
INFO: [ app_init ] --END-- [ RunTime:0.001000s ]
ERR: 无法加载模块:UploadFiles

[ 2017-02-06T22:05:47+08:00 ] ::1 /sd/index.php/UploadFiles/2016-09/2016090919002157860.jpg
INFO: [ app_init ] --START--
INFO: Run Behavior\BuildLiteBehavior [ RunTime:0.000000s ]
INFO: [ app_init ] --END-- [ RunTime:0.003000s ]
ERR: 无法加载模块:UploadFiles

[ 2017-02-06T22:05:47+08:00 ] ::1 /sd/index.php/UploadFiles/2016-09/2016090919022122014.jpg
INFO: [ app_init ] --START--
INFO: Run Behavior\BuildLiteBehavior [ RunTime:0.000000s ]
INFO: [ app_init ] --END-- [ RunTime:0.000000s ]
ERR: 无法加载模块:UploadFiles

[ 2017-02-06T22:05:47+08:00 ] ::1 /sd/index.php/UploadFiles/2016-09/2016090919034629837.jpg
INFO: [ app_init ] --START--
INFO: Run Behavior\BuildLiteBehavior [ RunTime:0.000000s ]
INFO: [ app_init ] --END-- [ RunTime:0.001000s ]
ERR: 无法加载模块:UploadFiles

[ 2017-02-06T22:05:47+08:00 ] ::1 /sd/index.php/UploadFiles/2016-09/2016090919054586362.jpg
INFO: [ app_init ] --START--
INFO: Run Behavior\BuildLiteBehavior [ RunTime:0.000000s ]
INFO: [ app_init ] --END-- [ RunTime:0.001000s ]
ERR: 无法加载模块:UploadFiles

[ 2017-02-06T22:05:47+08:00 ] ::1 /sd/index.php/UploadFiles/2016-09/2016090919060949831.jpg
INFO: [ app_init ] --START--
INFO: Run Behavior\BuildLiteBehavior [ RunTime:0.000000s ]
INFO: [ app_init ] --END-- [ RunTime:0.000000s ]
ERR: 无法加载模块:UploadFiles

[ 2017-02-06T22:05:47+08:00 ] ::1 /sd/index.php/UploadFiles/2016-09/2016090919050389024.jpg
INFO: [ app_init ] --START--
INFO: Run Behavior\BuildLiteBehavior [ RunTime:0.000000s ]
INFO: [ app_init ] --END-- [ RunTime:0.001000s ]
ERR: 无法加载模块:UploadFiles

[ 2017-02-06T22:05:47+08:00 ] ::1 /sd/index.php/UploadFiles/2016-09/2016090919062840419.jpg
INFO: [ app_init ] --START--
INFO: Run Behavior\BuildLiteBehavior [ RunTime:0.000000s ]
INFO: [ app_init ] --END-- [ RunTime:0.000000s ]
ERR: 无法加载模块:UploadFiles

[ 2017-02-06T22:05:47+08:00 ] ::1 /sd/index.php/UploadFiles/2016-09/2016090919081756126.jpg
INFO: [ app_init ] --START--
INFO: Run Behavior\BuildLiteBehavior [ RunTime:0.000000s ]
INFO: [ app_init ] --END-- [ RunTime:0.000000s ]
ERR: 无法加载模块:UploadFiles

[ 2017-02-06T22:05:47+08:00 ] ::1 /sd/index.php/UploadFiles/2016-09/2016090818443477055.png
INFO: [ app_init ] --START--
INFO: Run Behavior\BuildLiteBehavior [ RunTime:0.000000s ]
INFO: [ app_init ] --END-- [ RunTime:0.001000s ]
ERR: 无法加载模块:UploadFiles

[ 2017-02-06T22:05:47+08:00 ] ::1 /sd/index.php/UploadFiles/2016-09/2016090919074750400.jpg
INFO: [ app_init ] --START--
INFO: Run Behavior\BuildLiteBehavior [ RunTime:0.000000s ]
INFO: [ app_init ] --END-- [ RunTime:0.001000s ]
ERR: 无法加载模块:UploadFiles

[ 2017-02-06T22:05:47+08:00 ] ::1 /sd/index.php/UploadFiles/2016-09/2016090919084421933.jpg
INFO: [ app_init ] --START--
INFO: Run Behavior\BuildLiteBehavior [ RunTime:0.000000s ]
INFO: [ app_init ] --END-- [ RunTime:0.002000s ]
ERR: 无法加载模块:UploadFiles

[ 2017-02-06T22:05:47+08:00 ] ::1 /sd/index.php/UploadFiles/2016-09/2016090919091476563.jpg
INFO: [ app_init ] --START--
INFO: Run Behavior\BuildLiteBehavior [ RunTime:0.000000s ]
INFO: [ app_init ] --END-- [ RunTime:0.001000s ]
ERR: 无法加载模块:UploadFiles

[ 2017-02-06T22:05:47+08:00 ] ::1 /sd/index.php/UploadFiles/2016-09/2016090919094566751.jpg
INFO: [ app_init ] --START--
INFO: Run Behavior\BuildLiteBehavior [ RunTime:0.000000s ]
INFO: [ app_init ] --END-- [ RunTime:0.001000s ]
ERR: 无法加载模块:UploadFiles

[ 2017-02-06T22:06:01+08:00 ] ::1 /sd/index.php/UploadFiles/2016-09/2016090919002157860.jpg
INFO: [ app_init ] --START--
INFO: Run Behavior\BuildLiteBehavior [ RunTime:0.000000s ]
INFO: [ app_init ] --END-- [ RunTime:0.000000s ]
ERR: 无法加载模块:UploadFiles

[ 2017-02-06T22:06:01+08:00 ] ::1 /sd/index.php/UploadFiles/2016-09/2016090919015321317.jpg
INFO: [ app_init ] --START--
INFO: Run Behavior\BuildLiteBehavior [ RunTime:0.000000s ]
INFO: [ app_init ] --END-- [ RunTime:0.001000s ]
ERR: 无法加载模块:UploadFiles

[ 2017-02-06T22:06:01+08:00 ] ::1 /sd/index.php/UploadFiles/2016-09/2016090919025241893.jpg
INFO: [ app_init ] --START--
INFO: Run Behavior\BuildLiteBehavior [ RunTime:0.000000s ]
INFO: [ app_init ] --END-- [ RunTime:0.000000s ]
ERR: 无法加载模块:UploadFiles

[ 2017-02-06T22:06:01+08:00 ] ::1 /sd/index.php/UploadFiles/2016-09/2016090919031940251.jpg
INFO: [ app_init ] --START--
INFO: Run Behavior\BuildLiteBehavior [ RunTime:0.000000s ]
INFO: [ app_init ] --END-- [ RunTime:0.001000s ]
ERR: 无法加载模块:UploadFiles

[ 2017-02-06T22:06:01+08:00 ] ::1 /sd/index.php/UploadFiles/2016-09/2016090919034629837.jpg
INFO: [ app_init ] --START--
INFO: Run Behavior\BuildLiteBehavior [ RunTime:0.000000s ]
INFO: [ app_init ] --END-- [ RunTime:0.001000s ]
ERR: 无法加载模块:UploadFiles

[ 2017-02-06T22:06:01+08:00 ] ::1 /sd/index.php/UploadFiles/2016-09/2016090919054586362.jpg
INFO: [ app_init ] --START--
INFO: Run Behavior\BuildLiteBehavior [ RunTime:0.000000s ]
INFO: [ app_init ] --END-- [ RunTime:0.001000s ]
ERR: 无法加载模块:UploadFiles

[ 2017-02-06T22:06:01+08:00 ] ::1 /sd/index.php/UploadFiles/2016-09/2016090919022122014.jpg
INFO: [ app_init ] --START--
INFO: Run Behavior\BuildLiteBehavior [ RunTime:0.000000s ]
INFO: [ app_init ] --END-- [ RunTime:0.001000s ]
ERR: 无法加载模块:UploadFiles

[ 2017-02-06T22:06:01+08:00 ] ::1 /sd/index.php/UploadFiles/2016-09/2016090919050389024.jpg
INFO: [ app_init ] --START--
INFO: Run Behavior\BuildLiteBehavior [ RunTime:0.000000s ]
INFO: [ app_init ] --END-- [ RunTime:0.002000s ]
ERR: 无法加载模块:UploadFiles

[ 2017-02-06T22:06:01+08:00 ] ::1 /sd/index.php/UploadFiles/2016-09/2016090919062840419.jpg
INFO: [ app_init ] --START--
INFO: Run Behavior\BuildLiteBehavior [ RunTime:0.000000s ]
INFO: [ app_init ] --END-- [ RunTime:0.001000s ]
ERR: 无法加载模块:UploadFiles

[ 2017-02-06T22:06:01+08:00 ] ::1 /sd/index.php/UploadFiles/2016-09/2016090818443477055.png
INFO: [ app_init ] --START--
INFO: Run Behavior\BuildLiteBehavior [ RunTime:0.000000s ]
INFO: [ app_init ] --END-- [ RunTime:0.000000s ]
ERR: 无法加载模块:UploadFiles

[ 2017-02-06T22:06:01+08:00 ] ::1 /sd/index.php/UploadFiles/2016-09/2016090919060949831.jpg
INFO: [ app_init ] --START--
INFO: Run Behavior\BuildLiteBehavior [ RunTime:0.000000s ]
INFO: [ app_init ] --END-- [ RunTime:0.001000s ]
ERR: 无法加载模块:UploadFiles

[ 2017-02-06T22:06:01+08:00 ] ::1 /sd/index.php/UploadFiles/2016-09/2016090919091476563.jpg
INFO: [ app_init ] --START--
INFO: Run Behavior\BuildLiteBehavior [ RunTime:0.000000s ]
INFO: [ app_init ] --END-- [ RunTime:0.002000s ]
ERR: 无法加载模块:UploadFiles

[ 2017-02-06T22:06:01+08:00 ] ::1 /sd/index.php/UploadFiles/2016-09/2016090919074750400.jpg
INFO: [ app_init ] --START--
INFO: Run Behavior\BuildLiteBehavior [ RunTime:0.000000s ]
INFO: [ app_init ] --END-- [ RunTime:0.002000s ]
ERR: 无法加载模块:UploadFiles

[ 2017-02-06T22:06:01+08:00 ] ::1 /sd/index.php/UploadFiles/2016-09/2016090919084421933.jpg
INFO: [ app_init ] --START--
INFO: Run Behavior\BuildLiteBehavior [ RunTime:0.000000s ]
INFO: [ app_init ] --END-- [ RunTime:0.000000s ]
ERR: 无法加载模块:UploadFiles

[ 2017-02-06T22:06:01+08:00 ] ::1 /sd/index.php/UploadFiles/2016-09/2016090919081756126.jpg
INFO: [ app_init ] --START--
INFO: Run Behavior\BuildLiteBehavior [ RunTime:0.000000s ]
INFO: [ app_init ] --END-- [ RunTime:0.001000s ]
ERR: 无法加载模块:UploadFiles

[ 2017-02-06T22:06:01+08:00 ] ::1 /sd/index.php/UploadFiles/2016-09/2016090919094566751.jpg
INFO: [ app_init ] --START--
INFO: Run Behavior\BuildLiteBehavior [ RunTime:0.000000s ]
INFO: [ app_init ] --END-- [ RunTime:0.001000s ]
ERR: 无法加载模块:UploadFiles

[ 2017-02-06T22:06:01+08:00 ] ::1 /sd/index.php/UploadFiles/2016-09/2016090919002157860.jpg
INFO: [ app_init ] --START--
INFO: Run Behavior\BuildLiteBehavior [ RunTime:0.000000s ]
INFO: [ app_init ] --END-- [ RunTime:0.001000s ]
ERR: 无法加载模块:UploadFiles

[ 2017-02-06T22:06:01+08:00 ] ::1 /sd/index.php/UploadFiles/2016-09/2016090919025241893.jpg
INFO: [ app_init ] --START--
INFO: Run Behavior\BuildLiteBehavior [ RunTime:0.001000s ]
INFO: [ app_init ] --END-- [ RunTime:0.001000s ]
ERR: 无法加载模块:UploadFiles

[ 2017-02-06T22:06:01+08:00 ] ::1 /sd/index.php/UploadFiles/2016-09/2016090919031940251.jpg
INFO: [ app_init ] --START--
INFO: Run Behavior\BuildLiteBehavior [ RunTime:0.000000s ]
INFO: [ app_init ] --END-- [ RunTime:0.001000s ]
ERR: 无法加载模块:UploadFiles

[ 2017-02-06T22:06:01+08:00 ] ::1 /sd/index.php/UploadFiles/2016-09/2016090919015321317.jpg
INFO: [ app_init ] --START--
INFO: Run Behavior\BuildLiteBehavior [ RunTime:0.000000s ]
INFO: [ app_init ] --END-- [ RunTime:0.001000s ]
ERR: 无法加载模块:UploadFiles

[ 2017-02-06T22:06:01+08:00 ] ::1 /sd/index.php/UploadFiles/2016-09/2016090919022122014.jpg
INFO: [ app_init ] --START--
INFO: Run Behavior\BuildLiteBehavior [ RunTime:0.000000s ]
INFO: [ app_init ] --END-- [ RunTime:0.002000s ]
ERR: 无法加载模块:UploadFiles

[ 2017-02-06T22:06:01+08:00 ] ::1 /sd/index.php/UploadFiles/2016-09/2016090919060949831.jpg
INFO: [ app_init ] --START--
INFO: Run Behavior\BuildLiteBehavior [ RunTime:0.000000s ]
INFO: [ app_init ] --END-- [ RunTime:0.000000s ]
ERR: 无法加载模块:UploadFiles

[ 2017-02-06T22:06:01+08:00 ] ::1 /sd/index.php/UploadFiles/2016-09/2016090919050389024.jpg
INFO: [ app_init ] --START--
INFO: Run Behavior\BuildLiteBehavior [ RunTime:0.000000s ]
INFO: [ app_init ] --END-- [ RunTime:0.001000s ]
ERR: 无法加载模块:UploadFiles

[ 2017-02-06T22:06:01+08:00 ] ::1 /sd/index.php/UploadFiles/2016-09/2016090919062840419.jpg
INFO: [ app_init ] --START--
INFO: Run Behavior\BuildLiteBehavior [ RunTime:0.000000s ]
INFO: [ app_init ] --END-- [ RunTime:0.001000s ]
ERR: 无法加载模块:UploadFiles

[ 2017-02-06T22:06:01+08:00 ] ::1 /sd/index.php/UploadFiles/2016-09/2016090919054586362.jpg
INFO: [ app_init ] --START--
INFO: Run Behavior\BuildLiteBehavior [ RunTime:0.000000s ]
INFO: [ app_init ] --END-- [ RunTime:0.001000s ]
ERR: 无法加载模块:UploadFiles

[ 2017-02-06T22:06:01+08:00 ] ::1 /sd/index.php/UploadFiles/2016-09/2016090919034629837.jpg
INFO: [ app_init ] --START--
INFO: Run Behavior\BuildLiteBehavior [ RunTime:0.000000s ]
INFO: [ app_init ] --END-- [ RunTime:0.002000s ]
ERR: 无法加载模块:UploadFiles

[ 2017-02-06T22:06:01+08:00 ] ::1 /sd/index.php/UploadFiles/2016-09/2016090818443477055.png
INFO: [ app_init ] --START--
INFO: Run Behavior\BuildLiteBehavior [ RunTime:0.000000s ]
INFO: [ app_init ] --END-- [ RunTime:0.001000s ]
ERR: 无法加载模块:UploadFiles

[ 2017-02-06T22:06:01+08:00 ] ::1 /sd/index.php/UploadFiles/2016-09/2016090919074750400.jpg
INFO: [ app_init ] --START--
INFO: Run Behavior\BuildLiteBehavior [ RunTime:0.000000s ]
INFO: [ app_init ] --END-- [ RunTime:0.001000s ]
ERR: 无法加载模块:UploadFiles

[ 2017-02-06T22:06:01+08:00 ] ::1 /sd/index.php/UploadFiles/2016-09/2016090919081756126.jpg
INFO: [ app_init ] --START--
INFO: Run Behavior\BuildLiteBehavior [ RunTime:0.000000s ]
INFO: [ app_init ] --END-- [ RunTime:0.001000s ]
ERR: 无法加载模块:UploadFiles

[ 2017-02-06T22:06:01+08:00 ] ::1 /sd/index.php/UploadFiles/2016-09/2016090919091476563.jpg
INFO: [ app_init ] --START--
INFO: Run Behavior\BuildLiteBehavior [ RunTime:0.000000s ]
INFO: [ app_init ] --END-- [ RunTime:0.001000s ]
ERR: 无法加载模块:UploadFiles

[ 2017-02-06T22:06:01+08:00 ] ::1 /sd/index.php/UploadFiles/2016-09/2016090919094566751.jpg
INFO: [ app_init ] --START--
INFO: Run Behavior\BuildLiteBehavior [ RunTime:0.000000s ]
INFO: [ app_init ] --END-- [ RunTime:0.000000s ]
ERR: 无法加载模块:UploadFiles

[ 2017-02-06T22:06:38+08:00 ] ::1 /sd/index.php/UploadFiles/2016-09/2016090919002157860.jpg
INFO: [ app_init ] --START--
INFO: Run Behavior\BuildLiteBehavior [ RunTime:0.000000s ]
INFO: [ app_init ] --END-- [ RunTime:0.000000s ]
ERR: 无法加载模块:UploadFiles

[ 2017-02-06T22:06:38+08:00 ] ::1 /sd/index.php/UploadFiles/2016-09/2016090919015321317.jpg
INFO: [ app_init ] --START--
INFO: Run Behavior\BuildLiteBehavior [ RunTime:0.001000s ]
INFO: [ app_init ] --END-- [ RunTime:0.001000s ]
ERR: 无法加载模块:UploadFiles

[ 2017-02-06T22:06:38+08:00 ] ::1 /sd/index.php/UploadFiles/2016-09/2016090919022122014.jpg
INFO: [ app_init ] --START--
INFO: Run Behavior\BuildLiteBehavior [ RunTime:0.000000s ]
INFO: [ app_init ] --END-- [ RunTime:0.001000s ]
ERR: 无法加载模块:UploadFiles

[ 2017-02-06T22:06:38+08:00 ] ::1 /sd/index.php/UploadFiles/2016-09/2016090919034629837.jpg
INFO: [ app_init ] --START--
INFO: Run Behavior\BuildLiteBehavior [ RunTime:0.000000s ]
INFO: [ app_init ] --END-- [ RunTime:0.001000s ]
ERR: 无法加载模块:UploadFiles

[ 2017-02-06T22:06:38+08:00 ] ::1 /sd/index.php/UploadFiles/2016-09/2016090919050389024.jpg
INFO: [ app_init ] --START--
INFO: Run Behavior\BuildLiteBehavior [ RunTime:0.001000s ]
INFO: [ app_init ] --END-- [ RunTime:0.001000s ]
ERR: 无法加载模块:UploadFiles

[ 2017-02-06T22:06:38+08:00 ] ::1 /sd/index.php/UploadFiles/2016-09/2016090919025241893.jpg
INFO: [ app_init ] --START--
INFO: Run Behavior\BuildLiteBehavior [ RunTime:0.000000s ]
INFO: [ app_init ] --END-- [ RunTime:0.001000s ]
ERR: 无法加载模块:UploadFiles

[ 2017-02-06T22:06:38+08:00 ] ::1 /sd/index.php/UploadFiles/2016-09/2016090919031940251.jpg
INFO: [ app_init ] --START--
INFO: Run Behavior\BuildLiteBehavior [ RunTime:0.000000s ]
INFO: [ app_init ] --END-- [ RunTime:0.000000s ]
ERR: 无法加载模块:UploadFiles

[ 2017-02-06T22:06:38+08:00 ] ::1 /sd/index.php/UploadFiles/2016-09/2016090919062840419.jpg
INFO: [ app_init ] --START--
INFO: Run Behavior\BuildLiteBehavior [ RunTime:0.001000s ]
INFO: [ app_init ] --END-- [ RunTime:0.001000s ]
ERR: 无法加载模块:UploadFiles

[ 2017-02-06T22:06:38+08:00 ] ::1 /sd/index.php/UploadFiles/2016-09/2016090919060949831.jpg
INFO: [ app_init ] --START--
INFO: Run Behavior\BuildLiteBehavior [ RunTime:0.000000s ]
INFO: [ app_init ] --END-- [ RunTime:0.000000s ]
ERR: 无法加载模块:UploadFiles

[ 2017-02-06T22:06:38+08:00 ] ::1 /sd/index.php/UploadFiles/2016-09/2016090919054586362.jpg
INFO: [ app_init ] --START--
INFO: Run Behavior\BuildLiteBehavior [ RunTime:0.000000s ]
INFO: [ app_init ] --END-- [ RunTime:0.003000s ]
ERR: 无法加载模块:UploadFiles

[ 2017-02-06T22:06:38+08:00 ] ::1 /sd/index.php/UploadFiles/2016-09/2016090919074750400.jpg
INFO: [ app_init ] --START--
INFO: Run Behavior\BuildLiteBehavior [ RunTime:0.000000s ]
INFO: [ app_init ] --END-- [ RunTime:0.001000s ]
ERR: 无法加载模块:UploadFiles

[ 2017-02-06T22:06:38+08:00 ] ::1 /sd/index.php/UploadFiles/2016-09/2016090818443477055.png
INFO: [ app_init ] --START--
INFO: Run Behavior\BuildLiteBehavior [ RunTime:0.001000s ]
INFO: [ app_init ] --END-- [ RunTime:0.004000s ]
ERR: 无法加载模块:UploadFiles

[ 2017-02-06T22:06:38+08:00 ] ::1 /sd/index.php/UploadFiles/2016-09/2016090919081756126.jpg
INFO: [ app_init ] --START--
INFO: Run Behavior\BuildLiteBehavior [ RunTime:0.000000s ]
INFO: [ app_init ] --END-- [ RunTime:0.000000s ]
ERR: 无法加载模块:UploadFiles

[ 2017-02-06T22:06:38+08:00 ] ::1 /sd/index.php/UploadFiles/2016-09/2016090919094566751.jpg
INFO: [ app_init ] --START--
INFO: Run Behavior\BuildLiteBehavior [ RunTime:0.000000s ]
INFO: [ app_init ] --END-- [ RunTime:0.003000s ]
ERR: 无法加载模块:UploadFiles

[ 2017-02-06T22:06:38+08:00 ] ::1 /sd/index.php/UploadFiles/2016-09/2016090919091476563.jpg
INFO: [ app_init ] --START--
INFO: Run Behavior\BuildLiteBehavior [ RunTime:0.000000s ]
INFO: [ app_init ] --END-- [ RunTime:0.001000s ]
ERR: 无法加载模块:UploadFiles

[ 2017-02-06T22:06:38+08:00 ] ::1 /sd/index.php/UploadFiles/2016-09/2016090919084421933.jpg
INFO: [ app_init ] --START--
INFO: Run Behavior\BuildLiteBehavior [ RunTime:0.000000s ]
INFO: [ app_init ] --END-- [ RunTime:0.002000s ]
ERR: 无法加载模块:UploadFiles

[ 2017-02-06T22:06:38+08:00 ] ::1 /sd/index.php/UploadFiles/2016-09/2016090919002157860.jpg
INFO: [ app_init ] --START--
INFO: Run Behavior\BuildLiteBehavior [ RunTime:0.000000s ]
INFO: [ app_init ] --END-- [ RunTime:0.000000s ]
ERR: 无法加载模块:UploadFiles

[ 2017-02-06T22:06:38+08:00 ] ::1 /sd/index.php/UploadFiles/2016-09/2016090919015321317.jpg
INFO: [ app_init ] --START--
INFO: Run Behavior\BuildLiteBehavior [ RunTime:0.000000s ]
INFO: [ app_init ] --END-- [ RunTime:0.000000s ]
ERR: 无法加载模块:UploadFiles

[ 2017-02-06T22:06:38+08:00 ] ::1 /sd/index.php/UploadFiles/2016-09/2016090919022122014.jpg
INFO: [ app_init ] --START--
INFO: Run Behavior\BuildLiteBehavior [ RunTime:0.000000s ]
INFO: [ app_init ] --END-- [ RunTime:0.001000s ]
ERR: 无法加载模块:UploadFiles

[ 2017-02-06T22:06:38+08:00 ] ::1 /sd/index.php/UploadFiles/2016-09/2016090919025241893.jpg
INFO: [ app_init ] --START--
INFO: Run Behavior\BuildLiteBehavior [ RunTime:0.000000s ]
INFO: [ app_init ] --END-- [ RunTime:0.000000s ]
ERR: 无法加载模块:UploadFiles

[ 2017-02-06T22:06:38+08:00 ] ::1 /sd/index.php/UploadFiles/2016-09/2016090919050389024.jpg
INFO: [ app_init ] --START--
INFO: Run Behavior\BuildLiteBehavior [ RunTime:0.000000s ]
INFO: [ app_init ] --END-- [ RunTime:0.001000s ]
ERR: 无法加载模块:UploadFiles

[ 2017-02-06T22:06:38+08:00 ] ::1 /sd/index.php/UploadFiles/2016-09/2016090919031940251.jpg
INFO: [ app_init ] --START--
INFO: Run Behavior\BuildLiteBehavior [ RunTime:0.000000s ]
INFO: [ app_init ] --END-- [ RunTime:0.001000s ]
ERR: 无法加载模块:UploadFiles

[ 2017-02-06T22:06:38+08:00 ] ::1 /sd/index.php/UploadFiles/2016-09/2016090919054586362.jpg
INFO: [ app_init ] --START--
INFO: Run Behavior\BuildLiteBehavior [ RunTime:0.000000s ]
INFO: [ app_init ] --END-- [ RunTime:0.001000s ]
ERR: 无法加载模块:UploadFiles

[ 2017-02-06T22:06:38+08:00 ] ::1 /sd/index.php/UploadFiles/2016-09/2016090919034629837.jpg
INFO: [ app_init ] --START--
INFO: Run Behavior\BuildLiteBehavior [ RunTime:0.000000s ]
INFO: [ app_init ] --END-- [ RunTime:0.002000s ]
ERR: 无法加载模块:UploadFiles

[ 2017-02-06T22:06:38+08:00 ] ::1 /sd/index.php/UploadFiles/2016-09/2016090919074750400.jpg
INFO: [ app_init ] --START--
INFO: Run Behavior\BuildLiteBehavior [ RunTime:0.000000s ]
INFO: [ app_init ] --END-- [ RunTime:0.001000s ]
ERR: 无法加载模块:UploadFiles

[ 2017-02-06T22:06:38+08:00 ] ::1 /sd/index.php/UploadFiles/2016-09/2016090919084421933.jpg
INFO: [ app_init ] --START--
INFO: Run Behavior\BuildLiteBehavior [ RunTime:0.000000s ]
INFO: [ app_init ] --END-- [ RunTime:0.001000s ]
ERR: 无法加载模块:UploadFiles

[ 2017-02-06T22:06:38+08:00 ] ::1 /sd/index.php/UploadFiles/2016-09/2016090919081756126.jpg
INFO: [ app_init ] --START--
INFO: Run Behavior\BuildLiteBehavior [ RunTime:0.000000s ]
INFO: [ app_init ] --END-- [ RunTime:0.001000s ]
ERR: 无法加载模块:UploadFiles

[ 2017-02-06T22:06:38+08:00 ] ::1 /sd/index.php/UploadFiles/2016-09/2016090919062840419.jpg
INFO: [ app_init ] --START--
INFO: Run Behavior\BuildLiteBehavior [ RunTime:0.000000s ]
INFO: [ app_init ] --END-- [ RunTime:0.001000s ]
ERR: 无法加载模块:UploadFiles

[ 2017-02-06T22:06:38+08:00 ] ::1 /sd/index.php/UploadFiles/2016-09/2016090818443477055.png
INFO: [ app_init ] --START--
INFO: Run Behavior\BuildLiteBehavior [ RunTime:0.000000s ]
INFO: [ app_init ] --END-- [ RunTime:0.000000s ]
ERR: 无法加载模块:UploadFiles

[ 2017-02-06T22:06:38+08:00 ] ::1 /sd/index.php/UploadFiles/2016-09/2016090919060949831.jpg
INFO: [ app_init ] --START--
INFO: Run Behavior\BuildLiteBehavior [ RunTime:0.000000s ]
INFO: [ app_init ] --END-- [ RunTime:0.006000s ]
ERR: 无法加载模块:UploadFiles

[ 2017-02-06T22:06:38+08:00 ] ::1 /sd/index.php/UploadFiles/2016-09/2016090919094566751.jpg
INFO: [ app_init ] --START--
INFO: Run Behavior\BuildLiteBehavior [ RunTime:0.000000s ]
INFO: [ app_init ] --END-- [ RunTime:0.001000s ]
ERR: 无法加载模块:UploadFiles

[ 2017-02-06T22:06:38+08:00 ] ::1 /sd/index.php/UploadFiles/2016-09/2016090919091476563.jpg
INFO: [ app_init ] --START--
INFO: Run Behavior\BuildLiteBehavior [ RunTime:0.000000s ]
INFO: [ app_init ] --END-- [ RunTime:0.000000s ]
ERR: 无法加载模块:UploadFiles

[ 2017-02-06T22:06:38+08:00 ] ::1 /sd/index.php/UploadFiles/2016-09/2016090919031940251.jpg
INFO: [ app_init ] --START--
INFO: Run Behavior\BuildLiteBehavior [ RunTime:0.001000s ]
INFO: [ app_init ] --END-- [ RunTime:0.001000s ]
ERR: 无法加载模块:UploadFiles

[ 2017-02-06T22:06:38+08:00 ] ::1 /sd/index.php/UploadFiles/2016-09/2016090919015321317.jpg
INFO: [ app_init ] --START--
INFO: Run Behavior\BuildLiteBehavior [ RunTime:0.000000s ]
INFO: [ app_init ] --END-- [ RunTime:0.000000s ]
ERR: 无法加载模块:UploadFiles

[ 2017-02-06T22:06:38+08:00 ] ::1 /sd/index.php/UploadFiles/2016-09/2016090919022122014.jpg
INFO: [ app_init ] --START--
INFO: Run Behavior\BuildLiteBehavior [ RunTime:0.000000s ]
INFO: [ app_init ] --END-- [ RunTime:0.003000s ]
ERR: 无法加载模块:UploadFiles

[ 2017-02-06T22:06:38+08:00 ] ::1 /sd/index.php/UploadFiles/2016-09/2016090919025241893.jpg
INFO: [ app_init ] --START--
INFO: Run Behavior\BuildLiteBehavior [ RunTime:0.000000s ]
INFO: [ app_init ] --END-- [ RunTime:0.002000s ]
ERR: 无法加载模块:UploadFiles

[ 2017-02-06T22:06:38+08:00 ] ::1 /sd/index.php/UploadFiles/2016-09/2016090919002157860.jpg
INFO: [ app_init ] --START--
INFO: Run Behavior\BuildLiteBehavior [ RunTime:0.000000s ]
INFO: [ app_init ] --END-- [ RunTime:0.001000s ]
ERR: 无法加载模块:UploadFiles

[ 2017-02-06T22:06:39+08:00 ] ::1 /sd/index.php/UploadFiles/2016-09/2016090919034629837.jpg
INFO: [ app_init ] --START--
INFO: Run Behavior\BuildLiteBehavior [ RunTime:0.001000s ]
INFO: [ app_init ] --END-- [ RunTime:0.006000s ]
ERR: 无法加载模块:UploadFiles

[ 2017-02-06T22:06:39+08:00 ] ::1 /sd/index.php/UploadFiles/2016-09/2016090919062840419.jpg
INFO: [ app_init ] --START--
INFO: Run Behavior\BuildLiteBehavior [ RunTime:0.000000s ]
INFO: [ app_init ] --END-- [ RunTime:0.002000s ]
ERR: 无法加载模块:UploadFiles

[ 2017-02-06T22:06:39+08:00 ] ::1 /sd/index.php/UploadFiles/2016-09/2016090818443477055.png
INFO: [ app_init ] --START--
INFO: Run Behavior\BuildLiteBehavior [ RunTime:0.000000s ]
INFO: [ app_init ] --END-- [ RunTime:0.001000s ]
ERR: 无法加载模块:UploadFiles

[ 2017-02-06T22:06:39+08:00 ] ::1 /sd/index.php/UploadFiles/2016-09/2016090919060949831.jpg
INFO: [ app_init ] --START--
INFO: Run Behavior\BuildLiteBehavior [ RunTime:0.000000s ]
INFO: [ app_init ] --END-- [ RunTime:0.002000s ]
ERR: 无法加载模块:UploadFiles

[ 2017-02-06T22:06:39+08:00 ] ::1 /sd/index.php/UploadFiles/2016-09/2016090919050389024.jpg
INFO: [ app_init ] --START--
INFO: Run Behavior\BuildLiteBehavior [ RunTime:0.000000s ]
INFO: [ app_init ] --END-- [ RunTime:0.000000s ]
ERR: 无法加载模块:UploadFiles

[ 2017-02-06T22:06:39+08:00 ] ::1 /sd/index.php/UploadFiles/2016-09/2016090919054586362.jpg
INFO: [ app_init ] --START--
INFO: Run Behavior\BuildLiteBehavior [ RunTime:0.001000s ]
INFO: [ app_init ] --END-- [ RunTime:0.002000s ]
ERR: 无法加载模块:UploadFiles

[ 2017-02-06T22:06:39+08:00 ] ::1 /sd/index.php/UploadFiles/2016-09/2016090919084421933.jpg
INFO: [ app_init ] --START--
INFO: Run Behavior\BuildLiteBehavior [ RunTime:0.000000s ]
INFO: [ app_init ] --END-- [ RunTime:0.001000s ]
ERR: 无法加载模块:UploadFiles

[ 2017-02-06T22:06:39+08:00 ] ::1 /sd/index.php/UploadFiles/2016-09/2016090919094566751.jpg
INFO: [ app_init ] --START--
INFO: Run Behavior\BuildLiteBehavior [ RunTime:0.000000s ]
INFO: [ app_init ] --END-- [ RunTime:0.001000s ]
ERR: 无法加载模块:UploadFiles

[ 2017-02-06T22:06:39+08:00 ] ::1 /sd/index.php/UploadFiles/2016-09/2016090919081756126.jpg
INFO: [ app_init ] --START--
INFO: Run Behavior\BuildLiteBehavior [ RunTime:0.000000s ]
INFO: [ app_init ] --END-- [ RunTime:0.009000s ]
ERR: 无法加载模块:UploadFiles

[ 2017-02-06T22:06:39+08:00 ] ::1 /sd/index.php/UploadFiles/2016-09/2016090919091476563.jpg
INFO: [ app_init ] --START--
INFO: Run Behavior\BuildLiteBehavior [ RunTime:0.006000s ]
INFO: [ app_init ] --END-- [ RunTime:0.007000s ]
ERR: 无法加载模块:UploadFiles

[ 2017-02-06T22:06:39+08:00 ] ::1 /sd/index.php/UploadFiles/2016-09/2016090919074750400.jpg
INFO: [ app_init ] --START--
INFO: Run Behavior\BuildLiteBehavior [ RunTime:0.000000s ]
INFO: [ app_init ] --END-- [ RunTime:0.003000s ]
ERR: 无法加载模块:UploadFiles

[ 2017-02-06T22:06:46+08:00 ] ::1 /sd/index.php/UploadFiles/2016-09/2016090919002157860.jpg
INFO: [ app_init ] --START--
INFO: Run Behavior\BuildLiteBehavior [ RunTime:0.000000s ]
INFO: [ app_init ] --END-- [ RunTime:0.001000s ]
ERR: 无法加载模块:UploadFiles

[ 2017-02-06T22:06:46+08:00 ] ::1 /sd/index.php/UploadFiles/2016-09/2016090919025241893.jpg
INFO: [ app_init ] --START--
INFO: Run Behavior\BuildLiteBehavior [ RunTime:0.000000s ]
INFO: [ app_init ] --END-- [ RunTime:0.000000s ]
ERR: 无法加载模块:UploadFiles

[ 2017-02-06T22:06:46+08:00 ] ::1 /sd/index.php/UploadFiles/2016-09/2016090919034629837.jpg
INFO: [ app_init ] --START--
INFO: Run Behavior\BuildLiteBehavior [ RunTime:0.000000s ]
INFO: [ app_init ] --END-- [ RunTime:0.000000s ]
ERR: 无法加载模块:UploadFiles

[ 2017-02-06T22:06:46+08:00 ] ::1 /sd/index.php/UploadFiles/2016-09/2016090919031940251.jpg
INFO: [ app_init ] --START--
INFO: Run Behavior\BuildLiteBehavior [ RunTime:0.000000s ]
INFO: [ app_init ] --END-- [ RunTime:0.002000s ]
ERR: 无法加载模块:UploadFiles

[ 2017-02-06T22:06:46+08:00 ] ::1 /sd/index.php/UploadFiles/2016-09/2016090919022122014.jpg
INFO: [ app_init ] --START--
INFO: Run Behavior\BuildLiteBehavior [ RunTime:0.000000s ]
INFO: [ app_init ] --END-- [ RunTime:0.006000s ]
ERR: 无法加载模块:UploadFiles

[ 2017-02-06T22:06:46+08:00 ] ::1 /sd/index.php/UploadFiles/2016-09/2016090919054586362.jpg
INFO: [ app_init ] --START--
INFO: Run Behavior\BuildLiteBehavior [ RunTime:0.000000s ]
INFO: [ app_init ] --END-- [ RunTime:0.001000s ]
ERR: 无法加载模块:UploadFiles

[ 2017-02-06T22:06:46+08:00 ] ::1 /sd/index.php/UploadFiles/2016-09/2016090919050389024.jpg
INFO: [ app_init ] --START--
INFO: Run Behavior\BuildLiteBehavior [ RunTime:0.000000s ]
INFO: [ app_init ] --END-- [ RunTime:0.000000s ]
ERR: 无法加载模块:UploadFiles

[ 2017-02-06T22:06:46+08:00 ] ::1 /sd/index.php/UploadFiles/2016-09/2016090919060949831.jpg
INFO: [ app_init ] --START--
INFO: Run Behavior\BuildLiteBehavior [ RunTime:0.000000s ]
INFO: [ app_init ] --END-- [ RunTime:0.001000s ]
ERR: 无法加载模块:UploadFiles

[ 2017-02-06T22:06:47+08:00 ] ::1 /sd/index.php/UploadFiles/2016-09/2016090919015321317.jpg
INFO: [ app_init ] --START--
INFO: Run Behavior\BuildLiteBehavior [ RunTime:0.000000s ]
INFO: [ app_init ] --END-- [ RunTime:0.002000s ]
ERR: 无法加载模块:UploadFiles

[ 2017-02-06T22:06:47+08:00 ] ::1 /sd/index.php/UploadFiles/2016-09/2016090919062840419.jpg
INFO: [ app_init ] --START--
INFO: Run Behavior\BuildLiteBehavior [ RunTime:0.000000s ]
INFO: [ app_init ] --END-- [ RunTime:0.000000s ]
ERR: 无法加载模块:UploadFiles

[ 2017-02-06T22:06:47+08:00 ] ::1 /sd/index.php/UploadFiles/2016-09/2016090818443477055.png
INFO: [ app_init ] --START--
INFO: Run Behavior\BuildLiteBehavior [ RunTime:0.001000s ]
INFO: [ app_init ] --END-- [ RunTime:0.001000s ]
ERR: 无法加载模块:UploadFiles

[ 2017-02-06T22:06:47+08:00 ] ::1 /sd/index.php/UploadFiles/2016-09/2016090919084421933.jpg
INFO: [ app_init ] --START--
INFO: Run Behavior\BuildLiteBehavior [ RunTime:0.000000s ]
INFO: [ app_init ] --END-- [ RunTime:0.001000s ]
ERR: 无法加载模块:UploadFiles

[ 2017-02-06T22:06:47+08:00 ] ::1 /sd/index.php/UploadFiles/2016-09/2016090919074750400.jpg
INFO: [ app_init ] --START--
INFO: Run Behavior\BuildLiteBehavior [ RunTime:0.000000s ]
INFO: [ app_init ] --END-- [ RunTime:0.001000s ]
ERR: 无法加载模块:UploadFiles

[ 2017-02-06T22:06:47+08:00 ] ::1 /sd/index.php/UploadFiles/2016-09/2016090919081756126.jpg
INFO: [ app_init ] --START--
INFO: Run Behavior\BuildLiteBehavior [ RunTime:0.000000s ]
INFO: [ app_init ] --END-- [ RunTime:0.003000s ]
ERR: 无法加载模块:UploadFiles

[ 2017-02-06T22:06:47+08:00 ] ::1 /sd/index.php/UploadFiles/2016-09/2016090919091476563.jpg
INFO: [ app_init ] --START--
INFO: Run Behavior\BuildLiteBehavior [ RunTime:0.000000s ]
INFO: [ app_init ] --END-- [ RunTime:0.001000s ]
ERR: 无法加载模块:UploadFiles

[ 2017-02-06T22:06:47+08:00 ] ::1 /sd/index.php/UploadFiles/2016-09/2016090919094566751.jpg
INFO: [ app_init ] --START--
INFO: Run Behavior\BuildLiteBehavior [ RunTime:0.000000s ]
INFO: [ app_init ] --END-- [ RunTime:0.001000s ]
ERR: 无法加载模块:UploadFiles

[ 2017-02-06T22:06:47+08:00 ] ::1 /sd/index.php/UploadFiles/2016-09/2016090919022122014.jpg
INFO: [ app_init ] --START--
INFO: Run Behavior\BuildLiteBehavior [ RunTime:0.000000s ]
INFO: [ app_init ] --END-- [ RunTime:0.001000s ]
ERR: 无法加载模块:UploadFiles

[ 2017-02-06T22:06:47+08:00 ] ::1 /sd/index.php/UploadFiles/2016-09/2016090919015321317.jpg
INFO: [ app_init ] --START--
INFO: Run Behavior\BuildLiteBehavior [ RunTime:0.000000s ]
INFO: [ app_init ] --END-- [ RunTime:0.000000s ]
ERR: 无法加载模块:UploadFiles

[ 2017-02-06T22:06:47+08:00 ] ::1 /sd/index.php/UploadFiles/2016-09/2016090919034629837.jpg
INFO: [ app_init ] --START--
INFO: Run Behavior\BuildLiteBehavior [ RunTime:0.000000s ]
INFO: [ app_init ] --END-- [ RunTime:0.001000s ]
ERR: 无法加载模块:UploadFiles

[ 2017-02-06T22:06:47+08:00 ] ::1 /sd/index.php/UploadFiles/2016-09/2016090919031940251.jpg
INFO: [ app_init ] --START--
INFO: Run Behavior\BuildLiteBehavior [ RunTime:0.000000s ]
INFO: [ app_init ] --END-- [ RunTime:0.001000s ]
ERR: 无法加载模块:UploadFiles

[ 2017-02-06T22:06:47+08:00 ] ::1 /sd/index.php/UploadFiles/2016-09/2016090919025241893.jpg
INFO: [ app_init ] --START--
INFO: Run Behavior\BuildLiteBehavior [ RunTime:0.000000s ]
INFO: [ app_init ] --END-- [ RunTime:0.002000s ]
ERR: 无法加载模块:UploadFiles

[ 2017-02-06T22:06:47+08:00 ] ::1 /sd/index.php/UploadFiles/2016-09/2016090919002157860.jpg
INFO: [ app_init ] --START--
INFO: Run Behavior\BuildLiteBehavior [ RunTime:0.000000s ]
INFO: [ app_init ] --END-- [ RunTime:0.000000s ]
ERR: 无法加载模块:UploadFiles

[ 2017-02-06T22:06:47+08:00 ] ::1 /sd/index.php/UploadFiles/2016-09/2016090919054586362.jpg
INFO: [ app_init ] --START--
INFO: Run Behavior\BuildLiteBehavior [ RunTime:0.000000s ]
INFO: [ app_init ] --END-- [ RunTime:0.002000s ]
ERR: 无法加载模块:UploadFiles

[ 2017-02-06T22:06:47+08:00 ] ::1 /sd/index.php/UploadFiles/2016-09/2016090818443477055.png
INFO: [ app_init ] --START--
INFO: Run Behavior\BuildLiteBehavior [ RunTime:0.000000s ]
INFO: [ app_init ] --END-- [ RunTime:0.003000s ]
ERR: 无法加载模块:UploadFiles

[ 2017-02-06T22:06:47+08:00 ] ::1 /sd/index.php/UploadFiles/2016-09/2016090919050389024.jpg
INFO: [ app_init ] --START--
INFO: Run Behavior\BuildLiteBehavior [ RunTime:0.000000s ]
INFO: [ app_init ] --END-- [ RunTime:0.000000s ]
ERR: 无法加载模块:UploadFiles

[ 2017-02-06T22:06:47+08:00 ] ::1 /sd/index.php/UploadFiles/2016-09/2016090919060949831.jpg
INFO: [ app_init ] --START--
INFO: Run Behavior\BuildLiteBehavior [ RunTime:0.000000s ]
INFO: [ app_init ] --END-- [ RunTime:0.001000s ]
ERR: 无法加载模块:UploadFiles

[ 2017-02-06T22:06:47+08:00 ] ::1 /sd/index.php/UploadFiles/2016-09/2016090919062840419.jpg
INFO: [ app_init ] --START--
INFO: Run Behavior\BuildLiteBehavior [ RunTime:0.000000s ]
INFO: [ app_init ] --END-- [ RunTime:0.007000s ]
ERR: 无法加载模块:UploadFiles

[ 2017-02-06T22:06:47+08:00 ] ::1 /sd/index.php/UploadFiles/2016-09/2016090919074750400.jpg
INFO: [ app_init ] --START--
INFO: Run Behavior\BuildLiteBehavior [ RunTime:0.000000s ]
INFO: [ app_init ] --END-- [ RunTime:0.001000s ]
ERR: 无法加载模块:UploadFiles

[ 2017-02-06T22:06:47+08:00 ] ::1 /sd/index.php/UploadFiles/2016-09/2016090919081756126.jpg
INFO: [ app_init ] --START--
INFO: Run Behavior\BuildLiteBehavior [ RunTime:0.000000s ]
INFO: [ app_init ] --END-- [ RunTime:0.001000s ]
ERR: 无法加载模块:UploadFiles

[ 2017-02-06T22:06:47+08:00 ] ::1 /sd/index.php/UploadFiles/2016-09/2016090919091476563.jpg
INFO: [ app_init ] --START--
INFO: Run Behavior\BuildLiteBehavior [ RunTime:0.000000s ]
INFO: [ app_init ] --END-- [ RunTime:0.001000s ]
ERR: 无法加载模块:UploadFiles

[ 2017-02-06T22:06:47+08:00 ] ::1 /sd/index.php/UploadFiles/2016-09/2016090919094566751.jpg
INFO: [ app_init ] --START--
INFO: Run Behavior\BuildLiteBehavior [ RunTime:0.000000s ]
INFO: [ app_init ] --END-- [ RunTime:0.000000s ]
ERR: 无法加载模块:UploadFiles

[ 2017-02-06T22:06:47+08:00 ] ::1 /sd/index.php/UploadFiles/2016-09/2016090919084421933.jpg
INFO: [ app_init ] --START--
INFO: Run Behavior\BuildLiteBehavior [ RunTime:0.000000s ]
INFO: [ app_init ] --END-- [ RunTime:0.009000s ]
ERR: 无法加载模块:UploadFiles

[ 2017-02-06T22:06:57+08:00 ] ::1 /sd/index.php/UploadFiles/2016-09/2016090919002157860.jpg
INFO: [ app_init ] --START--
INFO: Run Behavior\BuildLiteBehavior [ RunTime:0.000000s ]
INFO: [ app_init ] --END-- [ RunTime:0.001000s ]
ERR: 无法加载模块:UploadFiles

[ 2017-02-06T22:06:57+08:00 ] ::1 /sd/index.php/UploadFiles/2016-09/2016090919015321317.jpg
INFO: [ app_init ] --START--
INFO: Run Behavior\BuildLiteBehavior [ RunTime:0.000000s ]
INFO: [ app_init ] --END-- [ RunTime:0.000000s ]
ERR: 无法加载模块:UploadFiles

[ 2017-02-06T22:06:57+08:00 ] ::1 /sd/index.php/UploadFiles/2016-09/2016090919025241893.jpg
INFO: [ app_init ] --START--
INFO: Run Behavior\BuildLiteBehavior [ RunTime:0.000000s ]
INFO: [ app_init ] --END-- [ RunTime:0.001000s ]
ERR: 无法加载模块:UploadFiles

[ 2017-02-06T22:06:57+08:00 ] ::1 /sd/index.php/UploadFiles/2016-09/2016090919031940251.jpg
INFO: [ app_init ] --START--
INFO: Run Behavior\BuildLiteBehavior [ RunTime:0.000000s ]
INFO: [ app_init ] --END-- [ RunTime:0.001000s ]
ERR: 无法加载模块:UploadFiles

[ 2017-02-06T22:06:57+08:00 ] ::1 /sd/index.php/UploadFiles/2016-09/2016090919022122014.jpg
INFO: [ app_init ] --START--
INFO: Run Behavior\BuildLiteBehavior [ RunTime:0.000000s ]
INFO: [ app_init ] --END-- [ RunTime:0.000000s ]
ERR: 无法加载模块:UploadFiles

[ 2017-02-06T22:06:57+08:00 ] ::1 /sd/index.php/UploadFiles/2016-09/2016090919034629837.jpg
INFO: [ app_init ] --START--
INFO: Run Behavior\BuildLiteBehavior [ RunTime:0.000000s ]
INFO: [ app_init ] --END-- [ RunTime:0.000000s ]
ERR: 无法加载模块:UploadFiles

[ 2017-02-06T22:06:57+08:00 ] ::1 /sd/index.php/UploadFiles/2016-09/2016090919060949831.jpg
INFO: [ app_init ] --START--
INFO: Run Behavior\BuildLiteBehavior [ RunTime:0.000000s ]
INFO: [ app_init ] --END-- [ RunTime:0.006000s ]
ERR: 无法加载模块:UploadFiles

[ 2017-02-06T22:06:57+08:00 ] ::1 /sd/index.php/UploadFiles/2016-09/2016090818443477055.png
INFO: [ app_init ] --START--
INFO: Run Behavior\BuildLiteBehavior [ RunTime:0.000000s ]
INFO: [ app_init ] --END-- [ RunTime:0.001000s ]
ERR: 无法加载模块:UploadFiles

[ 2017-02-06T22:06:57+08:00 ] ::1 /sd/index.php/UploadFiles/2016-09/2016090919054586362.jpg
INFO: [ app_init ] --START--
INFO: Run Behavior\BuildLiteBehavior [ RunTime:0.000000s ]
INFO: [ app_init ] --END-- [ RunTime:0.001000s ]
ERR: 无法加载模块:UploadFiles

[ 2017-02-06T22:06:57+08:00 ] ::1 /sd/index.php/UploadFiles/2016-09/2016090919074750400.jpg
INFO: [ app_init ] --START--
INFO: Run Behavior\BuildLiteBehavior [ RunTime:0.004000s ]
INFO: [ app_init ] --END-- [ RunTime:0.005000s ]
ERR: 无法加载模块:UploadFiles

[ 2017-02-06T22:06:57+08:00 ] ::1 /sd/index.php/UploadFiles/2016-09/2016090919050389024.jpg
INFO: [ app_init ] --START--
INFO: Run Behavior\BuildLiteBehavior [ RunTime:0.000000s ]
INFO: [ app_init ] --END-- [ RunTime:0.000000s ]
ERR: 无法加载模块:UploadFiles

[ 2017-02-06T22:06:57+08:00 ] ::1 /sd/index.php/UploadFiles/2016-09/2016090919062840419.jpg
INFO: [ app_init ] --START--
INFO: Run Behavior\BuildLiteBehavior [ RunTime:0.000000s ]
INFO: [ app_init ] --END-- [ RunTime:0.006000s ]
ERR: 无法加载模块:UploadFiles

[ 2017-02-06T22:06:57+08:00 ] ::1 /sd/index.php/UploadFiles/2016-09/2016090919091476563.jpg
INFO: [ app_init ] --START--
INFO: Run Behavior\BuildLiteBehavior [ RunTime:0.000000s ]
INFO: [ app_init ] --END-- [ RunTime:0.001000s ]
ERR: 无法加载模块:UploadFiles

[ 2017-02-06T22:06:57+08:00 ] ::1 /sd/index.php/UploadFiles/2016-09/2016090919084421933.jpg
INFO: [ app_init ] --START--
INFO: Run Behavior\BuildLiteBehavior [ RunTime:0.000000s ]
INFO: [ app_init ] --END-- [ RunTime:0.001000s ]
ERR: 无法加载模块:UploadFiles

[ 2017-02-06T22:06:57+08:00 ] ::1 /sd/index.php/UploadFiles/2016-09/2016090919094566751.jpg
INFO: [ app_init ] --START--
INFO: Run Behavior\BuildLiteBehavior [ RunTime:0.000000s ]
INFO: [ app_init ] --END-- [ RunTime:0.001000s ]
ERR: 无法加载模块:UploadFiles

[ 2017-02-06T22:06:57+08:00 ] ::1 /sd/index.php/UploadFiles/2016-09/2016090919081756126.jpg
INFO: [ app_init ] --START--
INFO: Run Behavior\BuildLiteBehavior [ RunTime:0.000000s ]
INFO: [ app_init ] --END-- [ RunTime:0.001000s ]
ERR: 无法加载模块:UploadFiles

[ 2017-02-06T22:06:57+08:00 ] ::1 /sd/index.php/UploadFiles/2016-09/2016090919025241893.jpg
INFO: [ app_init ] --START--
INFO: Run Behavior\BuildLiteBehavior [ RunTime:0.000000s ]
INFO: [ app_init ] --END-- [ RunTime:0.003000s ]
ERR: 无法加载模块:UploadFiles

[ 2017-02-06T22:06:57+08:00 ] ::1 /sd/index.php/UploadFiles/2016-09/2016090919022122014.jpg
INFO: [ app_init ] --START--
INFO: Run Behavior\BuildLiteBehavior [ RunTime:0.000000s ]
INFO: [ app_init ] --END-- [ RunTime:0.003000s ]
ERR: 无法加载模块:UploadFiles

[ 2017-02-06T22:06:57+08:00 ] ::1 /sd/index.php/UploadFiles/2016-09/2016090919015321317.jpg
INFO: [ app_init ] --START--
INFO: Run Behavior\BuildLiteBehavior [ RunTime:0.000000s ]
INFO: [ app_init ] --END-- [ RunTime:0.000000s ]
ERR: 无法加载模块:UploadFiles

[ 2017-02-06T22:06:57+08:00 ] ::1 /sd/index.php/UploadFiles/2016-09/2016090919002157860.jpg
INFO: [ app_init ] --START--
INFO: Run Behavior\BuildLiteBehavior [ RunTime:0.000000s ]
INFO: [ app_init ] --END-- [ RunTime:0.002000s ]
ERR: 无法加载模块:UploadFiles

[ 2017-02-06T22:06:57+08:00 ] ::1 /sd/index.php/UploadFiles/2016-09/2016090919034629837.jpg
INFO: [ app_init ] --START--
INFO: Run Behavior\BuildLiteBehavior [ RunTime:0.000000s ]
INFO: [ app_init ] --END-- [ RunTime:0.000000s ]
ERR: 无法加载模块:UploadFiles

[ 2017-02-06T22:06:57+08:00 ] ::1 /sd/index.php/UploadFiles/2016-09/2016090919031940251.jpg
INFO: [ app_init ] --START--
INFO: Run Behavior\BuildLiteBehavior [ RunTime:0.000000s ]
INFO: [ app_init ] --END-- [ RunTime:0.001000s ]
ERR: 无法加载模块:UploadFiles

[ 2017-02-06T22:06:57+08:00 ] ::1 /sd/index.php/UploadFiles/2016-09/2016090919050389024.jpg
INFO: [ app_init ] --START--
INFO: Run Behavior\BuildLiteBehavior [ RunTime:0.000000s ]
INFO: [ app_init ] --END-- [ RunTime:0.000000s ]
ERR: 无法加载模块:UploadFiles

[ 2017-02-06T22:06:57+08:00 ] ::1 /sd/index.php/UploadFiles/2016-09/2016090919054586362.jpg
INFO: [ app_init ] --START--
INFO: Run Behavior\BuildLiteBehavior [ RunTime:0.000000s ]
INFO: [ app_init ] --END-- [ RunTime:0.001000s ]
ERR: 无法加载模块:UploadFiles

[ 2017-02-06T22:06:57+08:00 ] ::1 /sd/index.php/UploadFiles/2016-09/2016090818443477055.png
INFO: [ app_init ] --START--
INFO: Run Behavior\BuildLiteBehavior [ RunTime:0.000000s ]
INFO: [ app_init ] --END-- [ RunTime:0.000000s ]
ERR: 无法加载模块:UploadFiles

[ 2017-02-06T22:06:57+08:00 ] ::1 /sd/index.php/UploadFiles/2016-09/2016090919060949831.jpg
INFO: [ app_init ] --START--
INFO: Run Behavior\BuildLiteBehavior [ RunTime:0.000000s ]
INFO: [ app_init ] --END-- [ RunTime:0.001000s ]
ERR: 无法加载模块:UploadFiles

[ 2017-02-06T22:06:57+08:00 ] ::1 /sd/index.php/UploadFiles/2016-09/2016090919062840419.jpg
INFO: [ app_init ] --START--
INFO: Run Behavior\BuildLiteBehavior [ RunTime:0.000000s ]
INFO: [ app_init ] --END-- [ RunTime:0.004000s ]
ERR: 无法加载模块:UploadFiles

[ 2017-02-06T22:06:57+08:00 ] ::1 /sd/index.php/UploadFiles/2016-09/2016090919074750400.jpg
INFO: [ app_init ] --START--
INFO: Run Behavior\BuildLiteBehavior [ RunTime:0.001000s ]
INFO: [ app_init ] --END-- [ RunTime:0.003000s ]
ERR: 无法加载模块:UploadFiles

[ 2017-02-06T22:06:57+08:00 ] ::1 /sd/index.php/UploadFiles/2016-09/2016090919094566751.jpg
INFO: [ app_init ] --START--
INFO: Run Behavior\BuildLiteBehavior [ RunTime:0.001000s ]
INFO: [ app_init ] --END-- [ RunTime:0.001000s ]
ERR: 无法加载模块:UploadFiles

[ 2017-02-06T22:06:57+08:00 ] ::1 /sd/index.php/UploadFiles/2016-09/2016090919081756126.jpg
INFO: [ app_init ] --START--
INFO: Run Behavior\BuildLiteBehavior [ RunTime:0.000000s ]
INFO: [ app_init ] --END-- [ RunTime:0.002000s ]
ERR: 无法加载模块:UploadFiles

[ 2017-02-06T22:06:57+08:00 ] ::1 /sd/index.php/UploadFiles/2016-09/2016090919084421933.jpg
INFO: [ app_init ] --START--
INFO: Run Behavior\BuildLiteBehavior [ RunTime:0.000000s ]
INFO: [ app_init ] --END-- [ RunTime:0.004000s ]
ERR: 无法加载模块:UploadFiles

[ 2017-02-06T22:06:57+08:00 ] ::1 /sd/index.php/UploadFiles/2016-09/2016090919091476563.jpg
INFO: [ app_init ] --START--
INFO: Run Behavior\BuildLiteBehavior [ RunTime:0.000000s ]
INFO: [ app_init ] --END-- [ RunTime:0.001000s ]
ERR: 无法加载模块:UploadFiles

[ 2017-02-06T22:07:07+08:00 ] ::1 /sd/index.php/UploadFiles/2016-09/2016090919002157860.jpg
INFO: [ app_init ] --START--
INFO: Run Behavior\BuildLiteBehavior [ RunTime:0.000000s ]
INFO: [ app_init ] --END-- [ RunTime:0.001000s ]
ERR: 无法加载模块:UploadFiles

[ 2017-02-06T22:07:07+08:00 ] ::1 /sd/index.php/UploadFiles/2016-09/2016090919015321317.jpg
INFO: [ app_init ] --START--
INFO: Run Behavior\BuildLiteBehavior [ RunTime:0.000000s ]
INFO: [ app_init ] --END-- [ RunTime:0.001000s ]
ERR: 无法加载模块:UploadFiles

[ 2017-02-06T22:07:07+08:00 ] ::1 /sd/index.php/UploadFiles/2016-09/2016090919022122014.jpg
INFO: [ app_init ] --START--
INFO: Run Behavior\BuildLiteBehavior [ RunTime:0.000000s ]
INFO: [ app_init ] --END-- [ RunTime:0.001000s ]
ERR: 无法加载模块:UploadFiles

[ 2017-02-06T22:07:07+08:00 ] ::1 /sd/index.php/UploadFiles/2016-09/2016090919031940251.jpg
INFO: [ app_init ] --START--
INFO: Run Behavior\BuildLiteBehavior [ RunTime:0.000000s ]
INFO: [ app_init ] --END-- [ RunTime:0.000000s ]
ERR: 无法加载模块:UploadFiles

[ 2017-02-06T22:07:07+08:00 ] ::1 /sd/index.php/UploadFiles/2016-09/2016090919054586362.jpg
INFO: [ app_init ] --START--
INFO: Run Behavior\BuildLiteBehavior [ RunTime:0.000000s ]
INFO: [ app_init ] --END-- [ RunTime:0.000000s ]
ERR: 无法加载模块:UploadFiles

[ 2017-02-06T22:07:07+08:00 ] ::1 /sd/index.php/UploadFiles/2016-09/2016090919050389024.jpg
INFO: [ app_init ] --START--
INFO: Run Behavior\BuildLiteBehavior [ RunTime:0.000000s ]
INFO: [ app_init ] --END-- [ RunTime:0.001000s ]
ERR: 无法加载模块:UploadFiles

[ 2017-02-06T22:07:07+08:00 ] ::1 /sd/index.php/UploadFiles/2016-09/2016090919034629837.jpg
INFO: [ app_init ] --START--
INFO: Run Behavior\BuildLiteBehavior [ RunTime:0.000000s ]
INFO: [ app_init ] --END-- [ RunTime:0.001000s ]
ERR: 无法加载模块:UploadFiles

[ 2017-02-06T22:07:07+08:00 ] ::1 /sd/index.php/UploadFiles/2016-09/2016090919025241893.jpg
INFO: [ app_init ] --START--
INFO: Run Behavior\BuildLiteBehavior [ RunTime:0.000000s ]
INFO: [ app_init ] --END-- [ RunTime:0.004000s ]
ERR: 无法加载模块:UploadFiles

[ 2017-02-06T22:07:07+08:00 ] ::1 /sd/index.php/UploadFiles/2016-09/2016090919060949831.jpg
INFO: [ app_init ] --START--
INFO: Run Behavior\BuildLiteBehavior [ RunTime:0.000000s ]
INFO: [ app_init ] --END-- [ RunTime:0.000000s ]
ERR: 无法加载模块:UploadFiles

[ 2017-02-06T22:07:07+08:00 ] ::1 /sd/index.php/UploadFiles/2016-09/2016090919074750400.jpg
INFO: [ app_init ] --START--
INFO: Run Behavior\BuildLiteBehavior [ RunTime:0.000000s ]
INFO: [ app_init ] --END-- [ RunTime:0.001000s ]
ERR: 无法加载模块:UploadFiles

[ 2017-02-06T22:07:07+08:00 ] ::1 /sd/index.php/UploadFiles/2016-09/2016090919062840419.jpg
INFO: [ app_init ] --START--
INFO: Run Behavior\BuildLiteBehavior [ RunTime:0.000000s ]
INFO: [ app_init ] --END-- [ RunTime:0.001000s ]
ERR: 无法加载模块:UploadFiles

[ 2017-02-06T22:07:07+08:00 ] ::1 /sd/index.php/UploadFiles/2016-09/2016090818443477055.png
INFO: [ app_init ] --START--
INFO: Run Behavior\BuildLiteBehavior [ RunTime:0.000000s ]
INFO: [ app_init ] --END-- [ RunTime:0.004000s ]
ERR: 无法加载模块:UploadFiles

[ 2017-02-06T22:07:07+08:00 ] ::1 /sd/index.php/UploadFiles/2016-09/2016090919084421933.jpg
INFO: [ app_init ] --START--
INFO: Run Behavior\BuildLiteBehavior [ RunTime:0.000000s ]
INFO: [ app_init ] --END-- [ RunTime:0.000000s ]
ERR: 无法加载模块:UploadFiles

[ 2017-02-06T22:07:07+08:00 ] ::1 /sd/index.php/UploadFiles/2016-09/2016090919081756126.jpg
INFO: [ app_init ] --START--
INFO: Run Behavior\BuildLiteBehavior [ RunTime:0.000000s ]
INFO: [ app_init ] --END-- [ RunTime:0.001000s ]
ERR: 无法加载模块:UploadFiles

[ 2017-02-06T22:07:07+08:00 ] ::1 /sd/index.php/UploadFiles/2016-09/2016090919091476563.jpg
INFO: [ app_init ] --START--
INFO: Run Behavior\BuildLiteBehavior [ RunTime:0.000000s ]
INFO: [ app_init ] --END-- [ RunTime:0.001000s ]
ERR: 无法加载模块:UploadFiles

[ 2017-02-06T22:07:07+08:00 ] ::1 /sd/index.php/UploadFiles/2016-09/2016090919094566751.jpg
INFO: [ app_init ] --START--
INFO: Run Behavior\BuildLiteBehavior [ RunTime:0.000000s ]
INFO: [ app_init ] --END-- [ RunTime:0.001000s ]
ERR: 无法加载模块:UploadFiles

[ 2017-02-06T22:07:07+08:00 ] ::1 /sd/index.php/UploadFiles/2016-09/2016090919015321317.jpg
INFO: [ app_init ] --START--
INFO: Run Behavior\BuildLiteBehavior [ RunTime:0.000000s ]
INFO: [ app_init ] --END-- [ RunTime:0.001000s ]
ERR: 无法加载模块:UploadFiles

[ 2017-02-06T22:07:07+08:00 ] ::1 /sd/index.php/UploadFiles/2016-09/2016090919002157860.jpg
INFO: [ app_init ] --START--
INFO: Run Behavior\BuildLiteBehavior [ RunTime:0.000000s ]
INFO: [ app_init ] --END-- [ RunTime:0.000000s ]
ERR: 无法加载模块:UploadFiles

